This file contains any messages produced by compilers while
running configure, to aid debugging if configure makes a mistake.

It was created by configure, which was
generated by GNU Autoconf 2.61.  Invocation command line was

  $ ./configure --with-boost-include-dir=/opt/local/include

## --------- ##
## Platform. ##
## --------- ##

hostname = Q9550.local
uname -m = x86_64
uname -r = 10.0.0
uname -s = Darwin
uname -v = Darwin Kernel Version 10.0.0: Fri Jul 31 22:46:25 PDT 2009; root:xnu-1456.1.25~1/RELEASE_X86_64

/usr/bin/uname -p = i386
/bin/uname -X     = unknown

/bin/arch              = unknown
/usr/bin/arch -k       = unknown
/usr/convex/getsysinfo = unknown
/usr/bin/hostinfo      = Mach kernel version:
	 Darwin Kernel Version 10.0.0: Fri Jul 31 22:46:25 PDT 2009; root:xnu-1456.1.25~1/RELEASE_X86_64
Kernel configured for up to 4 processors.
4 processors are physically available.
4 processors are logically available.
Processor type: i486 (Intel 80486)
Processors active: 0 1 2 3
Primary memory available: 4.00 gigabytes
Default processor set: 82 tasks, 343 threads, 4 processors
Load average: 0.20, Mach factor: 3.79
/bin/machine           = unknown
/usr/bin/oslevel       = unknown
/bin/universe          = unknown

PATH: /usr/bin
PATH: /bin
PATH: /usr/sbin
PATH: /sbin
PATH: /usr/local/bin
PATH: /opt/local/bin
PATH: /usr/local/git/bin
PATH: /usr/X11/bin


## ----------- ##
## Core tests. ##
## ----------- ##

configure:2004: checking build system type
configure:2022: result: i386-apple-darwin10.0.0
configure:2044: checking host system type
configure:2059: result: i386-apple-darwin10.0.0
configure:2081: checking target system type
configure:2096: result: i386-apple-darwin10.0.0
configure:2139: checking for a BSD-compatible install
configure:2195: result: /usr/bin/install -c
configure:2206: checking whether build environment is sane
configure:2249: result: yes
configure:2277: checking for a thread-safe mkdir -p
configure:2316: result: /opt/local/bin/mkdir -p
configure:2329: checking for gawk
configure:2345: found /opt/local/bin/gawk
configure:2356: result: gawk
configure:2367: checking whether make sets $(MAKE)
configure:2388: result: yes
configure:2605: checking for style of include used by make
configure:2633: result: GNU
configure:2713: checking for g++
configure:2729: found /usr/bin/g++
configure:2740: result: g++
configure:2771: checking for C++ compiler version
configure:2778: g++ --version >&5
i686-apple-darwin10-g++-4.2.1 (GCC) 4.2.1 (Apple Inc. build 5646)
Copyright (C) 2007 Free Software Foundation, Inc.
This is free software; see the source for copying conditions.  There is NO
warranty; not even for MERCHANTABILITY or FITNESS FOR A PARTICULAR PURPOSE.

configure:2781: $? = 0
configure:2788: g++ -v >&5
Using built-in specs.
Target: i686-apple-darwin10
Configured with: /var/tmp/gcc/gcc-5646~6/src/configure --disable-checking --enable-werror --prefix=/usr --mandir=/share/man --enable-languages=c,objc,c++,obj-c++ --program-transform-name=/^[cg][^.-]*$/s/$/-4.2/ --with-slibdir=/usr/lib --build=i686-apple-darwin10 --with-gxx-include-dir=/include/c++/4.2.1 --program-prefix=i686-apple-darwin10- --host=x86_64-apple-darwin10 --target=i686-apple-darwin10
Thread model: posix
gcc version 4.2.1 (Apple Inc. build 5646)
configure:2791: $? = 0
configure:2798: g++ -V >&5
g++-4.2: argument to `-V' is missing
configure:2801: $? = 1
configure:2824: checking for C++ compiler default output file name
configure:2851: g++    conftest.cpp  >&5
configure:2854: $? = 0
configure:2892: result: a.out
configure:2909: checking whether the C++ compiler works
configure:2919: ./a.out
configure:2922: $? = 0
configure:2939: result: yes
configure:2946: checking whether we are cross compiling
configure:2948: result: no
configure:2951: checking for suffix of executables
configure:2958: g++ -o conftest    conftest.cpp  >&5
configure:2961: $? = 0
configure:2985: result: 
configure:2991: checking for suffix of object files
configure:3017: g++ -c   conftest.cpp >&5
configure:3020: $? = 0
configure:3043: result: o
configure:3047: checking whether we are using the GNU C++ compiler
configure:3076: g++ -c   conftest.cpp >&5
configure:3082: $? = 0
configure:3099: result: yes
configure:3104: checking whether g++ accepts -g
configure:3134: g++ -c -g  conftest.cpp >&5
configure:3140: $? = 0
configure:3239: result: yes
configure:3264: checking dependency style of g++
configure:3355: result: gcc3
configure:3375: checking how to run the C++ preprocessor
configure:3411: g++ -E  conftest.cpp
configure:3417: $? = 0
configure:3448: g++ -E  conftest.cpp
conftest.cpp:10:28: error: ac_nonexistent.h: No such file or directory
configure:3454: $? = 1
configure: failed program was:
| /* confdefs.h.  */
| #define PACKAGE_NAME ""
| #define PACKAGE_TARNAME ""
| #define PACKAGE_VERSION ""
| #define PACKAGE_STRING ""
| #define PACKAGE_BUGREPORT ""
| #define PACKAGE "gr-bbn"
| #define VERSION "0.0svn"
| /* end confdefs.h.  */
| #include <ac_nonexistent.h>
configure:3487: result: g++ -E
configure:3516: g++ -E  conftest.cpp
configure:3522: $? = 0
configure:3553: g++ -E  conftest.cpp
conftest.cpp:10:28: error: ac_nonexistent.h: No such file or directory
configure:3559: $? = 1
configure: failed program was:
| /* confdefs.h.  */
| #define PACKAGE_NAME ""
| #define PACKAGE_TARNAME ""
| #define PACKAGE_VERSION ""
| #define PACKAGE_STRING ""
| #define PACKAGE_BUGREPORT ""
| #define PACKAGE "gr-bbn"
| #define VERSION "0.0svn"
| /* end confdefs.h.  */
| #include <ac_nonexistent.h>
configure:3609: checking whether C++ has bool
configure:3630: g++ -o conftest -g -O2   conftest.cpp  >&5
configure:3633: $? = 0
configure:3639: ./conftest
configure:3642: $? = 0
configure:3644: result: yes
configure:3665: checking whether C++ has buggy scoping in for-loops
configure:3691: g++ -c -g -O2  conftest.cpp >&5
In file included from /usr/include/c++/4.2.1/backward/iostream.h:31,
                 from conftest.cpp:10:
/usr/include/c++/4.2.1/backward/backward_warning.h:32:2: warning: #warning This file includes at least one deprecated or antiquated header. Please consider using one of the 32 headers found in section 17.4.1.2 of the C++ standard. Examples include substituting the <X> header for the <X.h> header for C++ includes, or <iostream> instead of the deprecated header <iostream.h>. To disable this warning use -Wno-deprecated.
configure:3697: $? = 0
configure:3702: result: no
configure:3719: checking whether user wants assertions
configure:3731: result: yes
configure:3736: checking whether C++ has std::isnan
configure:3761: g++ -c -g -O2  conftest.cpp >&5
conftest.cpp: In function 'int main()':
conftest.cpp:15: error: expected unqualified-id before '(' token
configure:3767: $? = 1
configure: failed program was:
| /* confdefs.h.  */
| #define PACKAGE_NAME ""
| #define PACKAGE_TARNAME ""
| #define PACKAGE_VERSION ""
| #define PACKAGE_STRING ""
| #define PACKAGE_BUGREPORT ""
| #define PACKAGE "gr-bbn"
| #define VERSION "0.0svn"
| /* end confdefs.h.  */
| #include <math.h>
| int
| main ()
| {
| 
|    std::isnan(0);
| 
|   ;
|   return 0;
| }
configure:3783: result: no
configure:3798: checking whether user wants warnings
configure:3809: result: yes
configure:3843: checking whether g++ accepts -Wall
configure:3848: result: yes
configure:3843: checking whether g++ accepts -Woverloaded-virtual
configure:3848: result: yes
configure:3861: checking whether user wants gprof
configure:3871: result: no
configure:3924: checking whether user wants prof
configure:3934: result: no
configure:4034: checking for gcc
configure:4050: found /usr/bin/gcc
configure:4061: result: gcc
configure:4299: checking for C compiler version
configure:4306: gcc --version >&5
i686-apple-darwin10-gcc-4.2.1 (GCC) 4.2.1 (Apple Inc. build 5646)
Copyright (C) 2007 Free Software Foundation, Inc.
This is free software; see the source for copying conditions.  There is NO
warranty; not even for MERCHANTABILITY or FITNESS FOR A PARTICULAR PURPOSE.

configure:4309: $? = 0
configure:4316: gcc -v >&5
Using built-in specs.
Target: i686-apple-darwin10
Configured with: /var/tmp/gcc/gcc-5646~6/src/configure --disable-checking --enable-werror --prefix=/usr --mandir=/share/man --enable-languages=c,objc,c++,obj-c++ --program-transform-name=/^[cg][^.-]*$/s/$/-4.2/ --with-slibdir=/usr/lib --build=i686-apple-darwin10 --with-gxx-include-dir=/include/c++/4.2.1 --program-prefix=i686-apple-darwin10- --host=x86_64-apple-darwin10 --target=i686-apple-darwin10
Thread model: posix
gcc version 4.2.1 (Apple Inc. build 5646)
configure:4319: $? = 0
configure:4326: gcc -V >&5
gcc-4.2: argument to `-V' is missing
configure:4329: $? = 1
configure:4332: checking whether we are using the GNU C compiler
configure:4361: gcc -c   conftest.c >&5
configure:4367: $? = 0
configure:4384: result: yes
configure:4389: checking whether gcc accepts -g
configure:4419: gcc -c -g  conftest.c >&5
configure:4425: $? = 0
configure:4524: result: yes
configure:4541: checking for gcc option to accept ISO C89
configure:4615: gcc  -c -g -O2  conftest.c >&5
configure:4621: $? = 0
configure:4644: result: none needed
configure:4664: checking dependency style of gcc
configure:4755: result: gcc3
configure:4777: checking whether ln -s works
configure:4781: result: yes
configure:4788: checking whether make sets $(MAKE)
configure:4809: result: yes
configure:4831: checking for a BSD-compatible install
configure:4887: result: /usr/bin/install -c
configure:5299: checking for a sed that does not truncate output
configure:5378: result: /opt/local/bin/gsed
configure:5396: checking for grep that handles long lines and -e
configure:5470: result: /usr/bin/grep
configure:5475: checking for egrep
configure:5553: result: /usr/bin/grep -E
configure:5558: checking for fgrep
configure:5636: result: /usr/bin/grep -F
configure:5671: checking for ld used by gcc
configure:5738: result: /usr/libexec/gcc/i686-apple-darwin10/4.2.1/ld
configure:5747: checking if the linker (/usr/libexec/gcc/i686-apple-darwin10/4.2.1/ld) is GNU ld
configure:5762: result: no
configure:5774: checking for BSD- or MS-compatible name lister (nm)
configure:5823: result: /usr/bin/nm
configure:5945: checking the name lister (/usr/bin/nm) interface
configure:5952: gcc -c -g -O2  conftest.c >&5
configure:5955: /usr/bin/nm "conftest.o"
configure:5958: output
000000000000018c D _some_variable
configure:5965: result: BSD nm
configure:5969: checking the maximum length of command line arguments
configure:6089: result: 196608
configure:6106: checking whether the shell understands some XSI constructs
configure:6116: result: yes
configure:6120: checking whether the shell understands "+="
configure:6126: result: yes
configure:6161: checking for /usr/libexec/gcc/i686-apple-darwin10/4.2.1/ld option to reload object files
configure:6168: result: -r
configure:6195: checking how to recognize dependent libraries
configure:6385: result: pass_all
configure:6445: checking for ar
configure:6461: found /usr/bin/ar
configure:6472: result: ar
configure:6554: checking for strip
configure:6570: found /usr/bin/strip
configure:6581: result: strip
configure:6657: checking for ranlib
configure:6673: found /usr/bin/ranlib
configure:6684: result: ranlib
configure:6778: checking command to parse /usr/bin/nm output from gcc object
configure:6896: gcc -c -g -O2  conftest.c >&5
configure:6899: $? = 0
configure:6903: /usr/bin/nm conftest.o \| sed -n -e 's/^.*[	 ]\([BCDEGRST][BCDEGRST]*\)[	 ][	 ]*\([_A-Za-z][_A-Za-z0-9]*\)$/\1 \2 \2/p' \> conftest.nm
configure:6906: $? = 0
cannot find nm_test_var in conftest.nm
configure:6896: gcc -c -g -O2  conftest.c >&5
configure:6899: $? = 0
configure:6903: /usr/bin/nm conftest.o \| sed -n -e 's/^.*[	 ]\([BCDEGRST][BCDEGRST]*\)[	 ][	 ]*_\([_A-Za-z][_A-Za-z0-9]*\)$/\1 _\2 \2/p' \> conftest.nm
configure:6906: $? = 0
configure:6960: gcc -o conftest -g -O2   conftest.c conftstm.o >&5
configure:6963: $? = 0
configure:7001: result: ok
configure:7291: checking for dsymutil
configure:7307: found /usr/bin/dsymutil
configure:7318: result: dsymutil
configure:7387: checking for nmedit
configure:7403: found /usr/bin/nmedit
configure:7414: result: nmedit
configure:7483: checking for lipo
configure:7499: found /usr/bin/lipo
configure:7510: result: lipo
configure:7579: checking for otool
configure:7595: found /usr/bin/otool
configure:7606: result: otool
configure:7675: checking for otool64
configure:7705: result: no
configure:7754: checking for -single_module linker flag
gcc -g -O2  -o libconftest.dylib -dynamiclib -Wl,-single_module conftest.c
configure:7781: result: yes
configure:7783: checking for -exported_symbols_list linker flag
configure:7813: gcc -o conftest -g -O2   -Wl,-exported_symbols_list,conftest.sym conftest.c  >&5
configure:7819: $? = 0
configure:7838: result: yes
configure:7880: checking how to run the C preprocessor
configure:7920: gcc -E  conftest.c
configure:7926: $? = 0
configure:7957: gcc -E  conftest.c
conftest.c:10:28: error: ac_nonexistent.h: No such file or directory
configure:7963: $? = 1
configure: failed program was:
| /* confdefs.h.  */
| #define PACKAGE_NAME ""
| #define PACKAGE_TARNAME ""
| #define PACKAGE_VERSION ""
| #define PACKAGE_STRING ""
| #define PACKAGE_BUGREPORT ""
| #define PACKAGE "gr-bbn"
| #define VERSION "0.0svn"
| /* end confdefs.h.  */
| #include <ac_nonexistent.h>
configure:7996: result: gcc -E
configure:8025: gcc -E  conftest.c
configure:8031: $? = 0
configure:8062: gcc -E  conftest.c
conftest.c:10:28: error: ac_nonexistent.h: No such file or directory
configure:8068: $? = 1
configure: failed program was:
| /* confdefs.h.  */
| #define PACKAGE_NAME ""
| #define PACKAGE_TARNAME ""
| #define PACKAGE_VERSION ""
| #define PACKAGE_STRING ""
| #define PACKAGE_BUGREPORT ""
| #define PACKAGE "gr-bbn"
| #define VERSION "0.0svn"
| /* end confdefs.h.  */
| #include <ac_nonexistent.h>
configure:8106: checking for ANSI C header files
configure:8136: gcc -c -g -O2  conftest.c >&5
configure:8142: $? = 0
configure:8241: gcc -o conftest -g -O2   conftest.c  >&5
configure:8244: $? = 0
configure:8250: ./conftest
configure:8253: $? = 0
configure:8270: result: yes
configure:8294: checking for sys/types.h
configure:8315: gcc -c -g -O2  conftest.c >&5
configure:8321: $? = 0
configure:8337: result: yes
configure:8294: checking for sys/stat.h
configure:8315: gcc -c -g -O2  conftest.c >&5
configure:8321: $? = 0
configure:8337: result: yes
configure:8294: checking for stdlib.h
configure:8315: gcc -c -g -O2  conftest.c >&5
configure:8321: $? = 0
configure:8337: result: yes
configure:8294: checking for string.h
configure:8315: gcc -c -g -O2  conftest.c >&5
configure:8321: $? = 0
configure:8337: result: yes
configure:8294: checking for memory.h
configure:8315: gcc -c -g -O2  conftest.c >&5
configure:8321: $? = 0
configure:8337: result: yes
configure:8294: checking for strings.h
configure:8315: gcc -c -g -O2  conftest.c >&5
configure:8321: $? = 0
configure:8337: result: yes
configure:8294: checking for inttypes.h
configure:8315: gcc -c -g -O2  conftest.c >&5
configure:8321: $? = 0
configure:8337: result: yes
configure:8294: checking for stdint.h
configure:8315: gcc -c -g -O2  conftest.c >&5
configure:8321: $? = 0
configure:8337: result: yes
configure:8294: checking for unistd.h
configure:8315: gcc -c -g -O2  conftest.c >&5
configure:8321: $? = 0
configure:8337: result: yes
configure:8353: checking for dlfcn.h
configure:8374: gcc -c -g -O2  conftest.c >&5
configure:8380: $? = 0
configure:8396: result: yes
configure:8525: checking for C++ compiler version
configure:8532: g++ --version >&5
i686-apple-darwin10-g++-4.2.1 (GCC) 4.2.1 (Apple Inc. build 5646)
Copyright (C) 2007 Free Software Foundation, Inc.
This is free software; see the source for copying conditions.  There is NO
warranty; not even for MERCHANTABILITY or FITNESS FOR A PARTICULAR PURPOSE.

configure:8535: $? = 0
configure:8542: g++ -v >&5
Using built-in specs.
Target: i686-apple-darwin10
Configured with: /var/tmp/gcc/gcc-5646~6/src/configure --disable-checking --enable-werror --prefix=/usr --mandir=/share/man --enable-languages=c,objc,c++,obj-c++ --program-transform-name=/^[cg][^.-]*$/s/$/-4.2/ --with-slibdir=/usr/lib --build=i686-apple-darwin10 --with-gxx-include-dir=/include/c++/4.2.1 --program-prefix=i686-apple-darwin10- --host=x86_64-apple-darwin10 --target=i686-apple-darwin10
Thread model: posix
gcc version 4.2.1 (Apple Inc. build 5646)
configure:8545: $? = 0
configure:8552: g++ -V >&5
g++-4.2: argument to `-V' is missing
configure:8555: $? = 1
configure:8558: checking whether we are using the GNU C++ compiler
configure:8610: result: yes
configure:8615: checking whether g++ accepts -g
configure:8750: result: yes
configure:8775: checking dependency style of g++
configure:8866: result: gcc3
configure:8889: checking how to run the C++ preprocessor
configure:9001: result: g++ -E
configure:9030: g++ -E  conftest.cpp
configure:9036: $? = 0
configure:9067: g++ -E  conftest.cpp
conftest.cpp:21:28: error: ac_nonexistent.h: No such file or directory
configure:9073: $? = 1
configure: failed program was:
| /* confdefs.h.  */
| #define PACKAGE_NAME ""
| #define PACKAGE_TARNAME ""
| #define PACKAGE_VERSION ""
| #define PACKAGE_STRING ""
| #define PACKAGE_BUGREPORT ""
| #define PACKAGE "gr-bbn"
| #define VERSION "0.0svn"
| #define STDC_HEADERS 1
| #define HAVE_SYS_TYPES_H 1
| #define HAVE_SYS_STAT_H 1
| #define HAVE_STDLIB_H 1
| #define HAVE_STRING_H 1
| #define HAVE_MEMORY_H 1
| #define HAVE_STRINGS_H 1
| #define HAVE_INTTYPES_H 1
| #define HAVE_STDINT_H 1
| #define HAVE_UNISTD_H 1
| #define HAVE_DLFCN_H 1
| /* end confdefs.h.  */
| #include <ac_nonexistent.h>
configure:9222: checking for objdir
configure:9237: result: .libs
configure:9529: checking if gcc supports -fno-rtti -fno-exceptions
configure:9547: gcc -c -g -O2  -fno-rtti -fno-exceptions conftest.c >&5
cc1: warning: command line option "-fno-rtti" is valid for C++/ObjC++ but not for C
configure:9551: $? = 0
configure:9564: result: no
configure:9584: checking for gcc option to produce PIC
configure:9841: result: -fno-common -DPIC
configure:9853: checking if gcc PIC flag -fno-common -DPIC works
configure:9871: gcc -c -g -O2  -fno-common -DPIC -DPIC conftest.c >&5
configure:9875: $? = 0
configure:9888: result: yes
configure:9912: checking if gcc static flag -static works
configure:9940: result: no
configure:9955: checking if gcc supports -c -o file.o
configure:9976: gcc -c -g -O2  -o out/conftest2.o conftest.c >&5
configure:9980: $? = 0
configure:10002: result: yes
configure:10010: checking if gcc supports -c -o file.o
configure:10057: result: yes
configure:10090: checking whether the gcc linker (/usr/libexec/gcc/i686-apple-darwin10/4.2.1/ld) supports shared libraries
configure:11144: result: yes
configure:11383: checking dynamic linker characteristics
configure:12062: result: darwin10.0.0 dyld
configure:12164: checking how to hardcode library paths into programs
configure:12189: result: immediate
configure:13002: checking whether stripping libraries is possible
configure:13016: result: yes
configure:13042: checking if libtool supports shared libraries
configure:13044: result: yes
configure:13047: checking whether to build shared libraries
configure:13068: result: yes
configure:13071: checking whether to build static libraries
configure:13075: result: no
configure:13225: checking for ld used by g++
configure:13292: result: /usr/libexec/gcc/i686-apple-darwin10/4.2.1/ld
configure:13301: checking if the linker (/usr/libexec/gcc/i686-apple-darwin10/4.2.1/ld) is GNU ld
configure:13316: result: no
configure:13371: checking whether the g++ linker (/usr/libexec/gcc/i686-apple-darwin10/4.2.1/ld) supports shared libraries
configure:14333: result: yes
configure:14361: g++ -c -g -O2 -Wall -Woverloaded-virtual  conftest.cpp >&5
configure:14364: $? = 0
configure:14546: checking for g++ option to produce PIC
configure:14855: result: -fno-common -DPIC
configure:14864: checking if g++ PIC flag -fno-common -DPIC works
configure:14882: g++ -c -g -O2 -Wall -Woverloaded-virtual  -fno-common -DPIC -DPIC conftest.cpp >&5
configure:14886: $? = 0
configure:14899: result: yes
configure:14920: checking if g++ static flag -static works
configure:14948: result: no
configure:14960: checking if g++ supports -c -o file.o
configure:14981: g++ -c -g -O2 -Wall -Woverloaded-virtual  -o out/conftest2.o conftest.cpp >&5
configure:14985: $? = 0
configure:15007: result: yes
configure:15012: checking if g++ supports -c -o file.o
configure:15059: result: yes
configure:15089: checking whether the g++ linker (/usr/libexec/gcc/i686-apple-darwin10/4.2.1/ld) supports shared libraries
configure:15115: result: yes
configure:15252: checking dynamic linker characteristics
configure:15879: result: darwin10.0.0 dyld
configure:15930: checking how to hardcode library paths into programs
configure:15955: result: immediate
configure:16037: checking for python
configure:16055: found /usr/bin/python
configure:16067: result: /usr/bin/python
configure:16090: checking for python version
configure:16097: result: 2.6
configure:16109: checking for python platform
configure:16116: result: darwin
configure:16123: checking for python script directory
configure:16131: result: ${prefix}/lib/python2.6/site-packages
configure:16140: checking for python extension module directory
configure:16148: result: ${exec_prefix}/lib/python2.6/site-packages
configure:16166: checking for Python include path
configure:16184: result: /System/Library/Frameworks/Python.framework/Versions/2.6/include/python2.6
configure:16213: checking Python.h usability
configure:16230: gcc -c -g -O2  -I/System/Library/Frameworks/Python.framework/Versions/2.6/include/python2.6 conftest.c >&5
configure:16236: $? = 0
configure:16250: result: yes
configure:16254: checking Python.h presence
configure:16269: gcc -E  -I/System/Library/Frameworks/Python.framework/Versions/2.6/include/python2.6 conftest.c
configure:16275: $? = 0
configure:16289: result: yes
configure:16317: checking for Python.h
configure:16325: result: yes
configure:16419: checking for swig
configure:16435: found /usr/bin/swig
configure:16446: result: /usr/bin/swig
configure:16460: checking for SWIG version
configure:16464: result: 1.3.31
configure:16652: checking for the pthreads library -lpthreads
configure:16695: gcc -o conftest -g -O2    conftest.c -lpthreads  >&5
ld: library not found for -lpthreads
collect2: ld returned 1 exit status
configure:16701: $? = 1
configure: failed program was:
| /* confdefs.h.  */
| #define PACKAGE_NAME ""
| #define PACKAGE_TARNAME ""
| #define PACKAGE_VERSION ""
| #define PACKAGE_STRING ""
| #define PACKAGE_BUGREPORT ""
| #define PACKAGE "gr-bbn"
| #define VERSION "0.0svn"
| #define STDC_HEADERS 1
| #define HAVE_SYS_TYPES_H 1
| #define HAVE_SYS_STAT_H 1
| #define HAVE_STDLIB_H 1
| #define HAVE_STRING_H 1
| #define HAVE_MEMORY_H 1
| #define HAVE_STRINGS_H 1
| #define HAVE_INTTYPES_H 1
| #define HAVE_STDINT_H 1
| #define HAVE_UNISTD_H 1
| #define HAVE_DLFCN_H 1
| #define LT_OBJDIR ".libs/"
| #define HAVE_PYTHON_H 1
| /* end confdefs.h.  */
| #include <pthread.h>
| int
| main ()
| {
| pthread_t th; pthread_join(th, 0);
|                      pthread_attr_init(0); pthread_cleanup_push(0, 0);
|                      pthread_create(0,0,0,0); pthread_cleanup_pop(0);
|   ;
|   return 0;
| }
configure:16721: result: no
configure:16641: checking whether pthreads work without any flags
configure:16695: gcc -o conftest -g -O2    conftest.c   >&5
configure:16701: $? = 0
configure:16721: result: yes
configure:16741: checking for joinable pthread attribute
configure:16764: gcc -o conftest -g -O2    conftest.c   >&5
configure:16770: $? = 0
configure:16838: result: PTHREAD_CREATE_JOINABLE
configure:16845: checking if more special flags are required for pthreads
configure:16852: result: no
configure:16864: checking for cc_r
configure:16892: result: gcc
configure:17001: checking for library containing clock_gettime
configure:17042: gcc -o conftest -g -O2   conftest.c  >&5
Undefined symbols:
  "_clock_gettime", referenced from:
      _main in ccee9eHM.o
ld: symbol(s) not found
collect2: ld returned 1 exit status
configure:17048: $? = 1
configure: failed program was:
| /* confdefs.h.  */
| #define PACKAGE_NAME ""
| #define PACKAGE_TARNAME ""
| #define PACKAGE_VERSION ""
| #define PACKAGE_STRING ""
| #define PACKAGE_BUGREPORT ""
| #define PACKAGE "gr-bbn"
| #define VERSION "0.0svn"
| #define STDC_HEADERS 1
| #define HAVE_SYS_TYPES_H 1
| #define HAVE_SYS_STAT_H 1
| #define HAVE_STDLIB_H 1
| #define HAVE_STRING_H 1
| #define HAVE_MEMORY_H 1
| #define HAVE_STRINGS_H 1
| #define HAVE_INTTYPES_H 1
| #define HAVE_STDINT_H 1
| #define HAVE_UNISTD_H 1
| #define HAVE_DLFCN_H 1
| #define LT_OBJDIR ".libs/"
| #define HAVE_PYTHON_H 1
| #define OMNITHREAD_POSIX 1
| /* end confdefs.h.  */
| 
| /* Override any GCC internal prototype to avoid an error.
|    Use char because int might match the return type of a GCC
|    builtin and then its argument prototype would still apply.  */
| #ifdef __cplusplus
| extern "C"
| #endif
| char clock_gettime ();
| int
| main ()
| {
| return clock_gettime ();
|   ;
|   return 0;
| }
configure:17042: gcc -o conftest -g -O2   conftest.c -lrt   >&5
ld: library not found for -lrt
collect2: ld returned 1 exit status
configure:17048: $? = 1
configure: failed program was:
| /* confdefs.h.  */
| #define PACKAGE_NAME ""
| #define PACKAGE_TARNAME ""
| #define PACKAGE_VERSION ""
| #define PACKAGE_STRING ""
| #define PACKAGE_BUGREPORT ""
| #define PACKAGE "gr-bbn"
| #define VERSION "0.0svn"
| #define STDC_HEADERS 1
| #define HAVE_SYS_TYPES_H 1
| #define HAVE_SYS_STAT_H 1
| #define HAVE_STDLIB_H 1
| #define HAVE_STRING_H 1
| #define HAVE_MEMORY_H 1
| #define HAVE_STRINGS_H 1
| #define HAVE_INTTYPES_H 1
| #define HAVE_STDINT_H 1
| #define HAVE_UNISTD_H 1
| #define HAVE_DLFCN_H 1
| #define LT_OBJDIR ".libs/"
| #define HAVE_PYTHON_H 1
| #define OMNITHREAD_POSIX 1
| /* end confdefs.h.  */
| 
| /* Override any GCC internal prototype to avoid an error.
|    Use char because int might match the return type of a GCC
|    builtin and then its argument prototype would still apply.  */
| #ifdef __cplusplus
| extern "C"
| #endif
| char clock_gettime ();
| int
| main ()
| {
| return clock_gettime ();
|   ;
|   return 0;
| }
configure:17076: result: no
configure:17090: checking for clock_gettime
configure:17146: gcc -o conftest -g -O2   conftest.c  >&5
Undefined symbols:
  "_clock_gettime", referenced from:
      _main in ccTtlrAZ.o
ld: symbol(s) not found
collect2: ld returned 1 exit status
configure:17152: $? = 1
configure: failed program was:
| /* confdefs.h.  */
| #define PACKAGE_NAME ""
| #define PACKAGE_TARNAME ""
| #define PACKAGE_VERSION ""
| #define PACKAGE_STRING ""
| #define PACKAGE_BUGREPORT ""
| #define PACKAGE "gr-bbn"
| #define VERSION "0.0svn"
| #define STDC_HEADERS 1
| #define HAVE_SYS_TYPES_H 1
| #define HAVE_SYS_STAT_H 1
| #define HAVE_STDLIB_H 1
| #define HAVE_STRING_H 1
| #define HAVE_MEMORY_H 1
| #define HAVE_STRINGS_H 1
| #define HAVE_INTTYPES_H 1
| #define HAVE_STDINT_H 1
| #define HAVE_UNISTD_H 1
| #define HAVE_DLFCN_H 1
| #define LT_OBJDIR ".libs/"
| #define HAVE_PYTHON_H 1
| #define OMNITHREAD_POSIX 1
| /* end confdefs.h.  */
| /* Define clock_gettime to an innocuous variant, in case <limits.h> declares clock_gettime.
|    For example, HP-UX 11i <limits.h> declares gettimeofday.  */
| #define clock_gettime innocuous_clock_gettime
| 
| /* System header to define __stub macros and hopefully few prototypes,
|     which can conflict with char clock_gettime (); below.
|     Prefer <limits.h> to <assert.h> if __STDC__ is defined, since
|     <limits.h> exists even on freestanding compilers.  */
| 
| #ifdef __STDC__
| # include <limits.h>
| #else
| # include <assert.h>
| #endif
| 
| #undef clock_gettime
| 
| /* Override any GCC internal prototype to avoid an error.
|    Use char because int might match the return type of a GCC
|    builtin and then its argument prototype would still apply.  */
| #ifdef __cplusplus
| extern "C"
| #endif
| char clock_gettime ();
| /* The GNU C library defines this for functions which it implements
|     to always fail with ENOSYS.  Some functions are actually named
|     something starting with __ and the normal name is an alias.  */
| #if defined __stub_clock_gettime || defined __stub___clock_gettime
| choke me
| #endif
| 
| int
| main ()
| {
| return clock_gettime ();
|   ;
|   return 0;
| }
configure:17170: result: no
configure:17090: checking for gettimeofday
configure:17146: gcc -o conftest -g -O2   conftest.c  >&5
configure:17152: $? = 0
configure:17170: result: yes
configure:17090: checking for nanosleep
configure:17146: gcc -o conftest -g -O2   conftest.c  >&5
configure:17152: $? = 0
configure:17170: result: yes
configure:17192: checking for ANSI C header files
configure:17356: result: yes
configure:17366: checking for sys/wait.h that is POSIX.1 compatible
configure:17402: gcc -c -g -O2   conftest.c >&5
configure:17408: $? = 0
configure:17423: result: yes
configure:17453: checking fcntl.h usability
configure:17470: gcc -c -g -O2   conftest.c >&5
configure:17476: $? = 0
configure:17490: result: yes
configure:17494: checking fcntl.h presence
configure:17509: gcc -E  conftest.c
configure:17515: $? = 0
configure:17529: result: yes
configure:17557: checking for fcntl.h
configure:17565: result: yes
configure:17453: checking limits.h usability
configure:17470: gcc -c -g -O2   conftest.c >&5
configure:17476: $? = 0
configure:17490: result: yes
configure:17494: checking limits.h presence
configure:17509: gcc -E  conftest.c
configure:17515: $? = 0
configure:17529: result: yes
configure:17557: checking for limits.h
configure:17565: result: yes
configure:17443: checking for strings.h
configure:17449: result: yes
configure:17453: checking sys/ioctl.h usability
configure:17470: gcc -c -g -O2   conftest.c >&5
configure:17476: $? = 0
configure:17490: result: yes
configure:17494: checking sys/ioctl.h presence
configure:17509: gcc -E  conftest.c
configure:17515: $? = 0
configure:17529: result: yes
configure:17557: checking for sys/ioctl.h
configure:17565: result: yes
configure:17453: checking sys/time.h usability
configure:17470: gcc -c -g -O2   conftest.c >&5
configure:17476: $? = 0
configure:17490: result: yes
configure:17494: checking sys/time.h presence
configure:17509: gcc -E  conftest.c
configure:17515: $? = 0
configure:17529: result: yes
configure:17557: checking for sys/time.h
configure:17565: result: yes
configure:17443: checking for unistd.h
configure:17449: result: yes
configure:17593: checking sys/mman.h usability
configure:17610: gcc -c -g -O2   conftest.c >&5
configure:17616: $? = 0
configure:17630: result: yes
configure:17634: checking sys/mman.h presence
configure:17649: gcc -E  conftest.c
configure:17655: $? = 0
configure:17669: result: yes
configure:17697: checking for sys/mman.h
configure:17705: result: yes
configure:17719: checking for an ANSI C-conforming const
configure:17794: gcc -c -g -O2   conftest.c >&5
configure:17800: $? = 0
configure:17815: result: yes
configure:17825: checking for inline
configure:17851: gcc -c -g -O2   conftest.c >&5
configure:17857: $? = 0
configure:17875: result: inline
configure:17894: checking for size_t
configure:17924: gcc -c -g -O2   conftest.c >&5
configure:17930: $? = 0
configure:17945: result: yes
configure:17957: checking whether time.h and sys/time.h may both be included
configure:17987: gcc -c -g -O2   conftest.c >&5
configure:17993: $? = 0
configure:18008: result: yes
configure:18122: checking for sys/types.h
configure:18128: result: yes
configure:18122: checking for fcntl.h
configure:18128: result: yes
configure:18132: checking io.h usability
configure:18149: gcc -c -g -O2   conftest.c >&5
conftest.c:71:16: error: io.h: No such file or directory
configure:18155: $? = 1
configure: failed program was:
| /* confdefs.h.  */
| #define PACKAGE_NAME ""
| #define PACKAGE_TARNAME ""
| #define PACKAGE_VERSION ""
| #define PACKAGE_STRING ""
| #define PACKAGE_BUGREPORT ""
| #define PACKAGE "gr-bbn"
| #define VERSION "0.0svn"
| #define STDC_HEADERS 1
| #define HAVE_SYS_TYPES_H 1
| #define HAVE_SYS_STAT_H 1
| #define HAVE_STDLIB_H 1
| #define HAVE_STRING_H 1
| #define HAVE_MEMORY_H 1
| #define HAVE_STRINGS_H 1
| #define HAVE_INTTYPES_H 1
| #define HAVE_STDINT_H 1
| #define HAVE_UNISTD_H 1
| #define HAVE_DLFCN_H 1
| #define LT_OBJDIR ".libs/"
| #define HAVE_PYTHON_H 1
| #define OMNITHREAD_POSIX 1
| #define HAVE_GETTIMEOFDAY 1
| #define HAVE_NANOSLEEP 1
| #define STDC_HEADERS 1
| #define HAVE_SYS_WAIT_H 1
| #define HAVE_FCNTL_H 1
| #define HAVE_LIMITS_H 1
| #define HAVE_STRINGS_H 1
| #define HAVE_SYS_IOCTL_H 1
| #define HAVE_SYS_TIME_H 1
| #define HAVE_UNISTD_H 1
| #define HAVE_SYS_MMAN_H 1
| #define TIME_WITH_SYS_TIME 1
| #define HAVE_SYS_TYPES_H 1
| #define HAVE_FCNTL_H 1
| /* end confdefs.h.  */
| #include <stdio.h>
| #ifdef HAVE_SYS_TYPES_H
| # include <sys/types.h>
| #endif
| #ifdef HAVE_SYS_STAT_H
| # include <sys/stat.h>
| #endif
| #ifdef STDC_HEADERS
| # include <stdlib.h>
| # include <stddef.h>
| #else
| # ifdef HAVE_STDLIB_H
| #  include <stdlib.h>
| # endif
| #endif
| #ifdef HAVE_STRING_H
| # if !defined STDC_HEADERS && defined HAVE_MEMORY_H
| #  include <memory.h>
| # endif
| # include <string.h>
| #endif
| #ifdef HAVE_STRINGS_H
| # include <strings.h>
| #endif
| #ifdef HAVE_INTTYPES_H
| # include <inttypes.h>
| #endif
| #ifdef HAVE_STDINT_H
| # include <stdint.h>
| #endif
| #ifdef HAVE_UNISTD_H
| # include <unistd.h>
| #endif
| #include <io.h>
configure:18169: result: no
configure:18173: checking io.h presence
configure:18188: gcc -E  conftest.c
conftest.c:38:16: error: io.h: No such file or directory
configure:18194: $? = 1
configure: failed program was:
| /* confdefs.h.  */
| #define PACKAGE_NAME ""
| #define PACKAGE_TARNAME ""
| #define PACKAGE_VERSION ""
| #define PACKAGE_STRING ""
| #define PACKAGE_BUGREPORT ""
| #define PACKAGE "gr-bbn"
| #define VERSION "0.0svn"
| #define STDC_HEADERS 1
| #define HAVE_SYS_TYPES_H 1
| #define HAVE_SYS_STAT_H 1
| #define HAVE_STDLIB_H 1
| #define HAVE_STRING_H 1
| #define HAVE_MEMORY_H 1
| #define HAVE_STRINGS_H 1
| #define HAVE_INTTYPES_H 1
| #define HAVE_STDINT_H 1
| #define HAVE_UNISTD_H 1
| #define HAVE_DLFCN_H 1
| #define LT_OBJDIR ".libs/"
| #define HAVE_PYTHON_H 1
| #define OMNITHREAD_POSIX 1
| #define HAVE_GETTIMEOFDAY 1
| #define HAVE_NANOSLEEP 1
| #define STDC_HEADERS 1
| #define HAVE_SYS_WAIT_H 1
| #define HAVE_FCNTL_H 1
| #define HAVE_LIMITS_H 1
| #define HAVE_STRINGS_H 1
| #define HAVE_SYS_IOCTL_H 1
| #define HAVE_SYS_TIME_H 1
| #define HAVE_UNISTD_H 1
| #define HAVE_SYS_MMAN_H 1
| #define TIME_WITH_SYS_TIME 1
| #define HAVE_SYS_TYPES_H 1
| #define HAVE_FCNTL_H 1
| /* end confdefs.h.  */
| #include <io.h>
configure:18208: result: no
configure:18236: checking for io.h
configure:18244: result: no
configure:18272: checking windows.h usability
configure:18289: gcc -c -g -O2   conftest.c >&5
conftest.c:71:21: error: windows.h: No such file or directory
configure:18295: $? = 1
configure: failed program was:
| /* confdefs.h.  */
| #define PACKAGE_NAME ""
| #define PACKAGE_TARNAME ""
| #define PACKAGE_VERSION ""
| #define PACKAGE_STRING ""
| #define PACKAGE_BUGREPORT ""
| #define PACKAGE "gr-bbn"
| #define VERSION "0.0svn"
| #define STDC_HEADERS 1
| #define HAVE_SYS_TYPES_H 1
| #define HAVE_SYS_STAT_H 1
| #define HAVE_STDLIB_H 1
| #define HAVE_STRING_H 1
| #define HAVE_MEMORY_H 1
| #define HAVE_STRINGS_H 1
| #define HAVE_INTTYPES_H 1
| #define HAVE_STDINT_H 1
| #define HAVE_UNISTD_H 1
| #define HAVE_DLFCN_H 1
| #define LT_OBJDIR ".libs/"
| #define HAVE_PYTHON_H 1
| #define OMNITHREAD_POSIX 1
| #define HAVE_GETTIMEOFDAY 1
| #define HAVE_NANOSLEEP 1
| #define STDC_HEADERS 1
| #define HAVE_SYS_WAIT_H 1
| #define HAVE_FCNTL_H 1
| #define HAVE_LIMITS_H 1
| #define HAVE_STRINGS_H 1
| #define HAVE_SYS_IOCTL_H 1
| #define HAVE_SYS_TIME_H 1
| #define HAVE_UNISTD_H 1
| #define HAVE_SYS_MMAN_H 1
| #define TIME_WITH_SYS_TIME 1
| #define HAVE_SYS_TYPES_H 1
| #define HAVE_FCNTL_H 1
| /* end confdefs.h.  */
| #include <stdio.h>
| #ifdef HAVE_SYS_TYPES_H
| # include <sys/types.h>
| #endif
| #ifdef HAVE_SYS_STAT_H
| # include <sys/stat.h>
| #endif
| #ifdef STDC_HEADERS
| # include <stdlib.h>
| # include <stddef.h>
| #else
| # ifdef HAVE_STDLIB_H
| #  include <stdlib.h>
| # endif
| #endif
| #ifdef HAVE_STRING_H
| # if !defined STDC_HEADERS && defined HAVE_MEMORY_H
| #  include <memory.h>
| # endif
| # include <string.h>
| #endif
| #ifdef HAVE_STRINGS_H
| # include <strings.h>
| #endif
| #ifdef HAVE_INTTYPES_H
| # include <inttypes.h>
| #endif
| #ifdef HAVE_STDINT_H
| # include <stdint.h>
| #endif
| #ifdef HAVE_UNISTD_H
| # include <unistd.h>
| #endif
| #include <windows.h>
configure:18309: result: no
configure:18313: checking windows.h presence
configure:18328: gcc -E  conftest.c
conftest.c:38:21: error: windows.h: No such file or directory
configure:18334: $? = 1
configure: failed program was:
| /* confdefs.h.  */
| #define PACKAGE_NAME ""
| #define PACKAGE_TARNAME ""
| #define PACKAGE_VERSION ""
| #define PACKAGE_STRING ""
| #define PACKAGE_BUGREPORT ""
| #define PACKAGE "gr-bbn"
| #define VERSION "0.0svn"
| #define STDC_HEADERS 1
| #define HAVE_SYS_TYPES_H 1
| #define HAVE_SYS_STAT_H 1
| #define HAVE_STDLIB_H 1
| #define HAVE_STRING_H 1
| #define HAVE_MEMORY_H 1
| #define HAVE_STRINGS_H 1
| #define HAVE_INTTYPES_H 1
| #define HAVE_STDINT_H 1
| #define HAVE_UNISTD_H 1
| #define HAVE_DLFCN_H 1
| #define LT_OBJDIR ".libs/"
| #define HAVE_PYTHON_H 1
| #define OMNITHREAD_POSIX 1
| #define HAVE_GETTIMEOFDAY 1
| #define HAVE_NANOSLEEP 1
| #define STDC_HEADERS 1
| #define HAVE_SYS_WAIT_H 1
| #define HAVE_FCNTL_H 1
| #define HAVE_LIMITS_H 1
| #define HAVE_STRINGS_H 1
| #define HAVE_SYS_IOCTL_H 1
| #define HAVE_SYS_TIME_H 1
| #define HAVE_UNISTD_H 1
| #define HAVE_SYS_MMAN_H 1
| #define TIME_WITH_SYS_TIME 1
| #define HAVE_SYS_TYPES_H 1
| #define HAVE_FCNTL_H 1
| /* end confdefs.h.  */
| #include <windows.h>
configure:18348: result: no
configure:18376: checking for windows.h
configure:18384: result: no
configure:18402: checking for winioctl.h
configure:18427: gcc -c -g -O2   conftest.c >&5
conftest.c:44:22: error: winioctl.h: No such file or directory
configure:18433: $? = 1
configure: failed program was:
| /* confdefs.h.  */
| #define PACKAGE_NAME ""
| #define PACKAGE_TARNAME ""
| #define PACKAGE_VERSION ""
| #define PACKAGE_STRING ""
| #define PACKAGE_BUGREPORT ""
| #define PACKAGE "gr-bbn"
| #define VERSION "0.0svn"
| #define STDC_HEADERS 1
| #define HAVE_SYS_TYPES_H 1
| #define HAVE_SYS_STAT_H 1
| #define HAVE_STDLIB_H 1
| #define HAVE_STRING_H 1
| #define HAVE_MEMORY_H 1
| #define HAVE_STRINGS_H 1
| #define HAVE_INTTYPES_H 1
| #define HAVE_STDINT_H 1
| #define HAVE_UNISTD_H 1
| #define HAVE_DLFCN_H 1
| #define LT_OBJDIR ".libs/"
| #define HAVE_PYTHON_H 1
| #define OMNITHREAD_POSIX 1
| #define HAVE_GETTIMEOFDAY 1
| #define HAVE_NANOSLEEP 1
| #define STDC_HEADERS 1
| #define HAVE_SYS_WAIT_H 1
| #define HAVE_FCNTL_H 1
| #define HAVE_LIMITS_H 1
| #define HAVE_STRINGS_H 1
| #define HAVE_SYS_IOCTL_H 1
| #define HAVE_SYS_TIME_H 1
| #define HAVE_UNISTD_H 1
| #define HAVE_SYS_MMAN_H 1
| #define TIME_WITH_SYS_TIME 1
| #define HAVE_SYS_TYPES_H 1
| #define HAVE_FCNTL_H 1
| /* end confdefs.h.  */
| 
| 	#if HAVE_WINDOWS_H
| 	#include <windows.h>
| 	#endif
| 
| 
| #include <winioctl.h>
configure:18449: result: no
configure:18402: checking for winbase.h
configure:18427: gcc -c -g -O2   conftest.c >&5
conftest.c:44:21: error: winbase.h: No such file or directory
configure:18433: $? = 1
configure: failed program was:
| /* confdefs.h.  */
| #define PACKAGE_NAME ""
| #define PACKAGE_TARNAME ""
| #define PACKAGE_VERSION ""
| #define PACKAGE_STRING ""
| #define PACKAGE_BUGREPORT ""
| #define PACKAGE "gr-bbn"
| #define VERSION "0.0svn"
| #define STDC_HEADERS 1
| #define HAVE_SYS_TYPES_H 1
| #define HAVE_SYS_STAT_H 1
| #define HAVE_STDLIB_H 1
| #define HAVE_STRING_H 1
| #define HAVE_MEMORY_H 1
| #define HAVE_STRINGS_H 1
| #define HAVE_INTTYPES_H 1
| #define HAVE_STDINT_H 1
| #define HAVE_UNISTD_H 1
| #define HAVE_DLFCN_H 1
| #define LT_OBJDIR ".libs/"
| #define HAVE_PYTHON_H 1
| #define OMNITHREAD_POSIX 1
| #define HAVE_GETTIMEOFDAY 1
| #define HAVE_NANOSLEEP 1
| #define STDC_HEADERS 1
| #define HAVE_SYS_WAIT_H 1
| #define HAVE_FCNTL_H 1
| #define HAVE_LIMITS_H 1
| #define HAVE_STRINGS_H 1
| #define HAVE_SYS_IOCTL_H 1
| #define HAVE_SYS_TIME_H 1
| #define HAVE_UNISTD_H 1
| #define HAVE_SYS_MMAN_H 1
| #define TIME_WITH_SYS_TIME 1
| #define HAVE_SYS_TYPES_H 1
| #define HAVE_FCNTL_H 1
| /* end confdefs.h.  */
| 
| 	#if HAVE_WINDOWS_H
| 	#include <windows.h>
| 	#endif
| 
| 
| #include <winbase.h>
configure:18449: result: no
configure:18474: checking for getopt
configure:18530: gcc -o conftest -g -O2    conftest.c  >&5
configure:18536: $? = 0
configure:18554: result: yes
configure:18474: checking for usleep
configure:18530: gcc -o conftest -g -O2    conftest.c  >&5
configure:18536: $? = 0
configure:18554: result: yes
configure:18474: checking for gettimeofday
configure:18554: result: yes
configure:18474: checking for nanosleep
configure:18554: result: yes
configure:18474: checking for rand
configure:18530: gcc -o conftest -g -O2    conftest.c  >&5
configure:18536: $? = 0
configure:18554: result: yes
configure:18474: checking for srand
configure:18530: gcc -o conftest -g -O2    conftest.c  >&5
configure:18536: $? = 0
configure:18554: result: yes
configure:18474: checking for random
configure:18530: gcc -o conftest -g -O2    conftest.c  >&5
configure:18536: $? = 0
configure:18554: result: yes
configure:18474: checking for srandom
configure:18530: gcc -o conftest -g -O2    conftest.c  >&5
configure:18536: $? = 0
configure:18554: result: yes
configure:18474: checking for sleep
configure:18530: gcc -o conftest -g -O2    conftest.c  >&5
configure:18536: $? = 0
configure:18554: result: yes
configure:18474: checking for sigaction
configure:18530: gcc -o conftest -g -O2    conftest.c  >&5
configure:18536: $? = 0
configure:18554: result: yes
configure:18564: checking for struct timezone
configure:18609: gcc -c -g -O2   conftest.c >&5
configure:18615: $? = 0
configure:18630: result: yes
configure:18640: checking for struct timespec
configure:18685: gcc -c -g -O2   conftest.c >&5
configure:18691: $? = 0
configure:18706: result: yes
configure:18716: checking for ssize_t
configure:18761: gcc -c -g -O2   conftest.c >&5
configure:18767: $? = 0
configure:18782: result: yes
configure:18800: checking for getopt
configure:18880: result: yes
configure:18800: checking for usleep
configure:18880: result: yes
configure:18800: checking for gettimeofday
configure:18880: result: yes
configure:18900: checking for Sleep
configure:18925: gcc -o conftest -g -O2    conftest.c  >&5
conftest.c:54:24: error: windows.h: No such file or directory
conftest.c:55:37: error: winbase.h: No such file or directory
configure:18931: $? = 1
configure: failed program was:
| /* confdefs.h.  */
| #define PACKAGE_NAME ""
| #define PACKAGE_TARNAME ""
| #define PACKAGE_VERSION ""
| #define PACKAGE_STRING ""
| #define PACKAGE_BUGREPORT ""
| #define PACKAGE "gr-bbn"
| #define VERSION "0.0svn"
| #define STDC_HEADERS 1
| #define HAVE_SYS_TYPES_H 1
| #define HAVE_SYS_STAT_H 1
| #define HAVE_STDLIB_H 1
| #define HAVE_STRING_H 1
| #define HAVE_MEMORY_H 1
| #define HAVE_STRINGS_H 1
| #define HAVE_INTTYPES_H 1
| #define HAVE_STDINT_H 1
| #define HAVE_UNISTD_H 1
| #define HAVE_DLFCN_H 1
| #define LT_OBJDIR ".libs/"
| #define HAVE_PYTHON_H 1
| #define OMNITHREAD_POSIX 1
| #define HAVE_GETTIMEOFDAY 1
| #define HAVE_NANOSLEEP 1
| #define STDC_HEADERS 1
| #define HAVE_SYS_WAIT_H 1
| #define HAVE_FCNTL_H 1
| #define HAVE_LIMITS_H 1
| #define HAVE_STRINGS_H 1
| #define HAVE_SYS_IOCTL_H 1
| #define HAVE_SYS_TIME_H 1
| #define HAVE_UNISTD_H 1
| #define HAVE_SYS_MMAN_H 1
| #define TIME_WITH_SYS_TIME 1
| #define HAVE_SYS_TYPES_H 1
| #define HAVE_FCNTL_H 1
| #define HAVE_GETOPT 1
| #define HAVE_USLEEP 1
| #define HAVE_GETTIMEOFDAY 1
| #define HAVE_NANOSLEEP 1
| #define HAVE_RAND 1
| #define HAVE_SRAND 1
| #define HAVE_RANDOM 1
| #define HAVE_SRANDOM 1
| #define HAVE_SLEEP 1
| #define HAVE_SIGACTION 1
| #define HAVE_STRUCT_TIMEZONE 1
| #define HAVE_STRUCT_TIMESPEC 1
| #define HAVE_SSIZE_T 1
| #define HAVE_GETOPT 1
| #define HAVE_USLEEP 1
| #define HAVE_GETTIMEOFDAY 1
| /* end confdefs.h.  */
|    #include <windows.h>
|                 #include <winbase.h>
| 
| int
| main ()
| {
|  Sleep(0);
|   ;
|   return 0;
| }
configure:18948: result: no
configure:18956: checking whether mkdir accepts only one arg
configure:18983: gcc -c -g -O2   conftest.c >&5
conftest.c: In function 'main':
conftest.c:61: error: too few arguments to function 'mkdir'
configure:18989: $? = 1
configure: failed program was:
| /* confdefs.h.  */
| #define PACKAGE_NAME ""
| #define PACKAGE_TARNAME ""
| #define PACKAGE_VERSION ""
| #define PACKAGE_STRING ""
| #define PACKAGE_BUGREPORT ""
| #define PACKAGE "gr-bbn"
| #define VERSION "0.0svn"
| #define STDC_HEADERS 1
| #define HAVE_SYS_TYPES_H 1
| #define HAVE_SYS_STAT_H 1
| #define HAVE_STDLIB_H 1
| #define HAVE_STRING_H 1
| #define HAVE_MEMORY_H 1
| #define HAVE_STRINGS_H 1
| #define HAVE_INTTYPES_H 1
| #define HAVE_STDINT_H 1
| #define HAVE_UNISTD_H 1
| #define HAVE_DLFCN_H 1
| #define LT_OBJDIR ".libs/"
| #define HAVE_PYTHON_H 1
| #define OMNITHREAD_POSIX 1
| #define HAVE_GETTIMEOFDAY 1
| #define HAVE_NANOSLEEP 1
| #define STDC_HEADERS 1
| #define HAVE_SYS_WAIT_H 1
| #define HAVE_FCNTL_H 1
| #define HAVE_LIMITS_H 1
| #define HAVE_STRINGS_H 1
| #define HAVE_SYS_IOCTL_H 1
| #define HAVE_SYS_TIME_H 1
| #define HAVE_UNISTD_H 1
| #define HAVE_SYS_MMAN_H 1
| #define TIME_WITH_SYS_TIME 1
| #define HAVE_SYS_TYPES_H 1
| #define HAVE_FCNTL_H 1
| #define HAVE_GETOPT 1
| #define HAVE_USLEEP 1
| #define HAVE_GETTIMEOFDAY 1
| #define HAVE_NANOSLEEP 1
| #define HAVE_RAND 1
| #define HAVE_SRAND 1
| #define HAVE_RANDOM 1
| #define HAVE_SRANDOM 1
| #define HAVE_SLEEP 1
| #define HAVE_SIGACTION 1
| #define HAVE_STRUCT_TIMEZONE 1
| #define HAVE_STRUCT_TIMESPEC 1
| #define HAVE_SSIZE_T 1
| #define HAVE_GETOPT 1
| #define HAVE_USLEEP 1
| #define HAVE_GETTIMEOFDAY 1
| /* end confdefs.h.  */
| #include <sys/types.h>
|        #include <sys/stat.h>
|        #include <fcntl.h>
| int
| main ()
| {
| 
|        mkdir("")
| 
|   ;
|   return 0;
| }
configure:19005: result: no
configure:19024: checking for pkg-config
configure:19042: found /opt/local/bin/pkg-config
configure:19055: result: /opt/local/bin/pkg-config
configure:19077: checking for gnuradio-core >= 2
configure:19081: result: yes
configure:19085: checking GNURADIO_CORE_CFLAGS
configure:19088: result: -D_THREAD_SAFE -DOMNITHREAD_POSIX=1 -I/opt/local/include -I/usr/local/include/gnuradio -I/usr/local/include  
configure:19091: checking GNURADIO_CORE_LIBS
configure:19094: result: -L/opt/local/lib -L/usr/local/lib -lboost_thread-mt -lboost_date_time-mt -lgnuradio-core -lgruel -lfftw3f -lgsl -lgslcblas -lm -lgromnithread  
configure:19097: checking GNURADIO_CORE_INCLUDEDIR
configure:19100: result: /usr/local/include/gnuradio
configure:19170: checking boost/shared_ptr.hpp usability
configure:19187: g++ -c -g -O2 -Wall -Woverloaded-virtual   -I/opt/local/include conftest.cpp >&5
configure:19193: $? = 0
configure:19207: result: yes
configure:19211: checking boost/shared_ptr.hpp presence
configure:19226: g++ -E  -I/opt/local/include conftest.cpp
configure:19232: $? = 0
configure:19246: result: yes
configure:19274: checking for boost/shared_ptr.hpp
configure:19281: result: yes
configure:19760: creating ./config.status

## ---------------------- ##
## Running config.status. ##
## ---------------------- ##

This file was extended by config.status, which was
generated by GNU Autoconf 2.61.  Invocation command line was

  CONFIG_FILES    = 
  CONFIG_HEADERS  = 
  CONFIG_LINKS    = 
  CONFIG_COMMANDS = 
  $ ./config.status 

on Q9550.local

config.status:952: creating Makefile
config.status:952: creating config/Makefile
config.status:952: creating doc/Makefile
config.status:952: creating src/Makefile
config.status:952: creating src/bbn/Makefile
config.status:952: creating src/examples/Makefile
config.status:952: creating config.h
config.status:1266: executing depfiles commands
config.status:1266: executing libtool commands

## ---------------- ##
## Cache variables. ##
## ---------------- ##

ac_cv_build=i386-apple-darwin10.0.0
ac_cv_c_compiler_gnu=yes
ac_cv_c_const=yes
ac_cv_c_inline=inline
ac_cv_cxx_compiler_gnu=yes
ac_cv_env_CCC_set=
ac_cv_env_CCC_value=
ac_cv_env_CC_set=
ac_cv_env_CC_value=
ac_cv_env_CFLAGS_set=
ac_cv_env_CFLAGS_value=
ac_cv_env_CPPFLAGS_set=
ac_cv_env_CPPFLAGS_value=
ac_cv_env_CPP_set=
ac_cv_env_CPP_value=
ac_cv_env_CXXCPP_set=
ac_cv_env_CXXCPP_value=
ac_cv_env_CXXFLAGS_set=
ac_cv_env_CXXFLAGS_value=
ac_cv_env_CXX_set=
ac_cv_env_CXX_value=
ac_cv_env_LDFLAGS_set=
ac_cv_env_LDFLAGS_value=
ac_cv_env_LIBS_set=
ac_cv_env_LIBS_value=
ac_cv_env_build_alias_set=
ac_cv_env_build_alias_value=
ac_cv_env_host_alias_set=
ac_cv_env_host_alias_value=
ac_cv_env_target_alias_set=
ac_cv_env_target_alias_value=
ac_cv_func_clock_gettime=no
ac_cv_func_getopt=yes
ac_cv_func_gettimeofday=yes
ac_cv_func_nanosleep=yes
ac_cv_func_rand=yes
ac_cv_func_random=yes
ac_cv_func_sigaction=yes
ac_cv_func_sleep=yes
ac_cv_func_srand=yes
ac_cv_func_srandom=yes
ac_cv_func_usleep=yes
ac_cv_header_Python_h=yes
ac_cv_header_boost_shared_ptr_hpp=yes
ac_cv_header_dlfcn_h=yes
ac_cv_header_fcntl_h=yes
ac_cv_header_inttypes_h=yes
ac_cv_header_io_h=no
ac_cv_header_limits_h=yes
ac_cv_header_memory_h=yes
ac_cv_header_stdc=yes
ac_cv_header_stdint_h=yes
ac_cv_header_stdlib_h=yes
ac_cv_header_string_h=yes
ac_cv_header_strings_h=yes
ac_cv_header_sys_ioctl_h=yes
ac_cv_header_sys_mman_h=yes
ac_cv_header_sys_stat_h=yes
ac_cv_header_sys_time_h=yes
ac_cv_header_sys_types_h=yes
ac_cv_header_sys_wait_h=yes
ac_cv_header_time=yes
ac_cv_header_unistd_h=yes
ac_cv_header_winbase_h=no
ac_cv_header_windows_h=no
ac_cv_header_winioctl_h=no
ac_cv_host=i386-apple-darwin10.0.0
ac_cv_objext=o
ac_cv_path_EGREP='/usr/bin/grep -E'
ac_cv_path_FGREP='/usr/bin/grep -F'
ac_cv_path_GREP=/usr/bin/grep
ac_cv_path_PKG_CONFIG=/opt/local/bin/pkg-config
ac_cv_path_PYTHON=/usr/bin/python
ac_cv_path_SED=/opt/local/bin/gsed
ac_cv_path_install='/usr/bin/install -c'
ac_cv_path_mkdir=/opt/local/bin/mkdir
ac_cv_prog_AWK=gawk
ac_cv_prog_CPP='gcc -E'
ac_cv_prog_CXXCPP='g++ -E'
ac_cv_prog_PTHREAD_CC=gcc
ac_cv_prog_SWIG=/usr/bin/swig
ac_cv_prog_ac_ct_AR=ar
ac_cv_prog_ac_ct_CC=gcc
ac_cv_prog_ac_ct_CXX=g++
ac_cv_prog_ac_ct_DSYMUTIL=dsymutil
ac_cv_prog_ac_ct_LIPO=lipo
ac_cv_prog_ac_ct_NMEDIT=nmedit
ac_cv_prog_ac_ct_OTOOL=otool
ac_cv_prog_ac_ct_RANLIB=ranlib
ac_cv_prog_ac_ct_STRIP=strip
ac_cv_prog_cc_c89=
ac_cv_prog_cc_g=yes
ac_cv_prog_cxx_g=yes
ac_cv_prog_make_make_set=yes
ac_cv_search_clock_gettime=no
ac_cv_target=i386-apple-darwin10.0.0
ac_cv_type_size_t=yes
ac_cv_type_ssize_t=yes
ac_cv_type_struct_timespec=yes
ac_cv_type_struct_timezone=yes
am_cv_CC_dependencies_compiler_type=gcc3
am_cv_CXX_dependencies_compiler_type=gcc3
am_cv_python_platform=darwin
am_cv_python_pyexecdir='${exec_prefix}/lib/python2.6/site-packages'
am_cv_python_pythondir='${prefix}/lib/python2.6/site-packages'
am_cv_python_version=2.6
lt_cv_apple_cc_single_mod=yes
lt_cv_deplibs_check_method=pass_all
lt_cv_file_magic_cmd='$MAGIC_CMD'
lt_cv_file_magic_test_file=
lt_cv_ld_exported_symbols_list=yes
lt_cv_ld_reload_flag=-r
lt_cv_nm_interface='BSD nm'
lt_cv_objdir=.libs
lt_cv_path_LD=/usr/libexec/gcc/i686-apple-darwin10/4.2.1/ld
lt_cv_path_LDCXX=/usr/libexec/gcc/i686-apple-darwin10/4.2.1/ld
lt_cv_path_NM=/usr/bin/nm
lt_cv_prog_compiler_c_o=yes
lt_cv_prog_compiler_c_o_CXX=yes
lt_cv_prog_compiler_pic_works=yes
lt_cv_prog_compiler_pic_works_CXX=yes
lt_cv_prog_compiler_rtti_exceptions=no
lt_cv_prog_compiler_static_works=no
lt_cv_prog_compiler_static_works_CXX=no
lt_cv_prog_gnu_ld=no
lt_cv_prog_gnu_ldcxx=no
lt_cv_sys_global_symbol_pipe='sed -n -e '\''s/^.*[	 ]\([BCDEGRST][BCDEGRST]*\)[	 ][	 ]*_\([_A-Za-z][_A-Za-z0-9]*\)$/\1 _\2 \2/p'\'''
lt_cv_sys_global_symbol_to_c_name_address='sed -n -e '\''s/^: \([^ ]*\) $/  {\"\1\", (void *) 0},/p'\'' -e '\''s/^[BCDEGRST]* \([^ ]*\) \([^ ]*\)$/  {"\2", (void *) \&\2},/p'\'''
lt_cv_sys_global_symbol_to_c_name_address_lib_prefix='sed -n -e '\''s/^: \([^ ]*\) $/  {\"\1\", (void *) 0},/p'\'' -e '\''s/^[BCDEGRST]* \([^ ]*\) \(lib[^ ]*\)$/  {"\2", (void *) \&\2},/p'\'' -e '\''s/^[BCDEGRST]* \([^ ]*\) \([^ ]*\)$/  {"lib\2", (void *) \&\2},/p'\'''
lt_cv_sys_global_symbol_to_cdecl='sed -n -e '\''s/^T .* \(.*\)$/extern int \1();/p'\'' -e '\''s/^[BCDEGRST]* .* \(.*\)$/extern char \1;/p'\'''
lt_cv_sys_max_cmd_len=196608

## ----------------- ##
## Output variables. ##
## ----------------- ##

ACLOCAL='${SHELL} /Users/gnychis/Documents/bbn_80211_usrp2/gr-bbn/missing --run aclocal-1.10'
AMDEPBACKSLASH='\'
AMDEP_FALSE='#'
AMDEP_TRUE=''
AMTAR='${SHELL} /Users/gnychis/Documents/bbn_80211_usrp2/gr-bbn/missing --run tar'
AR='ar'
AS='as'
AUTOCONF='${SHELL} /Users/gnychis/Documents/bbn_80211_usrp2/gr-bbn/missing --run autoconf'
AUTOHEADER='${SHELL} /Users/gnychis/Documents/bbn_80211_usrp2/gr-bbn/missing --run autoheader'
AUTOMAKE='${SHELL} /Users/gnychis/Documents/bbn_80211_usrp2/gr-bbn/missing --run automake-1.10'
AWK='gawk'
BOOST_CFLAGS='-I/opt/local/include'
CC='gcc'
CCAS='$(CC)'
CCASFLAGS='$(CFLAGS)'
CCDEPMODE='depmode=gcc3'
CFLAGS='-g -O2 '
CPP='gcc -E'
CPPFLAGS=''
CXX='g++'
CXXCPP='g++ -E'
CXXDEPMODE='depmode=gcc3'
CXXFLAGS='-g -O2 -Wall -Woverloaded-virtual '
CXX_FOR_BUILD='g++'
CYGPATH_W='echo'
DEFS='-DHAVE_CONFIG_H'
DEPDIR='.deps'
DLLTOOL='dlltool'
DSYMUTIL='dsymutil'
DUMPBIN=''
ECHO_C='ECHO_N=''
ECHO_T=''
EGREP='/usr/bin/grep -E'
EXEEXT=''
FGREP='/usr/bin/grep -F'
GNURADIO_CORE_CFLAGS='-D_THREAD_SAFE -DOMNITHREAD_POSIX=1 -I/opt/local/include -I/usr/local/include/gnuradio -I/usr/local/include  '
GNURADIO_CORE_INCLUDEDIR='/usr/local/include/gnuradio'
GNURADIO_CORE_LIBS='-L/opt/local/lib -L/usr/local/lib -lboost_thread-mt -lboost_date_time-mt -lgnuradio-core -lgruel -lfftw3f -lgsl -lgslcblas -lm -lgromnithread  '
GREP='/usr/bin/grep'
INSTALL_DATA='${INSTALL} -m 644'
INSTALL_PROGRAM='${INSTALL}'
INSTALL_SCRIPT='${INSTALL}'
INSTALL_STRIP_PROGRAM='$(install_sh) -c -s'
LD='/usr/libexec/gcc/i686-apple-darwin10/4.2.1/ld'
LDFLAGS=''
LIBOBJS=''
LIBS=' -L/opt/local/lib -L/usr/local/lib -lboost_thread-mt -lboost_date_time-mt -lgnuradio-core -lgruel -lfftw3f -lgsl -lgslcblas -lm -lgromnithread  '
LIBTOOL='$(SHELL) $(top_builddir)/libtool'
LIPO='lipo'
LN_S='ln -s'
LTLIBOBJS=''
MAKEINFO='${SHELL} /Users/gnychis/Documents/bbn_80211_usrp2/gr-bbn/missing --run makeinfo'
NM='/usr/bin/nm'
NMEDIT='nmedit'
NO_UNDEFINED=''
OBJDUMP='objdump'
OBJEXT='o'
OMNITHREAD_NT_FALSE=''
OMNITHREAD_NT_TRUE='#'
OMNITHREAD_POSIX_FALSE='#'
OMNITHREAD_POSIX_TRUE=''
OTOOL64=':'
OTOOL='otool'
PACKAGE='gr-bbn'
PACKAGE_BUGREPORT=''
PACKAGE_NAME=''
PACKAGE_STRING=''
PACKAGE_TARNAME=''
PACKAGE_VERSION=''
PATH_SEPARATOR=':'
PKG_CONFIG='/opt/local/bin/pkg-config'
PTHREAD_CC='gcc'
PTHREAD_CFLAGS=''
PTHREAD_LIBS=''
PYTHON='/usr/bin/python'
PYTHON_CPPFLAGS='-I/System/Library/Frameworks/Python.framework/Versions/2.6/include/python2.6'
PYTHON_EXEC_PREFIX='${exec_prefix}'
PYTHON_LDFLAGS=''
PYTHON_PLATFORM='darwin'
PYTHON_PREFIX='${prefix}'
PYTHON_VERSION='2.6'
RANLIB='ranlib'
SED='/opt/local/bin/gsed'
SET_MAKE=''
SHELL='/bin/sh'
STD_DEFINES_AND_INCLUDES='-D_THREAD_SAFE -DOMNITHREAD_POSIX=1 -I/opt/local/include -I/usr/local/include/gnuradio -I/usr/local/include   -I/opt/local/include'
STRIP='strip'
SWIG='/usr/bin/swig -c++'
SWIG_PYTHON_CPPFLAGS='-I/System/Library/Frameworks/Python.framework/Versions/2.6/include/python2.6'
SWIG_PYTHON_LIB='-lswigpy'
SWIG_PYTHON_OPT='-python'
VERSION='0.0svn'
ac_ct_CC='gcc'
ac_ct_CXX='g++'
ac_ct_DUMPBIN=''
am__fastdepCC_FALSE='#'
am__fastdepCC_TRUE=''
am__fastdepCXX_FALSE='#'
am__fastdepCXX_TRUE=''
am__include='include'
am__isrc=''
am__leading_dot='.'
am__quote=''
am__tar='${AMTAR} chof - "$$tardir"'
am__untar='${AMTAR} xf -'
bindir='${exec_prefix}/bin'
build='i386-apple-darwin10.0.0'
build_alias=''
build_cpu='i386'
build_os='darwin10.0.0'
build_vendor='apple'
datadir='${datarootdir}'
datarootdir='${prefix}/share'
docdir='${datarootdir}/doc/${PACKAGE}'
dvidir='${docdir}'
exec_prefix='${prefix}'
host='i386-apple-darwin10.0.0'
host_alias=''
host_cpu='i386'
host_os='darwin10.0.0'
host_vendor='apple'
htmldir='${docdir}'
includedir='${prefix}/include'
infodir='${datarootdir}/info'
install_sh='$(SHELL) /Users/gnychis/Documents/bbn_80211_usrp2/gr-bbn/install-sh'
libdir='${exec_prefix}/lib'
libexecdir='${exec_prefix}/libexec'
localedir='${datarootdir}/locale'
localstatedir='${prefix}/var'
lt_ECHO='/bin/echo'
mandir='${datarootdir}/man'
mkdir_p='/opt/local/bin/mkdir -p'
oldincludedir='/usr/include'
pdfdir='${docdir}'
pkgpyexecdir='${pyexecdir}/gr-bbn'
pkgpythondir='${pythondir}/gr-bbn'
prefix='/usr/local'
program_transform_name='s,x,x,'
psdir='${docdir}'
pyexecdir='${exec_prefix}/lib/python2.6/site-packages'
pythondir='${prefix}/lib/python2.6/site-packages'
sbindir='${exec_prefix}/sbin'
sharedstatedir='${prefix}/com'
sysconfdir='${prefix}/etc'
target='i386-apple-darwin10.0.0'
target_alias=''
target_cpu='i386'
target_os='darwin10.0.0'
target_vendor='apple'

## ----------- ##
## confdefs.h. ##
## ----------- ##

#define PACKAGE_NAME ""
#define PACKAGE_TARNAME ""
#define PACKAGE_VERSION ""
#define PACKAGE_STRING ""
#define PACKAGE_BUGREPORT ""
#define PACKAGE "gr-bbn"
#define VERSION "0.0svn"
#define STDC_HEADERS 1
#define HAVE_SYS_TYPES_H 1
#define HAVE_SYS_STAT_H 1
#define HAVE_STDLIB_H 1
#define HAVE_STRING_H 1
#define HAVE_MEMORY_H 1
#define HAVE_STRINGS_H 1
#define HAVE_INTTYPES_H 1
#define HAVE_STDINT_H 1
#define HAVE_UNISTD_H 1
#define HAVE_DLFCN_H 1
#define LT_OBJDIR ".libs/"
#define HAVE_PYTHON_H 1
#define OMNITHREAD_POSIX 1
#define HAVE_GETTIMEOFDAY 1
#define HAVE_NANOSLEEP 1
#define STDC_HEADERS 1
#define HAVE_SYS_WAIT_H 1
#define HAVE_FCNTL_H 1
#define HAVE_LIMITS_H 1
#define HAVE_STRINGS_H 1
#define HAVE_SYS_IOCTL_H 1
#define HAVE_SYS_TIME_H 1
#define HAVE_UNISTD_H 1
#define HAVE_SYS_MMAN_H 1
#define TIME_WITH_SYS_TIME 1
#define HAVE_SYS_TYPES_H 1
#define HAVE_FCNTL_H 1
#define HAVE_GETOPT 1
#define HAVE_USLEEP 1
#define HAVE_GETTIMEOFDAY 1
#define HAVE_NANOSLEEP 1
#define HAVE_RAND 1
#define HAVE_SRAND 1
#define HAVE_RANDOM 1
#define HAVE_SRANDOM 1
#define HAVE_SLEEP 1
#define HAVE_SIGACTION 1
#define HAVE_STRUCT_TIMEZONE 1
#define HAVE_STRUCT_TIMESPEC 1
#define HAVE_SSIZE_T 1
#define HAVE_GETOPT 1
#define HAVE_USLEEP 1
#define HAVE_GETTIMEOFDAY 1

configure: exit 0
