This file contains any messages produced by compilers while
running configure, to aid debugging if configure makes a mistake.

It was created by gr-rfid-monitor configure 3.2.2, which was
generated by GNU Autoconf 2.64.  Invocation command line was

  $ ./configure --no-create --no-recursion

## --------- ##
## Platform. ##
## --------- ##

hostname = danilo-desktop
uname -m = i686
uname -r = 2.6.31-22-generic-pae
uname -s = Linux
uname -v = #65-Ubuntu SMP Thu Sep 16 16:02:41 UTC 2010

/usr/bin/uname -p = unknown
/bin/uname -X     = unknown

/bin/arch              = unknown
/usr/bin/arch -k       = unknown
/usr/convex/getsysinfo = unknown
/usr/bin/hostinfo      = unknown
/bin/machine           = unknown
/usr/bin/oslevel       = unknown
/bin/universe          = unknown

PATH: /usr/local/sbin
PATH: /usr/local/bin
PATH: /usr/sbin
PATH: /usr/bin
PATH: /sbin
PATH: /bin
PATH: /usr/games
PATH: /usr/local/cuda/bin
PATH: /usr/local/cuda/include
PATH: /home/danilo/Scrivania


## ----------- ##
## Core tests. ##
## ----------- ##

configure:2584: checking build system type
configure:2598: result: i686-pc-linux-gnu
configure:2618: checking host system type
configure:2631: result: i686-pc-linux-gnu
configure:2651: checking target system type
configure:2664: result: i686-pc-linux-gnu
configure:2707: checking for a BSD-compatible install
configure:2775: result: /usr/bin/install -c
configure:2786: checking whether build environment is sane
configure:2836: result: yes
configure:2977: checking for a thread-safe mkdir -p
configure:3016: result: /bin/mkdir -p
configure:3029: checking for gawk
configure:3059: result: no
configure:3029: checking for mawk
configure:3045: found /usr/bin/mawk
configure:3056: result: mawk
configure:3067: checking whether make sets $(MAKE)
configure:3089: result: yes
configure:3186: checking for style of include used by make
configure:3214: result: GNU
configure:3284: checking for gcc
configure:3300: found /usr/bin/gcc
configure:3311: result: gcc
configure:3540: checking for C compiler version
configure:3549: gcc --version >&5
gcc (Ubuntu 4.4.1-4ubuntu9) 4.4.1
Copyright (C) 2009 Free Software Foundation, Inc.
This is free software; see the source for copying conditions.  There is NO
warranty; not even for MERCHANTABILITY or FITNESS FOR A PARTICULAR PURPOSE.

configure:3560: $? = 0
configure:3549: gcc -v >&5
Using built-in specs.
Target: i486-linux-gnu
Configured with: ../src/configure -v --with-pkgversion='Ubuntu 4.4.1-4ubuntu9' --with-bugurl=file:///usr/share/doc/gcc-4.4/README.Bugs --enable-languages=c,c++,fortran,objc,obj-c++ --prefix=/usr --enable-shared --enable-multiarch --enable-linker-build-id --with-system-zlib --libexecdir=/usr/lib --without-included-gettext --enable-threads=posix --with-gxx-include-dir=/usr/include/c++/4.4 --program-suffix=-4.4 --enable-nls --enable-clocale=gnu --enable-libstdcxx-debug --enable-objc-gc --enable-targets=all --disable-werror --with-arch-32=i486 --with-tune=generic --enable-checking=release --build=i486-linux-gnu --host=i486-linux-gnu --target=i486-linux-gnu
Thread model: posix
gcc version 4.4.1 (Ubuntu 4.4.1-4ubuntu9) 
configure:3560: $? = 0
configure:3549: gcc -V >&5
gcc: '-V' option must have argument
configure:3560: $? = 1
configure:3549: gcc -qversion >&5
gcc: unrecognized option '-qversion'
gcc: no input files
configure:3560: $? = 1
configure:3582: checking for C compiler default output file name
configure:3604: gcc    conftest.c  >&5
configure:3608: $? = 0
configure:3645: result: a.out
configure:3661: checking whether the C compiler works
configure:3670: ./a.out
configure:3674: $? = 0
configure:3689: result: yes
configure:3696: checking whether we are cross compiling
configure:3698: result: no
configure:3701: checking for suffix of executables
configure:3708: gcc -o conftest    conftest.c  >&5
configure:3712: $? = 0
configure:3734: result: 
configure:3740: checking for suffix of object files
configure:3762: gcc -c   conftest.c >&5
configure:3766: $? = 0
configure:3787: result: o
configure:3791: checking whether we are using the GNU C compiler
configure:3810: gcc -c   conftest.c >&5
configure:3810: $? = 0
configure:3819: result: yes
configure:3828: checking whether gcc accepts -g
configure:3848: gcc -c -g  conftest.c >&5
configure:3848: $? = 0
configure:3889: result: yes
configure:3906: checking for gcc option to accept ISO C89
configure:3970: gcc  -c -g -O2  conftest.c >&5
configure:3970: $? = 0
configure:3983: result: none needed
configure:4005: checking dependency style of gcc
configure:4115: result: gcc3
configure:4135: checking how to run the C preprocessor
configure:4166: gcc -E  conftest.c
configure:4166: $? = 0
configure:4180: gcc -E  conftest.c
conftest.c:11:28: error: ac_nonexistent.h: No such file or directory
configure:4180: $? = 1
configure: failed program was:
| /* confdefs.h */
| #define PACKAGE_NAME "gr-rfid-monitor"
| #define PACKAGE_TARNAME "gr-rfid-monitor"
| #define PACKAGE_VERSION "3.2.2"
| #define PACKAGE_STRING "gr-rfid-monitor 3.2.2"
| #define PACKAGE_BUGREPORT ""
| #define PACKAGE_URL ""
| #define PACKAGE "gr-rfid-monitor"
| #define VERSION "3.2.2"
| /* end confdefs.h.  */
| #include <ac_nonexistent.h>
configure:4205: result: gcc -E
configure:4225: gcc -E  conftest.c
configure:4225: $? = 0
configure:4239: gcc -E  conftest.c
conftest.c:11:28: error: ac_nonexistent.h: No such file or directory
configure:4239: $? = 1
configure: failed program was:
| /* confdefs.h */
| #define PACKAGE_NAME "gr-rfid-monitor"
| #define PACKAGE_TARNAME "gr-rfid-monitor"
| #define PACKAGE_VERSION "3.2.2"
| #define PACKAGE_STRING "gr-rfid-monitor 3.2.2"
| #define PACKAGE_BUGREPORT ""
| #define PACKAGE_URL ""
| #define PACKAGE "gr-rfid-monitor"
| #define VERSION "3.2.2"
| /* end confdefs.h.  */
| #include <ac_nonexistent.h>
configure:4269: checking for grep that handles long lines and -e
configure:4327: result: /bin/grep
configure:4332: checking for egrep
configure:4394: result: /bin/grep -E
configure:4399: checking for ANSI C header files
configure:4419: gcc -c -g -O2  conftest.c >&5
configure:4419: $? = 0
configure:4492: gcc -o conftest -g -O2   conftest.c  >&5
configure:4492: $? = 0
configure:4492: ./conftest
configure:4492: $? = 0
configure:4503: result: yes
configure:4516: checking for sys/types.h
configure:4516: gcc -c -g -O2  conftest.c >&5
configure:4516: $? = 0
configure:4516: result: yes
configure:4516: checking for sys/stat.h
configure:4516: gcc -c -g -O2  conftest.c >&5
configure:4516: $? = 0
configure:4516: result: yes
configure:4516: checking for stdlib.h
configure:4516: gcc -c -g -O2  conftest.c >&5
configure:4516: $? = 0
configure:4516: result: yes
configure:4516: checking for string.h
configure:4516: gcc -c -g -O2  conftest.c >&5
configure:4516: $? = 0
configure:4516: result: yes
configure:4516: checking for memory.h
configure:4516: gcc -c -g -O2  conftest.c >&5
configure:4516: $? = 0
configure:4516: result: yes
configure:4516: checking for strings.h
configure:4516: gcc -c -g -O2  conftest.c >&5
configure:4516: $? = 0
configure:4516: result: yes
configure:4516: checking for inttypes.h
configure:4516: gcc -c -g -O2  conftest.c >&5
configure:4516: $? = 0
configure:4516: result: yes
configure:4516: checking for stdint.h
configure:4516: gcc -c -g -O2  conftest.c >&5
configure:4516: $? = 0
configure:4516: result: yes
configure:4516: checking for unistd.h
configure:4516: gcc -c -g -O2  conftest.c >&5
configure:4516: $? = 0
configure:4516: result: yes
configure:4530: checking minix/config.h usability
configure:4530: gcc -c -g -O2  conftest.c >&5
conftest.c:54:26: error: minix/config.h: No such file or directory
configure:4530: $? = 1
configure: failed program was:
| /* confdefs.h */
| #define PACKAGE_NAME "gr-rfid-monitor"
| #define PACKAGE_TARNAME "gr-rfid-monitor"
| #define PACKAGE_VERSION "3.2.2"
| #define PACKAGE_STRING "gr-rfid-monitor 3.2.2"
| #define PACKAGE_BUGREPORT ""
| #define PACKAGE_URL ""
| #define PACKAGE "gr-rfid-monitor"
| #define VERSION "3.2.2"
| #define STDC_HEADERS 1
| #define HAVE_SYS_TYPES_H 1
| #define HAVE_SYS_STAT_H 1
| #define HAVE_STDLIB_H 1
| #define HAVE_STRING_H 1
| #define HAVE_MEMORY_H 1
| #define HAVE_STRINGS_H 1
| #define HAVE_INTTYPES_H 1
| #define HAVE_STDINT_H 1
| #define HAVE_UNISTD_H 1
| /* end confdefs.h.  */
| #include <stdio.h>
| #ifdef HAVE_SYS_TYPES_H
| # include <sys/types.h>
| #endif
| #ifdef HAVE_SYS_STAT_H
| # include <sys/stat.h>
| #endif
| #ifdef STDC_HEADERS
| # include <stdlib.h>
| # include <stddef.h>
| #else
| # ifdef HAVE_STDLIB_H
| #  include <stdlib.h>
| # endif
| #endif
| #ifdef HAVE_STRING_H
| # if !defined STDC_HEADERS && defined HAVE_MEMORY_H
| #  include <memory.h>
| # endif
| # include <string.h>
| #endif
| #ifdef HAVE_STRINGS_H
| # include <strings.h>
| #endif
| #ifdef HAVE_INTTYPES_H
| # include <inttypes.h>
| #endif
| #ifdef HAVE_STDINT_H
| # include <stdint.h>
| #endif
| #ifdef HAVE_UNISTD_H
| # include <unistd.h>
| #endif
| #include <minix/config.h>
configure:4530: result: no
configure:4530: checking minix/config.h presence
configure:4530: gcc -E  conftest.c
conftest.c:21:26: error: minix/config.h: No such file or directory
configure:4530: $? = 1
configure: failed program was:
| /* confdefs.h */
| #define PACKAGE_NAME "gr-rfid-monitor"
| #define PACKAGE_TARNAME "gr-rfid-monitor"
| #define PACKAGE_VERSION "3.2.2"
| #define PACKAGE_STRING "gr-rfid-monitor 3.2.2"
| #define PACKAGE_BUGREPORT ""
| #define PACKAGE_URL ""
| #define PACKAGE "gr-rfid-monitor"
| #define VERSION "3.2.2"
| #define STDC_HEADERS 1
| #define HAVE_SYS_TYPES_H 1
| #define HAVE_SYS_STAT_H 1
| #define HAVE_STDLIB_H 1
| #define HAVE_STRING_H 1
| #define HAVE_MEMORY_H 1
| #define HAVE_STRINGS_H 1
| #define HAVE_INTTYPES_H 1
| #define HAVE_STDINT_H 1
| #define HAVE_UNISTD_H 1
| /* end confdefs.h.  */
| #include <minix/config.h>
configure:4530: result: no
configure:4530: checking for minix/config.h
configure:4530: result: no
configure:4551: checking whether it is safe to define __EXTENSIONS__
configure:4569: gcc -c -g -O2  conftest.c >&5
configure:4569: $? = 0
configure:4576: result: yes
configure:4591: checking for library containing strerror
configure:4622: gcc -o conftest -g -O2   conftest.c  >&5
configure:4622: $? = 0
configure:4639: result: none required
configure:4707: checking for g++
configure:4723: found /usr/bin/g++
configure:4734: result: g++
configure:4761: checking for C++ compiler version
configure:4770: g++ --version >&5
g++ (Ubuntu 4.4.1-4ubuntu9) 4.4.1
Copyright (C) 2009 Free Software Foundation, Inc.
This is free software; see the source for copying conditions.  There is NO
warranty; not even for MERCHANTABILITY or FITNESS FOR A PARTICULAR PURPOSE.

configure:4781: $? = 0
configure:4770: g++ -v >&5
Using built-in specs.
Target: i486-linux-gnu
Configured with: ../src/configure -v --with-pkgversion='Ubuntu 4.4.1-4ubuntu9' --with-bugurl=file:///usr/share/doc/gcc-4.4/README.Bugs --enable-languages=c,c++,fortran,objc,obj-c++ --prefix=/usr --enable-shared --enable-multiarch --enable-linker-build-id --with-system-zlib --libexecdir=/usr/lib --without-included-gettext --enable-threads=posix --with-gxx-include-dir=/usr/include/c++/4.4 --program-suffix=-4.4 --enable-nls --enable-clocale=gnu --enable-libstdcxx-debug --enable-objc-gc --enable-targets=all --disable-werror --with-arch-32=i486 --with-tune=generic --enable-checking=release --build=i486-linux-gnu --host=i486-linux-gnu --target=i486-linux-gnu
Thread model: posix
gcc version 4.4.1 (Ubuntu 4.4.1-4ubuntu9) 
configure:4781: $? = 0
configure:4770: g++ -V >&5
g++: '-V' option must have argument
configure:4781: $? = 1
configure:4770: g++ -qversion >&5
g++: unrecognized option '-qversion'
g++: no input files
configure:4781: $? = 1
configure:4785: checking whether we are using the GNU C++ compiler
configure:4804: g++ -c   conftest.cpp >&5
configure:4804: $? = 0
configure:4813: result: yes
configure:4822: checking whether g++ accepts -g
configure:4842: g++ -c -g  conftest.cpp >&5
configure:4842: $? = 0
configure:4883: result: yes
configure:4908: checking dependency style of g++
configure:5018: result: gcc3
configure:5038: checking how to run the C++ preprocessor
configure:5065: g++ -E  conftest.cpp
configure:5065: $? = 0
configure:5079: g++ -E  conftest.cpp
conftest.cpp:26:28: error: ac_nonexistent.h: No such file or directory
configure:5079: $? = 1
configure: failed program was:
| /* confdefs.h */
| #define PACKAGE_NAME "gr-rfid-monitor"
| #define PACKAGE_TARNAME "gr-rfid-monitor"
| #define PACKAGE_VERSION "3.2.2"
| #define PACKAGE_STRING "gr-rfid-monitor 3.2.2"
| #define PACKAGE_BUGREPORT ""
| #define PACKAGE_URL ""
| #define PACKAGE "gr-rfid-monitor"
| #define VERSION "3.2.2"
| #define STDC_HEADERS 1
| #define HAVE_SYS_TYPES_H 1
| #define HAVE_SYS_STAT_H 1
| #define HAVE_STDLIB_H 1
| #define HAVE_STRING_H 1
| #define HAVE_MEMORY_H 1
| #define HAVE_STRINGS_H 1
| #define HAVE_INTTYPES_H 1
| #define HAVE_STDINT_H 1
| #define HAVE_UNISTD_H 1
| #define __EXTENSIONS__ 1
| #define _ALL_SOURCE 1
| #define _GNU_SOURCE 1
| #define _POSIX_PTHREAD_SEMANTICS 1
| #define _TANDEM_SOURCE 1
| /* end confdefs.h.  */
| #include <ac_nonexistent.h>
configure:5104: result: g++ -E
configure:5124: g++ -E  conftest.cpp
configure:5124: $? = 0
configure:5138: g++ -E  conftest.cpp
conftest.cpp:26:28: error: ac_nonexistent.h: No such file or directory
configure:5138: $? = 1
configure: failed program was:
| /* confdefs.h */
| #define PACKAGE_NAME "gr-rfid-monitor"
| #define PACKAGE_TARNAME "gr-rfid-monitor"
| #define PACKAGE_VERSION "3.2.2"
| #define PACKAGE_STRING "gr-rfid-monitor 3.2.2"
| #define PACKAGE_BUGREPORT ""
| #define PACKAGE_URL ""
| #define PACKAGE "gr-rfid-monitor"
| #define VERSION "3.2.2"
| #define STDC_HEADERS 1
| #define HAVE_SYS_TYPES_H 1
| #define HAVE_SYS_STAT_H 1
| #define HAVE_STDLIB_H 1
| #define HAVE_STRING_H 1
| #define HAVE_MEMORY_H 1
| #define HAVE_STRINGS_H 1
| #define HAVE_INTTYPES_H 1
| #define HAVE_STDINT_H 1
| #define HAVE_UNISTD_H 1
| #define __EXTENSIONS__ 1
| #define _ALL_SOURCE 1
| #define _GNU_SOURCE 1
| #define _POSIX_PTHREAD_SEMANTICS 1
| #define _TANDEM_SOURCE 1
| /* end confdefs.h.  */
| #include <ac_nonexistent.h>
configure:5180: checking whether C++ has std::isnan
configure:5195: g++ -c -g -O2  conftest.cpp >&5
configure:5195: $? = 0
configure:5196: result: yes
configure:5219: checking gr_libdir_suffix
configure:5250: result: 
configure:5254: checking whether to append 64 to libdir
configure:5262: result: no
configure:5290: checking whether user wants warnings
configure:5301: result: yes
configure:5314: checking whether gcc accepts -Wall
configure:5319: result: yes
configure:5335: checking whether g++ accepts -Wall
configure:5340: result: yes
configure:5335: checking whether g++ accepts -Woverloaded-virtual
configure:5340: result: yes
configure:5353: checking whether user wants gprof
configure:5363: result: no
configure:5416: checking whether user wants prof
configure:5426: result: no
configure:5487: checking dependency style of gcc
configure:5595: result: gcc3
configure:5610: checking whether ln -s works
configure:5614: result: yes
configure:5621: checking whether make sets $(MAKE)
configure:5643: result: yes
configure:5655: checking for rm
configure:5673: found /bin/rm
configure:5685: result: /bin/rm
configure:6082: checking for a sed that does not truncate output
configure:6146: result: /bin/sed
configure:6164: checking for fgrep
configure:6226: result: /bin/grep -F
configure:6261: checking for ld used by gcc
configure:6328: result: /usr/bin/ld
configure:6335: checking if the linker (/usr/bin/ld) is GNU ld
configure:6350: result: yes
configure:6362: checking for BSD- or MS-compatible name lister (nm)
configure:6411: result: /usr/bin/nm -B
configure:6529: checking the name lister (/usr/bin/nm -B) interface
configure:6536: gcc -c -g -O2 -Wall  conftest.c >&5
configure:6539: /usr/bin/nm -B "conftest.o"
configure:6542: output
00000000 B some_variable
configure:6549: result: BSD nm
configure:6553: checking the maximum length of command line arguments
configure:6673: result: 805306365
configure:6690: checking whether the shell understands some XSI constructs
configure:6700: result: yes
configure:6704: checking whether the shell understands "+="
configure:6710: result: yes
configure:6745: checking for /usr/bin/ld option to reload object files
configure:6752: result: -r
configure:6821: checking for objdump
configure:6848: result: objdump
configure:6877: checking how to recognize dependent libraries
configure:7073: result: pass_all
configure:7133: checking for ar
configure:7149: found /usr/bin/ar
configure:7160: result: ar
configure:7238: checking for strip
configure:7254: found /usr/bin/strip
configure:7265: result: strip
configure:7337: checking for ranlib
configure:7353: found /usr/bin/ranlib
configure:7364: result: ranlib
configure:7454: checking command to parse /usr/bin/nm -B output from gcc object
configure:7572: gcc -c -g -O2 -Wall  conftest.c >&5
configure:7575: $? = 0
configure:7579: /usr/bin/nm -B conftest.o \| sed -n -e 's/^.*[	 ]\([ABCDGIRSTW][ABCDGIRSTW]*\)[	 ][	 ]*\([_A-Za-z][_A-Za-z0-9]*\)$/\1 \2 \2/p' \> conftest.nm
configure:7582: $? = 0
configure:7636: gcc -o conftest -g -O2 -Wall   conftest.c conftstm.o >&5
configure:7639: $? = 0
configure:7677: result: ok
configure:8482: checking for dlfcn.h
configure:8482: gcc -c -g -O2 -Wall  conftest.c >&5
configure:8482: $? = 0
configure:8482: result: yes
configure:8607: checking for C++ compiler version
configure:8616: g++ --version >&5
g++ (Ubuntu 4.4.1-4ubuntu9) 4.4.1
Copyright (C) 2009 Free Software Foundation, Inc.
This is free software; see the source for copying conditions.  There is NO
warranty; not even for MERCHANTABILITY or FITNESS FOR A PARTICULAR PURPOSE.

configure:8627: $? = 0
configure:8616: g++ -v >&5
Using built-in specs.
Target: i486-linux-gnu
Configured with: ../src/configure -v --with-pkgversion='Ubuntu 4.4.1-4ubuntu9' --with-bugurl=file:///usr/share/doc/gcc-4.4/README.Bugs --enable-languages=c,c++,fortran,objc,obj-c++ --prefix=/usr --enable-shared --enable-multiarch --enable-linker-build-id --with-system-zlib --libexecdir=/usr/lib --without-included-gettext --enable-threads=posix --with-gxx-include-dir=/usr/include/c++/4.4 --program-suffix=-4.4 --enable-nls --enable-clocale=gnu --enable-libstdcxx-debug --enable-objc-gc --enable-targets=all --disable-werror --with-arch-32=i486 --with-tune=generic --enable-checking=release --build=i486-linux-gnu --host=i486-linux-gnu --target=i486-linux-gnu
Thread model: posix
gcc version 4.4.1 (Ubuntu 4.4.1-4ubuntu9) 
configure:8627: $? = 0
configure:8616: g++ -V >&5
g++: '-V' option must have argument
configure:8627: $? = 1
configure:8616: g++ -qversion >&5
g++: unrecognized option '-qversion'
g++: no input files
configure:8627: $? = 1
configure:8631: checking whether we are using the GNU C++ compiler
configure:8659: result: yes
configure:8668: checking whether g++ accepts -g
configure:8729: result: yes
configure:8754: checking dependency style of g++
configure:8864: result: gcc3
configure:8887: checking how to run the C++ preprocessor
configure:8953: result: g++ -E
configure:8973: g++ -E  conftest.cpp
configure:8973: $? = 0
configure:8987: g++ -E  conftest.cpp
conftest.cpp:28:28: error: ac_nonexistent.h: No such file or directory
configure:8987: $? = 1
configure: failed program was:
| /* confdefs.h */
| #define PACKAGE_NAME "gr-rfid-monitor"
| #define PACKAGE_TARNAME "gr-rfid-monitor"
| #define PACKAGE_VERSION "3.2.2"
| #define PACKAGE_STRING "gr-rfid-monitor 3.2.2"
| #define PACKAGE_BUGREPORT ""
| #define PACKAGE_URL ""
| #define PACKAGE "gr-rfid-monitor"
| #define VERSION "3.2.2"
| #define STDC_HEADERS 1
| #define HAVE_SYS_TYPES_H 1
| #define HAVE_SYS_STAT_H 1
| #define HAVE_STDLIB_H 1
| #define HAVE_STRING_H 1
| #define HAVE_MEMORY_H 1
| #define HAVE_STRINGS_H 1
| #define HAVE_INTTYPES_H 1
| #define HAVE_STDINT_H 1
| #define HAVE_UNISTD_H 1
| #define __EXTENSIONS__ 1
| #define _ALL_SOURCE 1
| #define _GNU_SOURCE 1
| #define _POSIX_PTHREAD_SEMANTICS 1
| #define _TANDEM_SOURCE 1
| #define CXX_HAS_STD_ISNAN /**/
| #define HAVE_DLFCN_H 1
| /* end confdefs.h.  */
| #include <ac_nonexistent.h>
configure:9130: checking for objdir
configure:9145: result: .libs
configure:9441: checking if gcc supports -fno-rtti -fno-exceptions
configure:9459: gcc -c -g -O2 -Wall  -fno-rtti -fno-exceptions conftest.c >&5
cc1: warning: command line option "-fno-rtti" is valid for C++/ObjC++ but not for C
configure:9463: $? = 0
configure:9476: result: no
configure:9496: checking for gcc option to produce PIC
configure:9768: result: -fPIC -DPIC
configure:9780: checking if gcc PIC flag -fPIC -DPIC works
configure:9798: gcc -c -g -O2 -Wall  -fPIC -DPIC -DPIC conftest.c >&5
configure:9802: $? = 0
configure:9815: result: yes
configure:9839: checking if gcc static flag -static works
configure:9867: result: yes
configure:9882: checking if gcc supports -c -o file.o
configure:9903: gcc -c -g -O2 -Wall  -o out/conftest2.o conftest.c >&5
configure:9907: $? = 0
configure:9929: result: yes
configure:9937: checking if gcc supports -c -o file.o
configure:9984: result: yes
configure:10017: checking whether the gcc linker (/usr/bin/ld) supports shared libraries
configure:11007: result: yes
configure:11044: checking whether -lc should be explicitly linked in
configure:11049: gcc -c -g -O2 -Wall  conftest.c >&5
configure:11052: $? = 0
configure:11067: gcc -shared conftest.o  -v -Wl,-soname -Wl,conftest -o conftest 2\>\&1 \| /bin/grep  -lc  \>/dev/null 2\>\&1
configure:11070: $? = 0
configure:11082: result: no
configure:11246: checking dynamic linker characteristics
configure:11679: gcc -o conftest -g -O2 -Wall   -Wl,-rpath -Wl,/foo conftest.c  >&5
configure:11679: $? = 0
configure:11909: result: GNU/Linux ld.so
configure:12011: checking how to hardcode library paths into programs
configure:12036: result: immediate
configure:12556: checking whether stripping libraries is possible
configure:12561: result: yes
configure:12596: checking if libtool supports shared libraries
configure:12598: result: yes
configure:12601: checking whether to build shared libraries
configure:12622: result: yes
configure:12625: checking whether to build static libraries
configure:12629: result: no
configure:12779: checking for ld used by g++
configure:12846: result: /usr/bin/ld
configure:12853: checking if the linker (/usr/bin/ld) is GNU ld
configure:12868: result: yes
configure:12923: checking whether the g++ linker (/usr/bin/ld) supports shared libraries
configure:13836: result: yes
configure:13864: g++ -c -g -O2 -Wall -Woverloaded-virtual  conftest.cpp >&5
configure:13867: $? = 0
configure:14049: checking for g++ option to produce PIC
configure:14366: result: -fPIC -DPIC
configure:14375: checking if g++ PIC flag -fPIC -DPIC works
configure:14393: g++ -c -g -O2 -Wall -Woverloaded-virtual  -fPIC -DPIC -DPIC conftest.cpp >&5
configure:14397: $? = 0
configure:14410: result: yes
configure:14431: checking if g++ static flag -static works
configure:14459: result: yes
configure:14471: checking if g++ supports -c -o file.o
configure:14492: g++ -c -g -O2 -Wall -Woverloaded-virtual  -o out/conftest2.o conftest.cpp >&5
configure:14496: $? = 0
configure:14518: result: yes
configure:14523: checking if g++ supports -c -o file.o
configure:14570: result: yes
configure:14600: checking whether the g++ linker (/usr/bin/ld) supports shared libraries
configure:14629: result: yes
configure:14766: checking dynamic linker characteristics
configure:15147: g++ -o conftest -g -O2 -Wall -Woverloaded-virtual   -Wl,-rpath -Wl,/foo conftest.cpp  >&5
configure:15147: $? = 0
configure:15377: result: GNU/Linux ld.so
configure:15428: checking how to hardcode library paths into programs
configure:15453: result: immediate
configure:15535: checking for python
configure:15553: found /usr/bin/python
configure:15565: result: /usr/bin/python
configure:15586: checking for python version
configure:15593: result: 2.6
configure:15605: checking for python platform
configure:15612: result: linux2
configure:15619: checking for python script directory
configure:15640: result: ${prefix}/lib/python2.6/dist-packages
configure:15649: checking for python extension module directory
configure:15670: result: ${exec_prefix}/lib/python2.6/dist-packages
configure:15715: checking for Python include path
configure:15731: result: /usr/include/python2.6
configure:15745: checking Python.h usability
configure:15745: gcc -c -g -O2 -Wall  -I/usr/include/python2.6 conftest.c >&5
In file included from /usr/include/python2.6/Python.h:8,
                 from conftest.c:62:
/usr/include/python2.6/pyconfig.h:1028:1: warning: "_POSIX_C_SOURCE" redefined
In file included from /usr/include/stdio.h:28,
                 from conftest.c:29:
/usr/include/features.h:158:1: warning: this is the location of the previous definition
In file included from /usr/include/python2.6/Python.h:8,
                 from conftest.c:62:
/usr/include/python2.6/pyconfig.h:1037:1: warning: "_XOPEN_SOURCE" redefined
In file included from /usr/include/stdio.h:28,
                 from conftest.c:29:
/usr/include/features.h:160:1: warning: this is the location of the previous definition
configure:15745: $? = 0
configure:15745: result: yes
configure:15745: checking Python.h presence
configure:15745: gcc -E  -I/usr/include/python2.6 conftest.c
configure:15745: $? = 0
configure:15745: result: yes
configure:15745: checking for Python.h
configure:15745: result: yes
configure:15815: checking for swig
configure:15831: found /usr/bin/swig
configure:15842: result: /usr/bin/swig
configure:15854: checking for SWIG version
configure:15858: result: 1.3.36
configure:15893: checking for ANSI C header files
configure:15997: result: yes
configure:16006: checking for an ANSI C-conforming const
configure:16071: gcc -c -g -O2 -Wall  conftest.c >&5
conftest.c: In function 'main':
conftest.c:60: warning: 't' is used uninitialized in this function
conftest.c:76: warning: 'b' is used uninitialized in this function
conftest.c:39: warning: 'cs[0]' is used uninitialized in this function
configure:16071: $? = 0
configure:16078: result: yes
configure:16086: checking for inline
configure:16102: gcc -c -g -O2 -Wall  conftest.c >&5
configure:16102: $? = 0
configure:16110: result: inline
configure:16128: checking for size_t
configure:16128: gcc -c -g -O2 -Wall  conftest.c >&5
configure:16128: $? = 0
configure:16128: gcc -c -g -O2 -Wall  conftest.c >&5
conftest.c: In function 'main':
conftest.c:67: error: expected expression before ')' token
configure:16128: $? = 1
configure: failed program was:
| /* confdefs.h */
| #define PACKAGE_NAME "gr-rfid-monitor"
| #define PACKAGE_TARNAME "gr-rfid-monitor"
| #define PACKAGE_VERSION "3.2.2"
| #define PACKAGE_STRING "gr-rfid-monitor 3.2.2"
| #define PACKAGE_BUGREPORT ""
| #define PACKAGE_URL ""
| #define PACKAGE "gr-rfid-monitor"
| #define VERSION "3.2.2"
| #define STDC_HEADERS 1
| #define HAVE_SYS_TYPES_H 1
| #define HAVE_SYS_STAT_H 1
| #define HAVE_STDLIB_H 1
| #define HAVE_STRING_H 1
| #define HAVE_MEMORY_H 1
| #define HAVE_STRINGS_H 1
| #define HAVE_INTTYPES_H 1
| #define HAVE_STDINT_H 1
| #define HAVE_UNISTD_H 1
| #define __EXTENSIONS__ 1
| #define _ALL_SOURCE 1
| #define _GNU_SOURCE 1
| #define _POSIX_PTHREAD_SEMANTICS 1
| #define _TANDEM_SOURCE 1
| #define CXX_HAS_STD_ISNAN /**/
| #define HAVE_DLFCN_H 1
| #define LT_OBJDIR ".libs/"
| #define HAVE_PYTHON_H 1
| #define STDC_HEADERS 1
| /* end confdefs.h.  */
| #include <stdio.h>
| #ifdef HAVE_SYS_TYPES_H
| # include <sys/types.h>
| #endif
| #ifdef HAVE_SYS_STAT_H
| # include <sys/stat.h>
| #endif
| #ifdef STDC_HEADERS
| # include <stdlib.h>
| # include <stddef.h>
| #else
| # ifdef HAVE_STDLIB_H
| #  include <stdlib.h>
| # endif
| #endif
| #ifdef HAVE_STRING_H
| # if !defined STDC_HEADERS && defined HAVE_MEMORY_H
| #  include <memory.h>
| # endif
| # include <string.h>
| #endif
| #ifdef HAVE_STRINGS_H
| # include <strings.h>
| #endif
| #ifdef HAVE_INTTYPES_H
| # include <inttypes.h>
| #endif
| #ifdef HAVE_STDINT_H
| # include <stdint.h>
| #endif
| #ifdef HAVE_UNISTD_H
| # include <unistd.h>
| #endif
| int
| main ()
| {
| if (sizeof ((size_t)))
| 	    return 0;
|   ;
|   return 0;
| }
configure:16128: result: yes
configure:16139: checking whether time.h and sys/time.h may both be included
configure:16159: gcc -c -g -O2 -Wall  conftest.c >&5
configure:16159: $? = 0
configure:16166: result: yes
configure:16174: checking whether byte ordering is bigendian
configure:16189: gcc -c -g -O2 -Wall  conftest.c >&5
conftest.c:33: error: expected '=', ',', ';', 'asm' or '__attribute__' before 'a'
configure:16189: $? = 1
configure: failed program was:
| /* confdefs.h */
| #define PACKAGE_NAME "gr-rfid-monitor"
| #define PACKAGE_TARNAME "gr-rfid-monitor"
| #define PACKAGE_VERSION "3.2.2"
| #define PACKAGE_STRING "gr-rfid-monitor 3.2.2"
| #define PACKAGE_BUGREPORT ""
| #define PACKAGE_URL ""
| #define PACKAGE "gr-rfid-monitor"
| #define VERSION "3.2.2"
| #define STDC_HEADERS 1
| #define HAVE_SYS_TYPES_H 1
| #define HAVE_SYS_STAT_H 1
| #define HAVE_STDLIB_H 1
| #define HAVE_STRING_H 1
| #define HAVE_MEMORY_H 1
| #define HAVE_STRINGS_H 1
| #define HAVE_INTTYPES_H 1
| #define HAVE_STDINT_H 1
| #define HAVE_UNISTD_H 1
| #define __EXTENSIONS__ 1
| #define _ALL_SOURCE 1
| #define _GNU_SOURCE 1
| #define _POSIX_PTHREAD_SEMANTICS 1
| #define _TANDEM_SOURCE 1
| #define CXX_HAS_STD_ISNAN /**/
| #define HAVE_DLFCN_H 1
| #define LT_OBJDIR ".libs/"
| #define HAVE_PYTHON_H 1
| #define STDC_HEADERS 1
| #define TIME_WITH_SYS_TIME 1
| /* end confdefs.h.  */
| #ifndef __APPLE_CC__
| 	       not a universal capable compiler
| 	     #endif
| 	     typedef int dummy;
| 
configure:16234: gcc -c -g -O2 -Wall  conftest.c >&5
configure:16234: $? = 0
configure:16252: gcc -c -g -O2 -Wall  conftest.c >&5
conftest.c: In function 'main':
conftest.c:39: error: 'not' undeclared (first use in this function)
conftest.c:39: error: (Each undeclared identifier is reported only once
conftest.c:39: error: for each function it appears in.)
conftest.c:39: error: expected ';' before 'big'
configure:16252: $? = 1
configure: failed program was:
| /* confdefs.h */
| #define PACKAGE_NAME "gr-rfid-monitor"
| #define PACKAGE_TARNAME "gr-rfid-monitor"
| #define PACKAGE_VERSION "3.2.2"
| #define PACKAGE_STRING "gr-rfid-monitor 3.2.2"
| #define PACKAGE_BUGREPORT ""
| #define PACKAGE_URL ""
| #define PACKAGE "gr-rfid-monitor"
| #define VERSION "3.2.2"
| #define STDC_HEADERS 1
| #define HAVE_SYS_TYPES_H 1
| #define HAVE_SYS_STAT_H 1
| #define HAVE_STDLIB_H 1
| #define HAVE_STRING_H 1
| #define HAVE_MEMORY_H 1
| #define HAVE_STRINGS_H 1
| #define HAVE_INTTYPES_H 1
| #define HAVE_STDINT_H 1
| #define HAVE_UNISTD_H 1
| #define __EXTENSIONS__ 1
| #define _ALL_SOURCE 1
| #define _GNU_SOURCE 1
| #define _POSIX_PTHREAD_SEMANTICS 1
| #define _TANDEM_SOURCE 1
| #define CXX_HAS_STD_ISNAN /**/
| #define HAVE_DLFCN_H 1
| #define LT_OBJDIR ".libs/"
| #define HAVE_PYTHON_H 1
| #define STDC_HEADERS 1
| #define TIME_WITH_SYS_TIME 1
| /* end confdefs.h.  */
| #include <sys/types.h>
| 		#include <sys/param.h>
| 
| int
| main ()
| {
| #if BYTE_ORDER != BIG_ENDIAN
| 		 not big endian
| 		#endif
| 
|   ;
|   return 0;
| }
configure:16380: result: no
configure:16404: checking for sys/types.h
configure:16404: result: yes
configure:16404: checking fcntl.h usability
configure:16404: gcc -c -g -O2 -Wall  conftest.c >&5
configure:16404: $? = 0
configure:16404: result: yes
configure:16404: checking fcntl.h presence
configure:16404: gcc -E  conftest.c
configure:16404: $? = 0
configure:16404: result: yes
configure:16404: checking for fcntl.h
configure:16404: result: yes
configure:16404: checking io.h usability
configure:16404: gcc -c -g -O2 -Wall  conftest.c >&5
conftest.c:67:16: error: io.h: No such file or directory
configure:16404: $? = 1
configure: failed program was:
| /* confdefs.h */
| #define PACKAGE_NAME "gr-rfid-monitor"
| #define PACKAGE_TARNAME "gr-rfid-monitor"
| #define PACKAGE_VERSION "3.2.2"
| #define PACKAGE_STRING "gr-rfid-monitor 3.2.2"
| #define PACKAGE_BUGREPORT ""
| #define PACKAGE_URL ""
| #define PACKAGE "gr-rfid-monitor"
| #define VERSION "3.2.2"
| #define STDC_HEADERS 1
| #define HAVE_SYS_TYPES_H 1
| #define HAVE_SYS_STAT_H 1
| #define HAVE_STDLIB_H 1
| #define HAVE_STRING_H 1
| #define HAVE_MEMORY_H 1
| #define HAVE_STRINGS_H 1
| #define HAVE_INTTYPES_H 1
| #define HAVE_STDINT_H 1
| #define HAVE_UNISTD_H 1
| #define __EXTENSIONS__ 1
| #define _ALL_SOURCE 1
| #define _GNU_SOURCE 1
| #define _POSIX_PTHREAD_SEMANTICS 1
| #define _TANDEM_SOURCE 1
| #define CXX_HAS_STD_ISNAN /**/
| #define HAVE_DLFCN_H 1
| #define LT_OBJDIR ".libs/"
| #define HAVE_PYTHON_H 1
| #define STDC_HEADERS 1
| #define TIME_WITH_SYS_TIME 1
| #define HAVE_SYS_TYPES_H 1
| #define HAVE_FCNTL_H 1
| /* end confdefs.h.  */
| #include <stdio.h>
| #ifdef HAVE_SYS_TYPES_H
| # include <sys/types.h>
| #endif
| #ifdef HAVE_SYS_STAT_H
| # include <sys/stat.h>
| #endif
| #ifdef STDC_HEADERS
| # include <stdlib.h>
| # include <stddef.h>
| #else
| # ifdef HAVE_STDLIB_H
| #  include <stdlib.h>
| # endif
| #endif
| #ifdef HAVE_STRING_H
| # if !defined STDC_HEADERS && defined HAVE_MEMORY_H
| #  include <memory.h>
| # endif
| # include <string.h>
| #endif
| #ifdef HAVE_STRINGS_H
| # include <strings.h>
| #endif
| #ifdef HAVE_INTTYPES_H
| # include <inttypes.h>
| #endif
| #ifdef HAVE_STDINT_H
| # include <stdint.h>
| #endif
| #ifdef HAVE_UNISTD_H
| # include <unistd.h>
| #endif
| #include <io.h>
configure:16404: result: no
configure:16404: checking io.h presence
configure:16404: gcc -E  conftest.c
conftest.c:34:16: error: io.h: No such file or directory
configure:16404: $? = 1
configure: failed program was:
| /* confdefs.h */
| #define PACKAGE_NAME "gr-rfid-monitor"
| #define PACKAGE_TARNAME "gr-rfid-monitor"
| #define PACKAGE_VERSION "3.2.2"
| #define PACKAGE_STRING "gr-rfid-monitor 3.2.2"
| #define PACKAGE_BUGREPORT ""
| #define PACKAGE_URL ""
| #define PACKAGE "gr-rfid-monitor"
| #define VERSION "3.2.2"
| #define STDC_HEADERS 1
| #define HAVE_SYS_TYPES_H 1
| #define HAVE_SYS_STAT_H 1
| #define HAVE_STDLIB_H 1
| #define HAVE_STRING_H 1
| #define HAVE_MEMORY_H 1
| #define HAVE_STRINGS_H 1
| #define HAVE_INTTYPES_H 1
| #define HAVE_STDINT_H 1
| #define HAVE_UNISTD_H 1
| #define __EXTENSIONS__ 1
| #define _ALL_SOURCE 1
| #define _GNU_SOURCE 1
| #define _POSIX_PTHREAD_SEMANTICS 1
| #define _TANDEM_SOURCE 1
| #define CXX_HAS_STD_ISNAN /**/
| #define HAVE_DLFCN_H 1
| #define LT_OBJDIR ".libs/"
| #define HAVE_PYTHON_H 1
| #define STDC_HEADERS 1
| #define TIME_WITH_SYS_TIME 1
| #define HAVE_SYS_TYPES_H 1
| #define HAVE_FCNTL_H 1
| /* end confdefs.h.  */
| #include <io.h>
configure:16404: result: no
configure:16404: checking for io.h
configure:16404: result: no
configure:16417: checking windows.h usability
configure:16417: gcc -c -g -O2 -Wall  conftest.c >&5
conftest.c:67:21: error: windows.h: No such file or directory
configure:16417: $? = 1
configure: failed program was:
| /* confdefs.h */
| #define PACKAGE_NAME "gr-rfid-monitor"
| #define PACKAGE_TARNAME "gr-rfid-monitor"
| #define PACKAGE_VERSION "3.2.2"
| #define PACKAGE_STRING "gr-rfid-monitor 3.2.2"
| #define PACKAGE_BUGREPORT ""
| #define PACKAGE_URL ""
| #define PACKAGE "gr-rfid-monitor"
| #define VERSION "3.2.2"
| #define STDC_HEADERS 1
| #define HAVE_SYS_TYPES_H 1
| #define HAVE_SYS_STAT_H 1
| #define HAVE_STDLIB_H 1
| #define HAVE_STRING_H 1
| #define HAVE_MEMORY_H 1
| #define HAVE_STRINGS_H 1
| #define HAVE_INTTYPES_H 1
| #define HAVE_STDINT_H 1
| #define HAVE_UNISTD_H 1
| #define __EXTENSIONS__ 1
| #define _ALL_SOURCE 1
| #define _GNU_SOURCE 1
| #define _POSIX_PTHREAD_SEMANTICS 1
| #define _TANDEM_SOURCE 1
| #define CXX_HAS_STD_ISNAN /**/
| #define HAVE_DLFCN_H 1
| #define LT_OBJDIR ".libs/"
| #define HAVE_PYTHON_H 1
| #define STDC_HEADERS 1
| #define TIME_WITH_SYS_TIME 1
| #define HAVE_SYS_TYPES_H 1
| #define HAVE_FCNTL_H 1
| /* end confdefs.h.  */
| #include <stdio.h>
| #ifdef HAVE_SYS_TYPES_H
| # include <sys/types.h>
| #endif
| #ifdef HAVE_SYS_STAT_H
| # include <sys/stat.h>
| #endif
| #ifdef STDC_HEADERS
| # include <stdlib.h>
| # include <stddef.h>
| #else
| # ifdef HAVE_STDLIB_H
| #  include <stdlib.h>
| # endif
| #endif
| #ifdef HAVE_STRING_H
| # if !defined STDC_HEADERS && defined HAVE_MEMORY_H
| #  include <memory.h>
| # endif
| # include <string.h>
| #endif
| #ifdef HAVE_STRINGS_H
| # include <strings.h>
| #endif
| #ifdef HAVE_INTTYPES_H
| # include <inttypes.h>
| #endif
| #ifdef HAVE_STDINT_H
| # include <stdint.h>
| #endif
| #ifdef HAVE_UNISTD_H
| # include <unistd.h>
| #endif
| #include <windows.h>
configure:16417: result: no
configure:16417: checking windows.h presence
configure:16417: gcc -E  conftest.c
conftest.c:34:21: error: windows.h: No such file or directory
configure:16417: $? = 1
configure: failed program was:
| /* confdefs.h */
| #define PACKAGE_NAME "gr-rfid-monitor"
| #define PACKAGE_TARNAME "gr-rfid-monitor"
| #define PACKAGE_VERSION "3.2.2"
| #define PACKAGE_STRING "gr-rfid-monitor 3.2.2"
| #define PACKAGE_BUGREPORT ""
| #define PACKAGE_URL ""
| #define PACKAGE "gr-rfid-monitor"
| #define VERSION "3.2.2"
| #define STDC_HEADERS 1
| #define HAVE_SYS_TYPES_H 1
| #define HAVE_SYS_STAT_H 1
| #define HAVE_STDLIB_H 1
| #define HAVE_STRING_H 1
| #define HAVE_MEMORY_H 1
| #define HAVE_STRINGS_H 1
| #define HAVE_INTTYPES_H 1
| #define HAVE_STDINT_H 1
| #define HAVE_UNISTD_H 1
| #define __EXTENSIONS__ 1
| #define _ALL_SOURCE 1
| #define _GNU_SOURCE 1
| #define _POSIX_PTHREAD_SEMANTICS 1
| #define _TANDEM_SOURCE 1
| #define CXX_HAS_STD_ISNAN /**/
| #define HAVE_DLFCN_H 1
| #define LT_OBJDIR ".libs/"
| #define HAVE_PYTHON_H 1
| #define STDC_HEADERS 1
| #define TIME_WITH_SYS_TIME 1
| #define HAVE_SYS_TYPES_H 1
| #define HAVE_FCNTL_H 1
| /* end confdefs.h.  */
| #include <windows.h>
configure:16417: result: no
configure:16417: checking for windows.h
configure:16417: result: no
configure:16430: checking for winioctl.h
configure:16430: gcc -c -g -O2 -Wall  conftest.c >&5
conftest.c:40:22: error: winioctl.h: No such file or directory
configure:16430: $? = 1
configure: failed program was:
| /* confdefs.h */
| #define PACKAGE_NAME "gr-rfid-monitor"
| #define PACKAGE_TARNAME "gr-rfid-monitor"
| #define PACKAGE_VERSION "3.2.2"
| #define PACKAGE_STRING "gr-rfid-monitor 3.2.2"
| #define PACKAGE_BUGREPORT ""
| #define PACKAGE_URL ""
| #define PACKAGE "gr-rfid-monitor"
| #define VERSION "3.2.2"
| #define STDC_HEADERS 1
| #define HAVE_SYS_TYPES_H 1
| #define HAVE_SYS_STAT_H 1
| #define HAVE_STDLIB_H 1
| #define HAVE_STRING_H 1
| #define HAVE_MEMORY_H 1
| #define HAVE_STRINGS_H 1
| #define HAVE_INTTYPES_H 1
| #define HAVE_STDINT_H 1
| #define HAVE_UNISTD_H 1
| #define __EXTENSIONS__ 1
| #define _ALL_SOURCE 1
| #define _GNU_SOURCE 1
| #define _POSIX_PTHREAD_SEMANTICS 1
| #define _TANDEM_SOURCE 1
| #define CXX_HAS_STD_ISNAN /**/
| #define HAVE_DLFCN_H 1
| #define LT_OBJDIR ".libs/"
| #define HAVE_PYTHON_H 1
| #define STDC_HEADERS 1
| #define TIME_WITH_SYS_TIME 1
| #define HAVE_SYS_TYPES_H 1
| #define HAVE_FCNTL_H 1
| /* end confdefs.h.  */
| 
| 	#if HAVE_WINDOWS_H
| 	#include <windows.h>
| 	#endif
| 
| 
| #include <winioctl.h>
configure:16430: result: no
configure:16430: checking for winbase.h
configure:16430: gcc -c -g -O2 -Wall  conftest.c >&5
conftest.c:40:21: error: winbase.h: No such file or directory
configure:16430: $? = 1
configure: failed program was:
| /* confdefs.h */
| #define PACKAGE_NAME "gr-rfid-monitor"
| #define PACKAGE_TARNAME "gr-rfid-monitor"
| #define PACKAGE_VERSION "3.2.2"
| #define PACKAGE_STRING "gr-rfid-monitor 3.2.2"
| #define PACKAGE_BUGREPORT ""
| #define PACKAGE_URL ""
| #define PACKAGE "gr-rfid-monitor"
| #define VERSION "3.2.2"
| #define STDC_HEADERS 1
| #define HAVE_SYS_TYPES_H 1
| #define HAVE_SYS_STAT_H 1
| #define HAVE_STDLIB_H 1
| #define HAVE_STRING_H 1
| #define HAVE_MEMORY_H 1
| #define HAVE_STRINGS_H 1
| #define HAVE_INTTYPES_H 1
| #define HAVE_STDINT_H 1
| #define HAVE_UNISTD_H 1
| #define __EXTENSIONS__ 1
| #define _ALL_SOURCE 1
| #define _GNU_SOURCE 1
| #define _POSIX_PTHREAD_SEMANTICS 1
| #define _TANDEM_SOURCE 1
| #define CXX_HAS_STD_ISNAN /**/
| #define HAVE_DLFCN_H 1
| #define LT_OBJDIR ".libs/"
| #define HAVE_PYTHON_H 1
| #define STDC_HEADERS 1
| #define TIME_WITH_SYS_TIME 1
| #define HAVE_SYS_TYPES_H 1
| #define HAVE_FCNTL_H 1
| /* end confdefs.h.  */
| 
| 	#if HAVE_WINDOWS_H
| 	#include <windows.h>
| 	#endif
| 
| 
| #include <winbase.h>
configure:16430: result: no
configure:16450: checking for getopt
configure:16450: gcc -o conftest -g -O2 -Wall   conftest.c  >&5
configure:16450: $? = 0
configure:16450: result: yes
configure:16450: checking for usleep
configure:16450: gcc -o conftest -g -O2 -Wall   conftest.c  >&5
configure:16450: $? = 0
configure:16450: result: yes
configure:16450: checking for gettimeofday
configure:16450: gcc -o conftest -g -O2 -Wall   conftest.c  >&5
configure:16450: $? = 0
configure:16450: result: yes
configure:16450: checking for nanosleep
configure:16450: gcc -o conftest -g -O2 -Wall   conftest.c  >&5
configure:16450: $? = 0
configure:16450: result: yes
configure:16450: checking for rand
configure:16450: gcc -o conftest -g -O2 -Wall   conftest.c  >&5
configure:16450: $? = 0
configure:16450: result: yes
configure:16450: checking for srand
configure:16450: gcc -o conftest -g -O2 -Wall   conftest.c  >&5
configure:16450: $? = 0
configure:16450: result: yes
configure:16450: checking for random
configure:16450: gcc -o conftest -g -O2 -Wall   conftest.c  >&5
configure:16450: $? = 0
configure:16450: result: yes
configure:16450: checking for srandom
configure:16450: gcc -o conftest -g -O2 -Wall   conftest.c  >&5
configure:16450: $? = 0
configure:16450: result: yes
configure:16450: checking for sleep
configure:16450: gcc -o conftest -g -O2 -Wall   conftest.c  >&5
configure:16450: $? = 0
configure:16450: result: yes
configure:16450: checking for sigaction
configure:16450: gcc -o conftest -g -O2 -Wall   conftest.c  >&5
configure:16450: $? = 0
configure:16450: result: yes
configure:16460: checking for struct timezone
configure:16460: gcc -c -g -O2 -Wall  conftest.c >&5
configure:16460: $? = 0
configure:16460: gcc -c -g -O2 -Wall  conftest.c >&5
conftest.c: In function 'main':
conftest.c:63: error: expected expression before ')' token
configure:16460: $? = 1
configure: failed program was:
| /* confdefs.h */
| #define PACKAGE_NAME "gr-rfid-monitor"
| #define PACKAGE_TARNAME "gr-rfid-monitor"
| #define PACKAGE_VERSION "3.2.2"
| #define PACKAGE_STRING "gr-rfid-monitor 3.2.2"
| #define PACKAGE_BUGREPORT ""
| #define PACKAGE_URL ""
| #define PACKAGE "gr-rfid-monitor"
| #define VERSION "3.2.2"
| #define STDC_HEADERS 1
| #define HAVE_SYS_TYPES_H 1
| #define HAVE_SYS_STAT_H 1
| #define HAVE_STDLIB_H 1
| #define HAVE_STRING_H 1
| #define HAVE_MEMORY_H 1
| #define HAVE_STRINGS_H 1
| #define HAVE_INTTYPES_H 1
| #define HAVE_STDINT_H 1
| #define HAVE_UNISTD_H 1
| #define __EXTENSIONS__ 1
| #define _ALL_SOURCE 1
| #define _GNU_SOURCE 1
| #define _POSIX_PTHREAD_SEMANTICS 1
| #define _TANDEM_SOURCE 1
| #define CXX_HAS_STD_ISNAN /**/
| #define HAVE_DLFCN_H 1
| #define LT_OBJDIR ".libs/"
| #define HAVE_PYTHON_H 1
| #define STDC_HEADERS 1
| #define TIME_WITH_SYS_TIME 1
| #define HAVE_SYS_TYPES_H 1
| #define HAVE_FCNTL_H 1
| #define HAVE_GETOPT 1
| #define HAVE_USLEEP 1
| #define HAVE_GETTIMEOFDAY 1
| #define HAVE_NANOSLEEP 1
| #define HAVE_RAND 1
| #define HAVE_SRAND 1
| #define HAVE_RANDOM 1
| #define HAVE_SRANDOM 1
| #define HAVE_SLEEP 1
| #define HAVE_SIGACTION 1
| /* end confdefs.h.  */
| 
|      #if HAVE_SYS_TYPES_H
|      # include <sys/types.h>
|      #endif
|      #if TIME_WITH_SYS_TIME
|      # include <sys/time.h>
|      # include <time.h>
|      #else
|      # if HAVE_SYS_TIME_H
|      #  include <sys/time.h>
|      # else
|      #  include <time.h>
|      # endif
|      #endif
| 
| 
| int
| main ()
| {
| if (sizeof ((struct timezone)))
| 	    return 0;
|   ;
|   return 0;
| }
configure:16460: result: yes
configure:16484: checking for struct timespec
configure:16484: gcc -c -g -O2 -Wall  conftest.c >&5
configure:16484: $? = 0
configure:16484: gcc -c -g -O2 -Wall  conftest.c >&5
conftest.c: In function 'main':
conftest.c:64: error: expected expression before ')' token
configure:16484: $? = 1
configure: failed program was:
| /* confdefs.h */
| #define PACKAGE_NAME "gr-rfid-monitor"
| #define PACKAGE_TARNAME "gr-rfid-monitor"
| #define PACKAGE_VERSION "3.2.2"
| #define PACKAGE_STRING "gr-rfid-monitor 3.2.2"
| #define PACKAGE_BUGREPORT ""
| #define PACKAGE_URL ""
| #define PACKAGE "gr-rfid-monitor"
| #define VERSION "3.2.2"
| #define STDC_HEADERS 1
| #define HAVE_SYS_TYPES_H 1
| #define HAVE_SYS_STAT_H 1
| #define HAVE_STDLIB_H 1
| #define HAVE_STRING_H 1
| #define HAVE_MEMORY_H 1
| #define HAVE_STRINGS_H 1
| #define HAVE_INTTYPES_H 1
| #define HAVE_STDINT_H 1
| #define HAVE_UNISTD_H 1
| #define __EXTENSIONS__ 1
| #define _ALL_SOURCE 1
| #define _GNU_SOURCE 1
| #define _POSIX_PTHREAD_SEMANTICS 1
| #define _TANDEM_SOURCE 1
| #define CXX_HAS_STD_ISNAN /**/
| #define HAVE_DLFCN_H 1
| #define LT_OBJDIR ".libs/"
| #define HAVE_PYTHON_H 1
| #define STDC_HEADERS 1
| #define TIME_WITH_SYS_TIME 1
| #define HAVE_SYS_TYPES_H 1
| #define HAVE_FCNTL_H 1
| #define HAVE_GETOPT 1
| #define HAVE_USLEEP 1
| #define HAVE_GETTIMEOFDAY 1
| #define HAVE_NANOSLEEP 1
| #define HAVE_RAND 1
| #define HAVE_SRAND 1
| #define HAVE_RANDOM 1
| #define HAVE_SRANDOM 1
| #define HAVE_SLEEP 1
| #define HAVE_SIGACTION 1
| #define HAVE_STRUCT_TIMEZONE 1
| /* end confdefs.h.  */
| 
|      #if HAVE_SYS_TYPES_H
|      # include <sys/types.h>
|      #endif
|      #if TIME_WITH_SYS_TIME
|      # include <sys/time.h>
|      # include <time.h>
|      #else
|      # if HAVE_SYS_TIME_H
|      #  include <sys/time.h>
|      # else
|      #  include <time.h>
|      # endif
|      #endif
| 
| 
| int
| main ()
| {
| if (sizeof ((struct timespec)))
| 	    return 0;
|   ;
|   return 0;
| }
configure:16484: result: yes
configure:16508: checking for ssize_t
configure:16508: gcc -c -g -O2 -Wall  conftest.c >&5
configure:16508: $? = 0
configure:16508: gcc -c -g -O2 -Wall  conftest.c >&5
conftest.c: In function 'main':
conftest.c:65: error: expected expression before ')' token
configure:16508: $? = 1
configure: failed program was:
| /* confdefs.h */
| #define PACKAGE_NAME "gr-rfid-monitor"
| #define PACKAGE_TARNAME "gr-rfid-monitor"
| #define PACKAGE_VERSION "3.2.2"
| #define PACKAGE_STRING "gr-rfid-monitor 3.2.2"
| #define PACKAGE_BUGREPORT ""
| #define PACKAGE_URL ""
| #define PACKAGE "gr-rfid-monitor"
| #define VERSION "3.2.2"
| #define STDC_HEADERS 1
| #define HAVE_SYS_TYPES_H 1
| #define HAVE_SYS_STAT_H 1
| #define HAVE_STDLIB_H 1
| #define HAVE_STRING_H 1
| #define HAVE_MEMORY_H 1
| #define HAVE_STRINGS_H 1
| #define HAVE_INTTYPES_H 1
| #define HAVE_STDINT_H 1
| #define HAVE_UNISTD_H 1
| #define __EXTENSIONS__ 1
| #define _ALL_SOURCE 1
| #define _GNU_SOURCE 1
| #define _POSIX_PTHREAD_SEMANTICS 1
| #define _TANDEM_SOURCE 1
| #define CXX_HAS_STD_ISNAN /**/
| #define HAVE_DLFCN_H 1
| #define LT_OBJDIR ".libs/"
| #define HAVE_PYTHON_H 1
| #define STDC_HEADERS 1
| #define TIME_WITH_SYS_TIME 1
| #define HAVE_SYS_TYPES_H 1
| #define HAVE_FCNTL_H 1
| #define HAVE_GETOPT 1
| #define HAVE_USLEEP 1
| #define HAVE_GETTIMEOFDAY 1
| #define HAVE_NANOSLEEP 1
| #define HAVE_RAND 1
| #define HAVE_SRAND 1
| #define HAVE_RANDOM 1
| #define HAVE_SRANDOM 1
| #define HAVE_SLEEP 1
| #define HAVE_SIGACTION 1
| #define HAVE_STRUCT_TIMEZONE 1
| #define HAVE_STRUCT_TIMESPEC 1
| /* end confdefs.h.  */
| 
|      #if HAVE_SYS_TYPES_H
|      # include <sys/types.h>
|      #endif
|      #if TIME_WITH_SYS_TIME
|      # include <sys/time.h>
|      # include <time.h>
|      #else
|      # if HAVE_SYS_TIME_H
|      #  include <sys/time.h>
|      # else
|      #  include <time.h>
|      # endif
|      #endif
| 
| 
| int
| main ()
| {
| if (sizeof ((ssize_t)))
| 	    return 0;
|   ;
|   return 0;
| }
configure:16508: result: yes
configure:16537: checking for getopt
configure:16537: result: yes
configure:16537: checking for usleep
configure:16537: result: yes
configure:16537: checking for gettimeofday
configure:16537: result: yes
configure:16557: checking for Sleep
configure:16572: gcc -o conftest -g -O2 -Wall   conftest.c  >&5
conftest.c:50:24: error: windows.h: No such file or directory
conftest.c:51:37: error: winbase.h: No such file or directory
conftest.c: In function 'main':
conftest.c:56: warning: implicit declaration of function 'Sleep'
configure:16572: $? = 1
configure: failed program was:
| /* confdefs.h */
| #define PACKAGE_NAME "gr-rfid-monitor"
| #define PACKAGE_TARNAME "gr-rfid-monitor"
| #define PACKAGE_VERSION "3.2.2"
| #define PACKAGE_STRING "gr-rfid-monitor 3.2.2"
| #define PACKAGE_BUGREPORT ""
| #define PACKAGE_URL ""
| #define PACKAGE "gr-rfid-monitor"
| #define VERSION "3.2.2"
| #define STDC_HEADERS 1
| #define HAVE_SYS_TYPES_H 1
| #define HAVE_SYS_STAT_H 1
| #define HAVE_STDLIB_H 1
| #define HAVE_STRING_H 1
| #define HAVE_MEMORY_H 1
| #define HAVE_STRINGS_H 1
| #define HAVE_INTTYPES_H 1
| #define HAVE_STDINT_H 1
| #define HAVE_UNISTD_H 1
| #define __EXTENSIONS__ 1
| #define _ALL_SOURCE 1
| #define _GNU_SOURCE 1
| #define _POSIX_PTHREAD_SEMANTICS 1
| #define _TANDEM_SOURCE 1
| #define CXX_HAS_STD_ISNAN /**/
| #define HAVE_DLFCN_H 1
| #define LT_OBJDIR ".libs/"
| #define HAVE_PYTHON_H 1
| #define STDC_HEADERS 1
| #define TIME_WITH_SYS_TIME 1
| #define HAVE_SYS_TYPES_H 1
| #define HAVE_FCNTL_H 1
| #define HAVE_GETOPT 1
| #define HAVE_USLEEP 1
| #define HAVE_GETTIMEOFDAY 1
| #define HAVE_NANOSLEEP 1
| #define HAVE_RAND 1
| #define HAVE_SRAND 1
| #define HAVE_RANDOM 1
| #define HAVE_SRANDOM 1
| #define HAVE_SLEEP 1
| #define HAVE_SIGACTION 1
| #define HAVE_STRUCT_TIMEZONE 1
| #define HAVE_STRUCT_TIMESPEC 1
| #define HAVE_SSIZE_T 1
| #define HAVE_GETOPT 1
| #define HAVE_USLEEP 1
| #define HAVE_GETTIMEOFDAY 1
| /* end confdefs.h.  */
|    #include <windows.h>
|                 #include <winbase.h>
| 
| int
| main ()
| {
|  Sleep(0);
|   ;
|   return 0;
| }
configure:16579: result: no
configure:16586: checking whether mkdir accepts only one arg
configure:16603: gcc -c -g -O2 -Wall  conftest.c >&5
conftest.c: In function 'main':
conftest.c:57: error: too few arguments to function 'mkdir'
configure:16603: $? = 1
configure: failed program was:
| /* confdefs.h */
| #define PACKAGE_NAME "gr-rfid-monitor"
| #define PACKAGE_TARNAME "gr-rfid-monitor"
| #define PACKAGE_VERSION "3.2.2"
| #define PACKAGE_STRING "gr-rfid-monitor 3.2.2"
| #define PACKAGE_BUGREPORT ""
| #define PACKAGE_URL ""
| #define PACKAGE "gr-rfid-monitor"
| #define VERSION "3.2.2"
| #define STDC_HEADERS 1
| #define HAVE_SYS_TYPES_H 1
| #define HAVE_SYS_STAT_H 1
| #define HAVE_STDLIB_H 1
| #define HAVE_STRING_H 1
| #define HAVE_MEMORY_H 1
| #define HAVE_STRINGS_H 1
| #define HAVE_INTTYPES_H 1
| #define HAVE_STDINT_H 1
| #define HAVE_UNISTD_H 1
| #define __EXTENSIONS__ 1
| #define _ALL_SOURCE 1
| #define _GNU_SOURCE 1
| #define _POSIX_PTHREAD_SEMANTICS 1
| #define _TANDEM_SOURCE 1
| #define CXX_HAS_STD_ISNAN /**/
| #define HAVE_DLFCN_H 1
| #define LT_OBJDIR ".libs/"
| #define HAVE_PYTHON_H 1
| #define STDC_HEADERS 1
| #define TIME_WITH_SYS_TIME 1
| #define HAVE_SYS_TYPES_H 1
| #define HAVE_FCNTL_H 1
| #define HAVE_GETOPT 1
| #define HAVE_USLEEP 1
| #define HAVE_GETTIMEOFDAY 1
| #define HAVE_NANOSLEEP 1
| #define HAVE_RAND 1
| #define HAVE_SRAND 1
| #define HAVE_RANDOM 1
| #define HAVE_SRANDOM 1
| #define HAVE_SLEEP 1
| #define HAVE_SIGACTION 1
| #define HAVE_STRUCT_TIMEZONE 1
| #define HAVE_STRUCT_TIMESPEC 1
| #define HAVE_SSIZE_T 1
| #define HAVE_GETOPT 1
| #define HAVE_USLEEP 1
| #define HAVE_GETTIMEOFDAY 1
| /* end confdefs.h.  */
| #include <sys/types.h>
|        #include <sys/stat.h>
|        #include <fcntl.h>
| int
| main ()
| {
| 
|        mkdir("")
| 
|   ;
|   return 0;
| }
configure:16610: result: no
configure:16623: checking for xmlto
configure:16653: result: no
configure:16716: checking for pkg-config
configure:16734: found /usr/bin/pkg-config
configure:16746: result: /usr/bin/pkg-config
configure:16771: checking pkg-config is at least version 0.18
configure:16774: result: yes
configure:16785: checking for GNURADIO_CORE
configure:16793: $PKG_CONFIG --exists --print-errors "gnuradio-core >= 3"
configure:16796: $? = 0
configure:16833: $PKG_CONFIG --exists --print-errors "gnuradio-core >= 3"
configure:16836: $? = 0
configure:16853: $PKG_CONFIG --exists --print-errors "gnuradio-core >= 3"
configure:16856: $? = 0
configure:16923: result: yes
configure:17073: creating ./config.status

## ---------------- ##
## Cache variables. ##
## ---------------- ##

ac_cv_build=i686-pc-linux-gnu
ac_cv_c_bigendian=no
ac_cv_c_compiler_gnu=yes
ac_cv_c_const=yes
ac_cv_c_inline=inline
ac_cv_cxx_compiler_gnu=yes
ac_cv_env_CCASFLAGS_set=
ac_cv_env_CCASFLAGS_value=
ac_cv_env_CCAS_set=
ac_cv_env_CCAS_value=
ac_cv_env_CCC_set=
ac_cv_env_CCC_value=
ac_cv_env_CC_set=
ac_cv_env_CC_value=
ac_cv_env_CFLAGS_set=
ac_cv_env_CFLAGS_value=
ac_cv_env_CPPFLAGS_set=
ac_cv_env_CPPFLAGS_value=
ac_cv_env_CPP_set=
ac_cv_env_CPP_value=
ac_cv_env_CXXCPP_set=
ac_cv_env_CXXCPP_value=
ac_cv_env_CXXFLAGS_set=
ac_cv_env_CXXFLAGS_value=
ac_cv_env_CXX_set=
ac_cv_env_CXX_value=
ac_cv_env_GNURADIO_CORE_CFLAGS_set=
ac_cv_env_GNURADIO_CORE_CFLAGS_value=
ac_cv_env_GNURADIO_CORE_INCLUDEDIR_set=
ac_cv_env_GNURADIO_CORE_INCLUDEDIR_value=
ac_cv_env_GNURADIO_CORE_LIBS_set=
ac_cv_env_GNURADIO_CORE_LIBS_value=
ac_cv_env_LDFLAGS_set=
ac_cv_env_LDFLAGS_value=
ac_cv_env_LIBS_set=
ac_cv_env_LIBS_value=
ac_cv_env_PKG_CONFIG_set=
ac_cv_env_PKG_CONFIG_value=
ac_cv_env_build_alias_set=
ac_cv_env_build_alias_value=
ac_cv_env_host_alias_set=
ac_cv_env_host_alias_value=
ac_cv_env_target_alias_set=
ac_cv_env_target_alias_value=
ac_cv_func_getopt=yes
ac_cv_func_gettimeofday=yes
ac_cv_func_nanosleep=yes
ac_cv_func_rand=yes
ac_cv_func_random=yes
ac_cv_func_sigaction=yes
ac_cv_func_sleep=yes
ac_cv_func_srand=yes
ac_cv_func_srandom=yes
ac_cv_func_usleep=yes
ac_cv_header_Python_h=yes
ac_cv_header_dlfcn_h=yes
ac_cv_header_fcntl_h=yes
ac_cv_header_inttypes_h=yes
ac_cv_header_io_h=no
ac_cv_header_memory_h=yes
ac_cv_header_minix_config_h=no
ac_cv_header_stdc=yes
ac_cv_header_stdint_h=yes
ac_cv_header_stdlib_h=yes
ac_cv_header_string_h=yes
ac_cv_header_strings_h=yes
ac_cv_header_sys_stat_h=yes
ac_cv_header_sys_types_h=yes
ac_cv_header_time=yes
ac_cv_header_unistd_h=yes
ac_cv_header_winbase_h=no
ac_cv_header_windows_h=no
ac_cv_header_winioctl_h=no
ac_cv_host=i686-pc-linux-gnu
ac_cv_objext=o
ac_cv_path_EGREP='/bin/grep -E'
ac_cv_path_FGREP='/bin/grep -F'
ac_cv_path_GREP=/bin/grep
ac_cv_path_PYTHON=/usr/bin/python
ac_cv_path_RM_PROG=/bin/rm
ac_cv_path_SED=/bin/sed
ac_cv_path_ac_pt_PKG_CONFIG=/usr/bin/pkg-config
ac_cv_path_install='/usr/bin/install -c'
ac_cv_path_mkdir=/bin/mkdir
ac_cv_prog_AWK=mawk
ac_cv_prog_CPP='gcc -E'
ac_cv_prog_CXXCPP='g++ -E'
ac_cv_prog_SWIG=/usr/bin/swig
ac_cv_prog_ac_ct_AR=ar
ac_cv_prog_ac_ct_CC=gcc
ac_cv_prog_ac_ct_CXX=g++
ac_cv_prog_ac_ct_OBJDUMP=objdump
ac_cv_prog_ac_ct_RANLIB=ranlib
ac_cv_prog_ac_ct_STRIP=strip
ac_cv_prog_cc_c89=
ac_cv_prog_cc_g=yes
ac_cv_prog_cxx_g=yes
ac_cv_prog_make_make_set=yes
ac_cv_safe_to_define___extensions__=yes
ac_cv_search_strerror='none required'
ac_cv_target=i686-pc-linux-gnu
ac_cv_type_size_t=yes
ac_cv_type_ssize_t=yes
ac_cv_type_struct_timespec=yes
ac_cv_type_struct_timezone=yes
am_cv_CCAS_dependencies_compiler_type=gcc3
am_cv_CC_dependencies_compiler_type=gcc3
am_cv_CXX_dependencies_compiler_type=gcc3
am_cv_python_platform=linux2
am_cv_python_pyexecdir='${exec_prefix}/lib/python2.6/dist-packages'
am_cv_python_pythondir='${prefix}/lib/python2.6/dist-packages'
am_cv_python_version=2.6
lt_cv_deplibs_check_method=pass_all
lt_cv_file_magic_cmd='$MAGIC_CMD'
lt_cv_file_magic_test_file=
lt_cv_ld_reload_flag=-r
lt_cv_nm_interface='BSD nm'
lt_cv_objdir=.libs
lt_cv_path_LD=/usr/bin/ld
lt_cv_path_LDCXX=/usr/bin/ld
lt_cv_path_NM='/usr/bin/nm -B'
lt_cv_prog_compiler_c_o=yes
lt_cv_prog_compiler_c_o_CXX=yes
lt_cv_prog_compiler_pic_works=yes
lt_cv_prog_compiler_pic_works_CXX=yes
lt_cv_prog_compiler_rtti_exceptions=no
lt_cv_prog_compiler_static_works=yes
lt_cv_prog_compiler_static_works_CXX=yes
lt_cv_prog_gnu_ld=yes
lt_cv_prog_gnu_ldcxx=yes
lt_cv_sys_global_symbol_pipe='sed -n -e '\''s/^.*[	 ]\([ABCDGIRSTW][ABCDGIRSTW]*\)[	 ][	 ]*\([_A-Za-z][_A-Za-z0-9]*\)$/\1 \2 \2/p'\'''
lt_cv_sys_global_symbol_to_c_name_address='sed -n -e '\''s/^: \([^ ]*\) $/  {\"\1\", (void *) 0},/p'\'' -e '\''s/^[ABCDGIRSTW]* \([^ ]*\) \([^ ]*\)$/  {"\2", (void *) \&\2},/p'\'''
lt_cv_sys_global_symbol_to_c_name_address_lib_prefix='sed -n -e '\''s/^: \([^ ]*\) $/  {\"\1\", (void *) 0},/p'\'' -e '\''s/^[ABCDGIRSTW]* \([^ ]*\) \(lib[^ ]*\)$/  {"\2", (void *) \&\2},/p'\'' -e '\''s/^[ABCDGIRSTW]* \([^ ]*\) \([^ ]*\)$/  {"lib\2", (void *) \&\2},/p'\'''
lt_cv_sys_global_symbol_to_cdecl='sed -n -e '\''s/^T .* \(.*\)$/extern int \1();/p'\'' -e '\''s/^[ABCDGIRSTW]* .* \(.*\)$/extern char \1;/p'\'''
lt_cv_sys_max_cmd_len=805306365
pkg_cv_GNURADIO_CORE_CFLAGS='-pthread -DOMNITHREAD_POSIX=1 -I/usr/local/include/gnuradio -I/usr/local/include  '
pkg_cv_GNURADIO_CORE_CPPFLAGS=' -DOMNITHREAD_POSIX=1 -I/usr/local/include/gnuradio -I/usr/local/include'
pkg_cv_GNURADIO_CORE_INCLUDEDIR=/usr/local/include/gnuradio
pkg_cv_GNURADIO_CORE_LIBS='-L/usr/local/lib -lboost_thread-mt -lrt -lboost_date_time-mt -lgnuradio-core -lgruel -lfftw3f -lgsl -lgslcblas -lm -lgromnithread  '

## ----------------- ##
## Output variables. ##
## ----------------- ##

ACLOCAL='${SHELL} /home/danilo/Scrivania/CGRAN_Gen2_RFID_Listener/gen2-rfid-listener/missing --run aclocal-1.11'
AMDEPBACKSLASH='\'
AMDEP_FALSE='#'
AMDEP_TRUE=''
AMTAR='${SHELL} /home/danilo/Scrivania/CGRAN_Gen2_RFID_Listener/gen2-rfid-listener/missing --run tar'
AR='ar'
AS='as'
AUTOCONF='${SHELL} /home/danilo/Scrivania/CGRAN_Gen2_RFID_Listener/gen2-rfid-listener/missing --run autoconf'
AUTOHEADER='${SHELL} /home/danilo/Scrivania/CGRAN_Gen2_RFID_Listener/gen2-rfid-listener/missing --run autoheader'
AUTOMAKE='${SHELL} /home/danilo/Scrivania/CGRAN_Gen2_RFID_Listener/gen2-rfid-listener/missing --run automake-1.11'
AWK='mawk'
CC='gcc'
CCAS='gcc'
CCASDEPMODE='depmode=gcc3'
CCASFLAGS='-g -O2 -Wall'
CCDEPMODE='depmode=gcc3'
CFLAGS='-g -O2 -Wall'
CPP='gcc -E'
CPPFLAGS=''
CXX='g++'
CXXCPP='g++ -E'
CXXDEPMODE='depmode=gcc3'
CXXFLAGS='-g -O2 -Wall -Woverloaded-virtual'
CYGPATH_W='echo'
DEFS='-DHAVE_CONFIG_H'
DEPDIR='.deps'
DLLTOOL='dlltool'
DSYMUTIL=''
DUMPBIN=''
ECHO_C=''
ECHO_N='-n'
ECHO_T=''
EGREP='/bin/grep -E'
EXEEXT=''
FGREP='/bin/grep -F'
GNURADIO_CORE_CFLAGS='-pthread -DOMNITHREAD_POSIX=1 -I/usr/local/include/gnuradio -I/usr/local/include  '
GNURADIO_CORE_CPPFLAGS=' -DOMNITHREAD_POSIX=1 -I/usr/local/include/gnuradio -I/usr/local/include'
GNURADIO_CORE_INCLUDEDIR='/usr/local/include/gnuradio'
GNURADIO_CORE_LIBS='-L/usr/local/lib -lboost_thread-mt -lrt -lboost_date_time-mt -lgnuradio-core -lgruel -lfftw3f -lgsl -lgslcblas -lm -lgromnithread  '
GREP='/bin/grep'
HAS_XMLTO_FALSE=''
HAS_XMLTO_TRUE='#'
INSTALL_DATA='${INSTALL} -m 644'
INSTALL_PROGRAM='${INSTALL}'
INSTALL_SCRIPT='${INSTALL}'
INSTALL_STRIP_PROGRAM='$(install_sh) -c -s'
LD='/usr/bin/ld'
LDFLAGS=''
LIBOBJS=''
LIBS=' -L/usr/local/lib -lboost_thread-mt -lrt -lboost_date_time-mt -lgnuradio-core -lgruel -lfftw3f -lgsl -lgslcblas -lm -lgromnithread  '
LIBTOOL='$(SHELL) $(top_builddir)/libtool'
LIPO=''
LN_S='ln -s'
LTLIBOBJS=''
MAKEINFO='${SHELL} /home/danilo/Scrivania/CGRAN_Gen2_RFID_Listener/gen2-rfid-listener/missing --run makeinfo'
MKDIR_P='/bin/mkdir -p'
NM='/usr/bin/nm -B'
NMEDIT=''
NO_UNDEFINED=''
OBJDUMP='objdump'
OBJEXT='o'
OTOOL64=''
OTOOL=''
PACKAGE='gr-rfid-monitor'
PACKAGE_BUGREPORT=''
PACKAGE_NAME='gr-rfid-monitor'
PACKAGE_STRING='gr-rfid-monitor 3.2.2'
PACKAGE_TARNAME='gr-rfid-monitor'
PACKAGE_URL=''
PACKAGE_VERSION='3.2.2'
PATH_SEPARATOR=':'
PKG_CONFIG='/usr/bin/pkg-config'
PYTHON='/usr/bin/python'
PYTHON_CPPFLAGS='-I/usr/include/python2.6'
PYTHON_EXEC_PREFIX='${exec_prefix}'
PYTHON_LDFLAGS=''
PYTHON_PLATFORM='linux2'
PYTHON_PREFIX='${prefix}'
PYTHON_VERSION='2.6'
RANLIB='ranlib'
RM_PROG='/bin/rm'
SED='/bin/sed'
SET_MAKE=''
SHELL='/bin/bash'
STRIP='strip'
SWIG='/usr/bin/swig -c++'
SWIG_PYTHON_CPPFLAGS='-I/usr/include/python2.6'
SWIG_PYTHON_LIB='-lswigpy'
SWIG_PYTHON_OPT='-python'
VERSION='3.2.2'
XMLTO=''
ac_ct_CC='gcc'
ac_ct_CXX='g++'
ac_ct_DUMPBIN=''
am__EXEEXT_FALSE=''
am__EXEEXT_TRUE='#'
am__fastdepCCAS_FALSE='#'
am__fastdepCCAS_TRUE=''
am__fastdepCC_FALSE='#'
am__fastdepCC_TRUE=''
am__fastdepCXX_FALSE='#'
am__fastdepCXX_TRUE=''
am__include='include'
am__isrc=''
am__leading_dot='.'
am__quote=''
am__tar='${AMTAR} chof - "$$tardir"'
am__untar='${AMTAR} xf -'
autoconf_default_CXXFLAGS='-g -O2'
bindir='${exec_prefix}/bin'
build='i686-pc-linux-gnu'
build_alias=''
build_cpu='i686'
build_os='linux-gnu'
build_vendor='pc'
datadir='${datarootdir}'
datarootdir='${prefix}/share'
docdir='${datarootdir}/doc/${PACKAGE_TARNAME}'
dvidir='${docdir}'
exec_prefix='${prefix}'
gr_libdir_suffix=''
host='i686-pc-linux-gnu'
host_alias=''
host_cpu='i686'
host_os='linux-gnu'
host_vendor='pc'
htmldir='${docdir}'
includedir='${prefix}/include'
infodir='${datarootdir}/info'
install_sh='${SHELL} /home/danilo/Scrivania/CGRAN_Gen2_RFID_Listener/gen2-rfid-listener/install-sh'
libdir='${exec_prefix}/lib'
libexecdir='${exec_prefix}/libexec'
localedir='${datarootdir}/locale'
localstatedir='${prefix}/var'
lt_ECHO='echo'
mandir='${datarootdir}/man'
mkdir_p='/bin/mkdir -p'
oldincludedir='/usr/include'
pdfdir='${docdir}'
pkgpyexecdir='${pyexecdir}/gr-rfid-monitor'
pkgpythondir='${pythondir}/gr-rfid-monitor'
prefix='/usr/local'
program_transform_name='s,x,x,'
psdir='${docdir}'
pyexecdir='${exec_prefix}/lib/python2.6/dist-packages'
pythondir='${prefix}/lib/python2.6/dist-packages'
sbindir='${exec_prefix}/sbin'
sharedstatedir='${prefix}/com'
swig_CXXFLAGS='-g -O1 -Wno-strict-aliasing -Wno-parentheses'
sysconfdir='${prefix}/etc'
target='i686-pc-linux-gnu'
target_alias=''
target_cpu='i686'
target_os='linux-gnu'
target_vendor='pc'

## ----------- ##
## confdefs.h. ##
## ----------- ##

/* confdefs.h */
#define PACKAGE_NAME "gr-rfid-monitor"
#define PACKAGE_TARNAME "gr-rfid-monitor"
#define PACKAGE_VERSION "3.2.2"
#define PACKAGE_STRING "gr-rfid-monitor 3.2.2"
#define PACKAGE_BUGREPORT ""
#define PACKAGE_URL ""
#define PACKAGE "gr-rfid-monitor"
#define VERSION "3.2.2"
#define STDC_HEADERS 1
#define HAVE_SYS_TYPES_H 1
#define HAVE_SYS_STAT_H 1
#define HAVE_STDLIB_H 1
#define HAVE_STRING_H 1
#define HAVE_MEMORY_H 1
#define HAVE_STRINGS_H 1
#define HAVE_INTTYPES_H 1
#define HAVE_STDINT_H 1
#define HAVE_UNISTD_H 1
#define __EXTENSIONS__ 1
#define _ALL_SOURCE 1
#define _GNU_SOURCE 1
#define _POSIX_PTHREAD_SEMANTICS 1
#define _TANDEM_SOURCE 1
#define CXX_HAS_STD_ISNAN /**/
#define HAVE_DLFCN_H 1
#define LT_OBJDIR ".libs/"
#define HAVE_PYTHON_H 1
#define STDC_HEADERS 1
#define TIME_WITH_SYS_TIME 1
#define HAVE_SYS_TYPES_H 1
#define HAVE_FCNTL_H 1
#define HAVE_GETOPT 1
#define HAVE_USLEEP 1
#define HAVE_GETTIMEOFDAY 1
#define HAVE_NANOSLEEP 1
#define HAVE_RAND 1
#define HAVE_SRAND 1
#define HAVE_RANDOM 1
#define HAVE_SRANDOM 1
#define HAVE_SLEEP 1
#define HAVE_SIGACTION 1
#define HAVE_STRUCT_TIMEZONE 1
#define HAVE_STRUCT_TIMESPEC 1
#define HAVE_SSIZE_T 1
#define HAVE_GETOPT 1
#define HAVE_USLEEP 1
#define HAVE_GETTIMEOFDAY 1

configure: exit 0

## ---------------------- ##
## Running config.status. ##
## ---------------------- ##

This file was extended by gr-rfid-monitor config.status 3.2.2, which was
generated by GNU Autoconf 2.64.  Invocation command line was

  CONFIG_FILES    = 
  CONFIG_HEADERS  = 
  CONFIG_LINKS    = 
  CONFIG_COMMANDS = 
  $ ./config.status 

on danilo-desktop

config.status:1193: creating Makefile
config.status:1193: creating config/Makefile
config.status:1193: creating doc/Makefile
config.status:1193: creating src/Makefile
config.status:1193: creating src/lib/Makefile
config.status:1193: creating src/python/Makefile
config.status:1193: creating config.h
config.status:1365: config.h is unchanged
config.status:1413: executing depfiles commands
config.status:1413: executing libtool commands

## ---------------------- ##
## Running config.status. ##
## ---------------------- ##

This file was extended by gr-rfid-monitor config.status 3.2.2, which was
generated by GNU Autoconf 2.64.  Invocation command line was

  CONFIG_FILES    = 
  CONFIG_HEADERS  = 
  CONFIG_LINKS    = 
  CONFIG_COMMANDS = 
  $ ./config.status config.h

on danilo-desktop

config.status:1193: creating config.h
config.status:1365: config.h is unchanged
