This file contains any messages produced by compilers while
running configure, to aid debugging if configure makes a mistake.

It was created by configure, which was
generated by GNU Autoconf 2.61.  Invocation command line was

  $ ./configure 

## --------- ##
## Platform. ##
## --------- ##

hostname = sdr-desktop
uname -m = i686
uname -r = 2.6.22-14-generic
uname -s = Linux
uname -v = #1 SMP Tue Feb 12 07:42:25 UTC 2008

/usr/bin/uname -p = unknown
/bin/uname -X     = unknown

/bin/arch              = unknown
/usr/bin/arch -k       = unknown
/usr/convex/getsysinfo = unknown
/usr/bin/hostinfo      = unknown
/bin/machine           = unknown
/usr/bin/oslevel       = unknown
/bin/universe          = unknown

PATH: /usr/local/sbin
PATH: /usr/local/bin
PATH: /usr/sbin
PATH: /usr/bin
PATH: /sbin
PATH: /bin
PATH: /usr/games


## ----------- ##
## Core tests. ##
## ----------- ##

configure:2015: checking build system type
configure:2033: result: i686-pc-linux-gnu
configure:2055: checking host system type
configure:2070: result: i686-pc-linux-gnu
configure:2092: checking target system type
configure:2107: result: i686-pc-linux-gnu
configure:2150: checking for a BSD-compatible install
configure:2206: result: /usr/bin/install -c
configure:2217: checking whether build environment is sane
configure:2260: result: yes
configure:2288: checking for a thread-safe mkdir -p
configure:2327: result: /bin/mkdir -p
configure:2340: checking for gawk
configure:2356: found /usr/bin/gawk
configure:2367: result: gawk
configure:2378: checking whether make sets $(MAKE)
configure:2399: result: yes
configure:2616: checking for style of include used by make
configure:2644: result: GNU
configure:2724: checking for g++
configure:2740: found /usr/bin/g++
configure:2751: result: g++
configure:2782: checking for C++ compiler version
configure:2789: g++ --version >&5
g++ (GCC) 4.1.3 20070929 (prerelease) (Ubuntu 4.1.2-16ubuntu2)
Copyright (C) 2006 Free Software Foundation, Inc.
This is free software; see the source for copying conditions.  There is NO
warranty; not even for MERCHANTABILITY or FITNESS FOR A PARTICULAR PURPOSE.

configure:2792: $? = 0
configure:2799: g++ -v >&5
Using built-in specs.
Target: i486-linux-gnu
Configured with: ../src/configure -v --enable-languages=c,c++,fortran,objc,obj-c++,treelang --prefix=/usr --enable-shared --with-system-zlib --libexecdir=/usr/lib --without-included-gettext --enable-threads=posix --enable-nls --with-gxx-include-dir=/usr/include/c++/4.1.3 --program-suffix=-4.1 --enable-__cxa_atexit --enable-clocale=gnu --enable-libstdcxx-debug --enable-mpfr --enable-checking=release i486-linux-gnu
Thread model: posix
gcc version 4.1.3 20070929 (prerelease) (Ubuntu 4.1.2-16ubuntu2)
configure:2802: $? = 0
configure:2809: g++ -V >&5
g++: '-V' option must have argument
configure:2812: $? = 1
configure:2835: checking for C++ compiler default output file name
configure:2862: g++    conftest.cpp  >&5
configure:2865: $? = 0
configure:2903: result: a.out
configure:2920: checking whether the C++ compiler works
configure:2930: ./a.out
configure:2933: $? = 0
configure:2950: result: yes
configure:2957: checking whether we are cross compiling
configure:2959: result: no
configure:2962: checking for suffix of executables
configure:2969: g++ -o conftest    conftest.cpp  >&5
configure:2972: $? = 0
configure:2996: result: 
configure:3002: checking for suffix of object files
configure:3028: g++ -c   conftest.cpp >&5
configure:3031: $? = 0
configure:3054: result: o
configure:3058: checking whether we are using the GNU C++ compiler
configure:3087: g++ -c   conftest.cpp >&5
configure:3093: $? = 0
configure:3110: result: yes
configure:3115: checking whether g++ accepts -g
configure:3145: g++ -c -g  conftest.cpp >&5
configure:3151: $? = 0
configure:3250: result: yes
configure:3275: checking dependency style of g++
configure:3366: result: gcc3
configure:3386: checking how to run the C++ preprocessor
configure:3422: g++ -E  conftest.cpp
configure:3428: $? = 0
configure:3459: g++ -E  conftest.cpp
conftest.cpp:10:28: error: ac_nonexistent.h: No such file or directory
configure:3465: $? = 1
configure: failed program was:
| /* confdefs.h.  */
| #define PACKAGE_NAME ""
| #define PACKAGE_TARNAME ""
| #define PACKAGE_VERSION ""
| #define PACKAGE_STRING ""
| #define PACKAGE_BUGREPORT ""
| #define PACKAGE "gr-dect"
| #define VERSION "2.0"
| /* end confdefs.h.  */
| #include <ac_nonexistent.h>
configure:3498: result: g++ -E
configure:3527: g++ -E  conftest.cpp
configure:3533: $? = 0
configure:3564: g++ -E  conftest.cpp
conftest.cpp:10:28: error: ac_nonexistent.h: No such file or directory
configure:3570: $? = 1
configure: failed program was:
| /* confdefs.h.  */
| #define PACKAGE_NAME ""
| #define PACKAGE_TARNAME ""
| #define PACKAGE_VERSION ""
| #define PACKAGE_STRING ""
| #define PACKAGE_BUGREPORT ""
| #define PACKAGE "gr-dect"
| #define VERSION "2.0"
| /* end confdefs.h.  */
| #include <ac_nonexistent.h>
configure:3620: checking whether C++ has bool
configure:3641: g++ -o conftest -g -O2   conftest.cpp  >&5
configure:3644: $? = 0
configure:3650: ./conftest
configure:3653: $? = 0
configure:3655: result: yes
configure:3676: checking whether C++ has buggy scoping in for-loops
configure:3702: g++ -c -g -O2  conftest.cpp >&5
In file included from /usr/include/c++/4.1.3/backward/iostream.h:31,
                 from conftest.cpp:10:
/usr/include/c++/4.1.3/backward/backward_warning.h:32:2: warning: #warning This file includes at least one deprecated or antiquated header. Please consider using one of the 32 headers found in section 17.4.1.2 of the C++ standard. Examples include substituting the <X> header for the <X.h> header for C++ includes, or <iostream> instead of the deprecated header <iostream.h>. To disable this warning use -Wno-deprecated.
configure:3708: $? = 0
configure:3713: result: no
configure:3730: checking whether user wants assertions
configure:3742: result: yes
configure:3747: checking whether C++ has std::isnan
configure:3772: g++ -c -g -O2  conftest.cpp >&5
configure:3778: $? = 0
configure:3783: result: yes
configure:3809: checking whether user wants warnings
configure:3820: result: yes
configure:3854: checking whether g++ accepts -Wall
configure:3859: result: yes
configure:3854: checking whether g++ accepts -Woverloaded-virtual
configure:3859: result: yes
configure:3872: checking whether user wants gprof
configure:3882: result: no
configure:3935: checking whether user wants prof
configure:3945: result: no
configure:4045: checking for gcc
configure:4061: found /usr/bin/gcc
configure:4072: result: gcc
configure:4310: checking for C compiler version
configure:4317: gcc --version >&5
gcc (GCC) 4.1.3 20070929 (prerelease) (Ubuntu 4.1.2-16ubuntu2)
Copyright (C) 2006 Free Software Foundation, Inc.
This is free software; see the source for copying conditions.  There is NO
warranty; not even for MERCHANTABILITY or FITNESS FOR A PARTICULAR PURPOSE.

configure:4320: $? = 0
configure:4327: gcc -v >&5
Using built-in specs.
Target: i486-linux-gnu
Configured with: ../src/configure -v --enable-languages=c,c++,fortran,objc,obj-c++,treelang --prefix=/usr --enable-shared --with-system-zlib --libexecdir=/usr/lib --without-included-gettext --enable-threads=posix --enable-nls --with-gxx-include-dir=/usr/include/c++/4.1.3 --program-suffix=-4.1 --enable-__cxa_atexit --enable-clocale=gnu --enable-libstdcxx-debug --enable-mpfr --enable-checking=release i486-linux-gnu
Thread model: posix
gcc version 4.1.3 20070929 (prerelease) (Ubuntu 4.1.2-16ubuntu2)
configure:4330: $? = 0
configure:4337: gcc -V >&5
gcc: '-V' option must have argument
configure:4340: $? = 1
configure:4343: checking whether we are using the GNU C compiler
configure:4372: gcc -c   conftest.c >&5
configure:4378: $? = 0
configure:4395: result: yes
configure:4400: checking whether gcc accepts -g
configure:4430: gcc -c -g  conftest.c >&5
configure:4436: $? = 0
configure:4535: result: yes
configure:4552: checking for gcc option to accept ISO C89
configure:4626: gcc  -c -g -O2  conftest.c >&5
configure:4632: $? = 0
configure:4655: result: none needed
configure:4675: checking dependency style of gcc
configure:4766: result: gcc3
configure:4790: checking dependency style of gcc
configure:4881: result: gcc3
configure:4896: checking whether ln -s works
configure:4900: result: yes
configure:4907: checking whether make sets $(MAKE)
configure:4928: result: yes
configure:4950: checking for a BSD-compatible install
configure:5006: result: /usr/bin/install -c
configure:5019: checking for rm
configure:5037: found /bin/rm
configure:5049: result: /bin/rm
configure:5131: checking for a sed that does not truncate output
configure:5187: result: /bin/sed
configure:5190: checking for grep that handles long lines and -e
configure:5264: result: /bin/grep
configure:5269: checking for egrep
configure:5347: result: /bin/grep -E
configure:5363: checking for ld used by gcc
configure:5430: result: /usr/bin/ld
configure:5439: checking if the linker (/usr/bin/ld) is GNU ld
configure:5454: result: yes
configure:5459: checking for /usr/bin/ld option to reload object files
configure:5466: result: -r
configure:5484: checking for BSD-compatible nm
configure:5533: result: /usr/bin/nm -B
configure:5537: checking how to recognize dependent libraries
configure:5723: result: pass_all
configure:6254: checking how to run the C preprocessor
configure:6294: gcc -E  conftest.c
configure:6300: $? = 0
configure:6331: gcc -E  conftest.c
conftest.c:11:28: error: ac_nonexistent.h: No such file or directory
configure:6337: $? = 1
configure: failed program was:
| /* confdefs.h.  */
| #define PACKAGE_NAME ""
| #define PACKAGE_TARNAME ""
| #define PACKAGE_VERSION ""
| #define PACKAGE_STRING ""
| #define PACKAGE_BUGREPORT ""
| #define PACKAGE "gr-dect"
| #define VERSION "2.0"
| #define CXX_HAS_STD_ISNAN
| /* end confdefs.h.  */
| #include <ac_nonexistent.h>
configure:6370: result: gcc -E
configure:6399: gcc -E  conftest.c
configure:6405: $? = 0
configure:6436: gcc -E  conftest.c
conftest.c:11:28: error: ac_nonexistent.h: No such file or directory
configure:6442: $? = 1
configure: failed program was:
| /* confdefs.h.  */
| #define PACKAGE_NAME ""
| #define PACKAGE_TARNAME ""
| #define PACKAGE_VERSION ""
| #define PACKAGE_STRING ""
| #define PACKAGE_BUGREPORT ""
| #define PACKAGE "gr-dect"
| #define VERSION "2.0"
| #define CXX_HAS_STD_ISNAN
| /* end confdefs.h.  */
| #include <ac_nonexistent.h>
configure:6480: checking for ANSI C header files
configure:6510: gcc -c -g -O2  conftest.c >&5
configure:6516: $? = 0
configure:6615: gcc -o conftest -g -O2   conftest.c  >&5
configure:6618: $? = 0
configure:6624: ./conftest
configure:6627: $? = 0
configure:6644: result: yes
configure:6668: checking for sys/types.h
configure:6689: gcc -c -g -O2  conftest.c >&5
configure:6695: $? = 0
configure:6711: result: yes
configure:6668: checking for sys/stat.h
configure:6689: gcc -c -g -O2  conftest.c >&5
configure:6695: $? = 0
configure:6711: result: yes
configure:6668: checking for stdlib.h
configure:6689: gcc -c -g -O2  conftest.c >&5
configure:6695: $? = 0
configure:6711: result: yes
configure:6668: checking for string.h
configure:6689: gcc -c -g -O2  conftest.c >&5
configure:6695: $? = 0
configure:6711: result: yes
configure:6668: checking for memory.h
configure:6689: gcc -c -g -O2  conftest.c >&5
configure:6695: $? = 0
configure:6711: result: yes
configure:6668: checking for strings.h
configure:6689: gcc -c -g -O2  conftest.c >&5
configure:6695: $? = 0
configure:6711: result: yes
configure:6668: checking for inttypes.h
configure:6689: gcc -c -g -O2  conftest.c >&5
configure:6695: $? = 0
configure:6711: result: yes
configure:6668: checking for stdint.h
configure:6689: gcc -c -g -O2  conftest.c >&5
configure:6695: $? = 0
configure:6711: result: yes
configure:6668: checking for unistd.h
configure:6689: gcc -c -g -O2  conftest.c >&5
configure:6695: $? = 0
configure:6711: result: yes
configure:6738: checking dlfcn.h usability
configure:6755: gcc -c -g -O2  conftest.c >&5
configure:6761: $? = 0
configure:6775: result: yes
configure:6779: checking dlfcn.h presence
configure:6794: gcc -E  conftest.c
configure:6800: $? = 0
configure:6814: result: yes
configure:6842: checking for dlfcn.h
configure:6850: result: yes
configure:6873: checking how to run the C++ preprocessor
configure:6985: result: g++ -E
configure:7014: g++ -E  conftest.cpp
configure:7020: $? = 0
configure:7051: g++ -E  conftest.cpp
conftest.cpp:22:28: error: ac_nonexistent.h: No such file or directory
configure:7057: $? = 1
configure: failed program was:
| /* confdefs.h.  */
| #define PACKAGE_NAME ""
| #define PACKAGE_TARNAME ""
| #define PACKAGE_VERSION ""
| #define PACKAGE_STRING ""
| #define PACKAGE_BUGREPORT ""
| #define PACKAGE "gr-dect"
| #define VERSION "2.0"
| #define CXX_HAS_STD_ISNAN
| #define STDC_HEADERS 1
| #define HAVE_SYS_TYPES_H 1
| #define HAVE_SYS_STAT_H 1
| #define HAVE_STDLIB_H 1
| #define HAVE_STRING_H 1
| #define HAVE_MEMORY_H 1
| #define HAVE_STRINGS_H 1
| #define HAVE_INTTYPES_H 1
| #define HAVE_STDINT_H 1
| #define HAVE_UNISTD_H 1
| #define HAVE_DLFCN_H 1
| /* end confdefs.h.  */
| #include <ac_nonexistent.h>
configure:7149: checking for g77
configure:7165: found /usr/bin/g77
configure:7176: result: g77
configure:7206: checking for Fortran 77 compiler version
configure:7213: g77 --version >&5
GNU Fortran (GCC) 3.4.6 (Ubuntu 3.4.6-6ubuntu2)
Copyright (C) 2006 Free Software Foundation, Inc.

GNU Fortran comes with NO WARRANTY, to the extent permitted by law.
You may redistribute copies of GNU Fortran
under the terms of the GNU General Public License.
For more information about these matters, see the file named COPYING
or type the command `info -f g77 Copying'.
configure:7216: $? = 0
configure:7223: g77 -v >&5
Reading specs from /usr/lib/gcc/i486-linux-gnu/3.4.6/specs
Configured with: ../src/configure -v --enable-languages=c,c++,f77,pascal --prefix=/usr --libexecdir=/usr/lib --with-gxx-include-dir=/usr/include/c++/3.4 --enable-shared --with-system-zlib --enable-nls --without-included-gettext --program-suffix=-3.4 --enable-__cxa_atexit --enable-clocale=gnu --enable-libstdcxx-debug --with-tune=pentium4 i486-linux-gnu
Thread model: posix
gcc version 3.4.6 (Ubuntu 3.4.6-6ubuntu2)
configure:7226: $? = 0
configure:7233: g77 -V >&5
g77: `-V' option must have argument
configure:7236: $? = 1
configure:7244: checking whether we are using the GNU Fortran 77 compiler
configure:7263: g77 -c  conftest.F >&5
configure:7269: $? = 0
configure:7286: result: yes
configure:7292: checking whether g77 accepts -g
configure:7309: g77 -c -g conftest.f >&5
configure:7315: $? = 0
configure:7331: result: yes
configure:7361: checking the maximum length of command line arguments
configure:7473: result: 98304
configure:7485: checking command to parse /usr/bin/nm -B output from gcc object
configure:7590: gcc -c -g -O2  conftest.c >&5
configure:7593: $? = 0
configure:7597: /usr/bin/nm -B conftest.o \| sed -n -e 's/^.*[ 	]\([ABCDGIRSTW][ABCDGIRSTW]*\)[ 	][ 	]*\([_A-Za-z][_A-Za-z0-9]*\)$/\1 \2 \2/p' \> conftest.nm
configure:7600: $? = 0
configure:7652: gcc -o conftest -g -O2   conftest.c conftstm.o >&5
configure:7655: $? = 0
configure:7693: result: ok
configure:7697: checking for objdir
configure:7712: result: .libs
configure:7804: checking for ar
configure:7820: found /usr/bin/ar
configure:7831: result: ar
configure:7900: checking for ranlib
configure:7916: found /usr/bin/ranlib
configure:7927: result: ranlib
configure:7996: checking for strip
configure:8012: found /usr/bin/strip
configure:8023: result: strip
configure:8309: checking if gcc supports -fno-rtti -fno-exceptions
configure:8327: gcc -c -g -O2  -fno-rtti -fno-exceptions conftest.c >&5
cc1: warning: command line option "-fno-rtti" is valid for C++/ObjC++ but not for C
configure:8331: $? = 0
configure:8344: result: no
configure:8359: checking for gcc option to produce PIC
configure:8591: result: -fPIC
configure:8599: checking if gcc PIC flag -fPIC works
configure:8617: gcc -c -g -O2  -fPIC -DPIC conftest.c >&5
configure:8621: $? = 0
configure:8634: result: yes
configure:8662: checking if gcc static flag -static works
configure:8690: result: yes
configure:8700: checking if gcc supports -c -o file.o
configure:8721: gcc -c -g -O2  -o out/conftest2.o conftest.c >&5
configure:8725: $? = 0
configure:8747: result: yes
configure:8773: checking whether the gcc linker (/usr/bin/ld) supports shared libraries
configure:9754: result: yes
configure:9775: checking whether -lc should be explicitly linked in
configure:9780: gcc -c -g -O2  conftest.c >&5
configure:9783: $? = 0
configure:9798: gcc -shared conftest.o  -v -Wl,-soname -Wl,conftest -o conftest 2\>\&1 \| grep  -lc  \>/dev/null 2\>\&1
configure:9801: $? = 0
configure:9813: result: no
configure:9821: checking dynamic linker characteristics
configure:10435: result: GNU/Linux ld.so
configure:10444: checking how to hardcode library paths into programs
configure:10469: result: immediate
configure:10483: checking whether stripping libraries is possible
configure:10488: result: yes
configure:11290: checking if libtool supports shared libraries
configure:11292: result: yes
configure:11295: checking whether to build shared libraries
configure:11316: result: yes
configure:11319: checking whether to build static libraries
configure:11323: result: no
configure:11416: creating libtool
configure:12004: checking for ld used by g++
configure:12071: result: /usr/bin/ld
configure:12080: checking if the linker (/usr/bin/ld) is GNU ld
configure:12095: result: yes
configure:12146: checking whether the g++ linker (/usr/bin/ld) supports shared libraries
configure:13120: result: yes
configure:13138: g++ -c -g -O2 -Wall -Woverloaded-virtual  conftest.cpp >&5
configure:13141: $? = 0
configure:13293: checking for g++ option to produce PIC
configure:13577: result: -fPIC
configure:13585: checking if g++ PIC flag -fPIC works
configure:13603: g++ -c -g -O2 -Wall -Woverloaded-virtual  -fPIC -DPIC conftest.cpp >&5
configure:13607: $? = 0
configure:13620: result: yes
configure:13648: checking if g++ static flag -static works
configure:13676: result: yes
configure:13686: checking if g++ supports -c -o file.o
configure:13707: g++ -c -g -O2 -Wall -Woverloaded-virtual  -o out/conftest2.o conftest.cpp >&5
configure:13711: $? = 0
configure:13733: result: yes
configure:13759: checking whether the g++ linker (/usr/bin/ld) supports shared libraries
configure:13787: result: yes
configure:13854: checking dynamic linker characteristics
configure:14416: result: GNU/Linux ld.so
configure:14425: checking how to hardcode library paths into programs
configure:14450: result: immediate
configure:14984: checking if libtool supports shared libraries
configure:14986: result: yes
configure:14989: checking whether to build shared libraries
configure:15009: result: yes
configure:15012: checking whether to build static libraries
configure:15016: result: no
configure:15026: checking for g77 option to produce PIC
configure:15258: result: -fPIC
configure:15266: checking if g77 PIC flag -fPIC works
configure:15284: g77 -c -g -O2 -fPIC conftest.f >&5
configure:15288: $? = 0
configure:15301: result: yes
configure:15329: checking if g77 static flag -static works
configure:15357: result: yes
configure:15367: checking if g77 supports -c -o file.o
configure:15388: g77 -c -g -O2 -o out/conftest2.o conftest.f >&5
configure:15392: $? = 0
configure:15414: result: yes
configure:15440: checking whether the g77 linker (/usr/bin/ld) supports shared libraries
configure:16401: result: yes
configure:16468: checking dynamic linker characteristics
configure:17030: result: GNU/Linux ld.so
configure:17039: checking how to hardcode library paths into programs
configure:17064: result: immediate
configure:20671: checking for python
configure:20689: found /usr/bin/python
configure:20701: result: /usr/bin/python
configure:20724: checking for python version
configure:20731: result: 2.5
configure:20743: checking for python platform
configure:20750: result: linux2
configure:20757: checking for python script directory
configure:20765: result: ${prefix}/lib/python2.5/site-packages
configure:20774: checking for python extension module directory
configure:20782: result: ${exec_prefix}/lib/python2.5/site-packages
configure:20807: checking for Python include path
configure:20825: result: /usr/include/python2.5
configure:20854: checking Python.h usability
configure:20871: gcc -c -g -O2  -I/usr/include/python2.5 conftest.c >&5
configure:20877: $? = 0
configure:20891: result: yes
configure:20895: checking Python.h presence
configure:20910: gcc -E  -I/usr/include/python2.5 conftest.c
configure:20916: $? = 0
configure:20930: result: yes
configure:20958: checking for Python.h
configure:20966: result: yes
configure:21040: checking for swig
configure:21056: found /usr/bin/swig
configure:21067: result: /usr/bin/swig
configure:21081: checking for SWIG version
configure:21085: result: 1.3.31
configure:21273: checking for the pthreads library -lpthreads
configure:21316: gcc -o conftest -g -O2    conftest.c -lpthreads  >&5
/usr/bin/ld: cannot find -lpthreads
collect2: ld returned 1 exit status
configure:21322: $? = 1
configure: failed program was:
| /* confdefs.h.  */
| #define PACKAGE_NAME ""
| #define PACKAGE_TARNAME ""
| #define PACKAGE_VERSION ""
| #define PACKAGE_STRING ""
| #define PACKAGE_BUGREPORT ""
| #define PACKAGE "gr-dect"
| #define VERSION "2.0"
| #define CXX_HAS_STD_ISNAN
| #define STDC_HEADERS 1
| #define HAVE_SYS_TYPES_H 1
| #define HAVE_SYS_STAT_H 1
| #define HAVE_STDLIB_H 1
| #define HAVE_STRING_H 1
| #define HAVE_MEMORY_H 1
| #define HAVE_STRINGS_H 1
| #define HAVE_INTTYPES_H 1
| #define HAVE_STDINT_H 1
| #define HAVE_UNISTD_H 1
| #define HAVE_DLFCN_H 1
| #define HAVE_PYTHON_H 1
| /* end confdefs.h.  */
| #include <pthread.h>
| int
| main ()
| {
| pthread_t th; pthread_join(th, 0);
|                      pthread_attr_init(0); pthread_cleanup_push(0, 0);
|                      pthread_create(0,0,0,0); pthread_cleanup_pop(0);
|   ;
|   return 0;
| }
configure:21342: result: no
configure:21262: checking whether pthreads work without any flags
configure:21316: gcc -o conftest -g -O2    conftest.c   >&5
/tmp/ccO63xDM.o: In function `main':
/home/sdr/usrp-waveforms/gr-dect-v2/conftest.c:27: undefined reference to `pthread_join'
/home/sdr/usrp-waveforms/gr-dect-v2/conftest.c:28: undefined reference to `__pthread_register_cancel'
/home/sdr/usrp-waveforms/gr-dect-v2/conftest.c:29: undefined reference to `pthread_create'
/home/sdr/usrp-waveforms/gr-dect-v2/conftest.c:29: undefined reference to `__pthread_unregister_cancel'
collect2: ld returned 1 exit status
configure:21322: $? = 1
configure: failed program was:
| /* confdefs.h.  */
| #define PACKAGE_NAME ""
| #define PACKAGE_TARNAME ""
| #define PACKAGE_VERSION ""
| #define PACKAGE_STRING ""
| #define PACKAGE_BUGREPORT ""
| #define PACKAGE "gr-dect"
| #define VERSION "2.0"
| #define CXX_HAS_STD_ISNAN
| #define STDC_HEADERS 1
| #define HAVE_SYS_TYPES_H 1
| #define HAVE_SYS_STAT_H 1
| #define HAVE_STDLIB_H 1
| #define HAVE_STRING_H 1
| #define HAVE_MEMORY_H 1
| #define HAVE_STRINGS_H 1
| #define HAVE_INTTYPES_H 1
| #define HAVE_STDINT_H 1
| #define HAVE_UNISTD_H 1
| #define HAVE_DLFCN_H 1
| #define HAVE_PYTHON_H 1
| /* end confdefs.h.  */
| #include <pthread.h>
| int
| main ()
| {
| pthread_t th; pthread_join(th, 0);
|                      pthread_attr_init(0); pthread_cleanup_push(0, 0);
|                      pthread_create(0,0,0,0); pthread_cleanup_pop(0);
|   ;
|   return 0;
| }
configure:21342: result: no
configure:21267: checking whether pthreads work with -Kthread
configure:21316: gcc -o conftest -g -O2 -Kthread   conftest.c   >&5
gcc: unrecognized option '-Kthread'
/tmp/ccMQvJK0.o: In function `main':
/home/sdr/usrp-waveforms/gr-dect-v2/conftest.c:27: undefined reference to `pthread_join'
/home/sdr/usrp-waveforms/gr-dect-v2/conftest.c:28: undefined reference to `__pthread_register_cancel'
/home/sdr/usrp-waveforms/gr-dect-v2/conftest.c:29: undefined reference to `pthread_create'
/home/sdr/usrp-waveforms/gr-dect-v2/conftest.c:29: undefined reference to `__pthread_unregister_cancel'
collect2: ld returned 1 exit status
configure:21322: $? = 1
configure: failed program was:
| /* confdefs.h.  */
| #define PACKAGE_NAME ""
| #define PACKAGE_TARNAME ""
| #define PACKAGE_VERSION ""
| #define PACKAGE_STRING ""
| #define PACKAGE_BUGREPORT ""
| #define PACKAGE "gr-dect"
| #define VERSION "2.0"
| #define CXX_HAS_STD_ISNAN
| #define STDC_HEADERS 1
| #define HAVE_SYS_TYPES_H 1
| #define HAVE_SYS_STAT_H 1
| #define HAVE_STDLIB_H 1
| #define HAVE_STRING_H 1
| #define HAVE_MEMORY_H 1
| #define HAVE_STRINGS_H 1
| #define HAVE_INTTYPES_H 1
| #define HAVE_STDINT_H 1
| #define HAVE_UNISTD_H 1
| #define HAVE_DLFCN_H 1
| #define HAVE_PYTHON_H 1
| /* end confdefs.h.  */
| #include <pthread.h>
| int
| main ()
| {
| pthread_t th; pthread_join(th, 0);
|                      pthread_attr_init(0); pthread_cleanup_push(0, 0);
|                      pthread_create(0,0,0,0); pthread_cleanup_pop(0);
|   ;
|   return 0;
| }
configure:21342: result: no
configure:21267: checking whether pthreads work with -kthread
configure:21316: gcc -o conftest -g -O2 -kthread   conftest.c   >&5
gcc: unrecognized option '-kthread'
/tmp/cc236CEe.o: In function `main':
/home/sdr/usrp-waveforms/gr-dect-v2/conftest.c:27: undefined reference to `pthread_join'
/home/sdr/usrp-waveforms/gr-dect-v2/conftest.c:28: undefined reference to `__pthread_register_cancel'
/home/sdr/usrp-waveforms/gr-dect-v2/conftest.c:29: undefined reference to `pthread_create'
/home/sdr/usrp-waveforms/gr-dect-v2/conftest.c:29: undefined reference to `__pthread_unregister_cancel'
collect2: ld returned 1 exit status
configure:21322: $? = 1
configure: failed program was:
| /* confdefs.h.  */
| #define PACKAGE_NAME ""
| #define PACKAGE_TARNAME ""
| #define PACKAGE_VERSION ""
| #define PACKAGE_STRING ""
| #define PACKAGE_BUGREPORT ""
| #define PACKAGE "gr-dect"
| #define VERSION "2.0"
| #define CXX_HAS_STD_ISNAN
| #define STDC_HEADERS 1
| #define HAVE_SYS_TYPES_H 1
| #define HAVE_SYS_STAT_H 1
| #define HAVE_STDLIB_H 1
| #define HAVE_STRING_H 1
| #define HAVE_MEMORY_H 1
| #define HAVE_STRINGS_H 1
| #define HAVE_INTTYPES_H 1
| #define HAVE_STDINT_H 1
| #define HAVE_UNISTD_H 1
| #define HAVE_DLFCN_H 1
| #define HAVE_PYTHON_H 1
| /* end confdefs.h.  */
| #include <pthread.h>
| int
| main ()
| {
| pthread_t th; pthread_join(th, 0);
|                      pthread_attr_init(0); pthread_cleanup_push(0, 0);
|                      pthread_create(0,0,0,0); pthread_cleanup_pop(0);
|   ;
|   return 0;
| }
configure:21342: result: no
configure:21273: checking for the pthreads library -llthread
configure:21316: gcc -o conftest -g -O2    conftest.c -llthread  >&5
/usr/bin/ld: cannot find -llthread
collect2: ld returned 1 exit status
configure:21322: $? = 1
configure: failed program was:
| /* confdefs.h.  */
| #define PACKAGE_NAME ""
| #define PACKAGE_TARNAME ""
| #define PACKAGE_VERSION ""
| #define PACKAGE_STRING ""
| #define PACKAGE_BUGREPORT ""
| #define PACKAGE "gr-dect"
| #define VERSION "2.0"
| #define CXX_HAS_STD_ISNAN
| #define STDC_HEADERS 1
| #define HAVE_SYS_TYPES_H 1
| #define HAVE_SYS_STAT_H 1
| #define HAVE_STDLIB_H 1
| #define HAVE_STRING_H 1
| #define HAVE_MEMORY_H 1
| #define HAVE_STRINGS_H 1
| #define HAVE_INTTYPES_H 1
| #define HAVE_STDINT_H 1
| #define HAVE_UNISTD_H 1
| #define HAVE_DLFCN_H 1
| #define HAVE_PYTHON_H 1
| /* end confdefs.h.  */
| #include <pthread.h>
| int
| main ()
| {
| pthread_t th; pthread_join(th, 0);
|                      pthread_attr_init(0); pthread_cleanup_push(0, 0);
|                      pthread_create(0,0,0,0); pthread_cleanup_pop(0);
|   ;
|   return 0;
| }
configure:21342: result: no
configure:21267: checking whether pthreads work with -pthread
configure:21316: gcc -o conftest -g -O2 -pthread   conftest.c   >&5
configure:21322: $? = 0
configure:21342: result: yes
configure:21362: checking for joinable pthread attribute
configure:21385: gcc -o conftest -g -O2 -pthread   conftest.c   >&5
configure:21391: $? = 0
configure:21459: result: PTHREAD_CREATE_JOINABLE
configure:21466: checking if more special flags are required for pthreads
configure:21473: result: no
configure:21485: checking for cc_r
configure:21513: result: gcc
configure:21622: checking for library containing clock_gettime
configure:21663: gcc -o conftest -g -O2   conftest.c  >&5
/tmp/ccUsuqdY.o: In function `main':
/home/sdr/usrp-waveforms/gr-dect-v2/conftest.c:35: undefined reference to `clock_gettime'
collect2: ld returned 1 exit status
configure:21669: $? = 1
configure: failed program was:
| /* confdefs.h.  */
| #define PACKAGE_NAME ""
| #define PACKAGE_TARNAME ""
| #define PACKAGE_VERSION ""
| #define PACKAGE_STRING ""
| #define PACKAGE_BUGREPORT ""
| #define PACKAGE "gr-dect"
| #define VERSION "2.0"
| #define CXX_HAS_STD_ISNAN
| #define STDC_HEADERS 1
| #define HAVE_SYS_TYPES_H 1
| #define HAVE_SYS_STAT_H 1
| #define HAVE_STDLIB_H 1
| #define HAVE_STRING_H 1
| #define HAVE_MEMORY_H 1
| #define HAVE_STRINGS_H 1
| #define HAVE_INTTYPES_H 1
| #define HAVE_STDINT_H 1
| #define HAVE_UNISTD_H 1
| #define HAVE_DLFCN_H 1
| #define HAVE_PYTHON_H 1
| #define OMNITHREAD_POSIX 1
| /* end confdefs.h.  */
| 
| /* Override any GCC internal prototype to avoid an error.
|    Use char because int might match the return type of a GCC
|    builtin and then its argument prototype would still apply.  */
| #ifdef __cplusplus
| extern "C"
| #endif
| char clock_gettime ();
| int
| main ()
| {
| return clock_gettime ();
|   ;
|   return 0;
| }
configure:21663: gcc -o conftest -g -O2   conftest.c -lrt   >&5
configure:21669: $? = 0
configure:21697: result: -lrt
configure:21711: checking for clock_gettime
configure:21767: gcc -o conftest -g -O2   conftest.c -lrt  >&5
configure:21773: $? = 0
configure:21791: result: yes
configure:21711: checking for gettimeofday
configure:21767: gcc -o conftest -g -O2   conftest.c -lrt  >&5
configure:21773: $? = 0
configure:21791: result: yes
configure:21711: checking for nanosleep
configure:21767: gcc -o conftest -g -O2   conftest.c -lrt  >&5
configure:21773: $? = 0
configure:21791: result: yes
configure:21813: checking for ANSI C header files
configure:21977: result: yes
configure:21987: checking for sys/wait.h that is POSIX.1 compatible
configure:22023: gcc -c -g -O2 -pthread  conftest.c >&5
configure:22029: $? = 0
configure:22044: result: yes
configure:22074: checking fcntl.h usability
configure:22091: gcc -c -g -O2 -pthread  conftest.c >&5
configure:22097: $? = 0
configure:22111: result: yes
configure:22115: checking fcntl.h presence
configure:22130: gcc -E  conftest.c
configure:22136: $? = 0
configure:22150: result: yes
configure:22178: checking for fcntl.h
configure:22186: result: yes
configure:22074: checking limits.h usability
configure:22091: gcc -c -g -O2 -pthread  conftest.c >&5
configure:22097: $? = 0
configure:22111: result: yes
configure:22115: checking limits.h presence
configure:22130: gcc -E  conftest.c
configure:22136: $? = 0
configure:22150: result: yes
configure:22178: checking for limits.h
configure:22186: result: yes
configure:22064: checking for strings.h
configure:22070: result: yes
configure:22074: checking sys/ioctl.h usability
configure:22091: gcc -c -g -O2 -pthread  conftest.c >&5
configure:22097: $? = 0
configure:22111: result: yes
configure:22115: checking sys/ioctl.h presence
configure:22130: gcc -E  conftest.c
configure:22136: $? = 0
configure:22150: result: yes
configure:22178: checking for sys/ioctl.h
configure:22186: result: yes
configure:22074: checking sys/time.h usability
configure:22091: gcc -c -g -O2 -pthread  conftest.c >&5
configure:22097: $? = 0
configure:22111: result: yes
configure:22115: checking sys/time.h presence
configure:22130: gcc -E  conftest.c
configure:22136: $? = 0
configure:22150: result: yes
configure:22178: checking for sys/time.h
configure:22186: result: yes
configure:22064: checking for unistd.h
configure:22070: result: yes
configure:22214: checking sys/mman.h usability
configure:22231: gcc -c -g -O2 -pthread  conftest.c >&5
configure:22237: $? = 0
configure:22251: result: yes
configure:22255: checking sys/mman.h presence
configure:22270: gcc -E  conftest.c
configure:22276: $? = 0
configure:22290: result: yes
configure:22318: checking for sys/mman.h
configure:22326: result: yes
configure:22340: checking for an ANSI C-conforming const
configure:22415: gcc -c -g -O2 -pthread  conftest.c >&5
configure:22421: $? = 0
configure:22436: result: yes
configure:22446: checking for inline
configure:22472: gcc -c -g -O2 -pthread  conftest.c >&5
configure:22478: $? = 0
configure:22496: result: inline
configure:22515: checking for size_t
configure:22545: gcc -c -g -O2 -pthread  conftest.c >&5
configure:22551: $? = 0
configure:22566: result: yes
configure:22578: checking whether time.h and sys/time.h may both be included
configure:22608: gcc -c -g -O2 -pthread  conftest.c >&5
configure:22614: $? = 0
configure:22629: result: yes
configure:22743: checking for sys/types.h
configure:22749: result: yes
configure:22743: checking for fcntl.h
configure:22749: result: yes
configure:22753: checking io.h usability
configure:22770: gcc -c -g -O2 -pthread  conftest.c >&5
conftest.c:72:16: error: io.h: No such file or directory
configure:22776: $? = 1
configure: failed program was:
| /* confdefs.h.  */
| #define PACKAGE_NAME ""
| #define PACKAGE_TARNAME ""
| #define PACKAGE_VERSION ""
| #define PACKAGE_STRING ""
| #define PACKAGE_BUGREPORT ""
| #define PACKAGE "gr-dect"
| #define VERSION "2.0"
| #define CXX_HAS_STD_ISNAN
| #define STDC_HEADERS 1
| #define HAVE_SYS_TYPES_H 1
| #define HAVE_SYS_STAT_H 1
| #define HAVE_STDLIB_H 1
| #define HAVE_STRING_H 1
| #define HAVE_MEMORY_H 1
| #define HAVE_STRINGS_H 1
| #define HAVE_INTTYPES_H 1
| #define HAVE_STDINT_H 1
| #define HAVE_UNISTD_H 1
| #define HAVE_DLFCN_H 1
| #define HAVE_PYTHON_H 1
| #define OMNITHREAD_POSIX 1
| #define HAVE_CLOCK_GETTIME 1
| #define HAVE_GETTIMEOFDAY 1
| #define HAVE_NANOSLEEP 1
| #define STDC_HEADERS 1
| #define HAVE_SYS_WAIT_H 1
| #define HAVE_FCNTL_H 1
| #define HAVE_LIMITS_H 1
| #define HAVE_STRINGS_H 1
| #define HAVE_SYS_IOCTL_H 1
| #define HAVE_SYS_TIME_H 1
| #define HAVE_UNISTD_H 1
| #define HAVE_SYS_MMAN_H 1
| #define TIME_WITH_SYS_TIME 1
| #define HAVE_SYS_TYPES_H 1
| #define HAVE_FCNTL_H 1
| /* end confdefs.h.  */
| #include <stdio.h>
| #ifdef HAVE_SYS_TYPES_H
| # include <sys/types.h>
| #endif
| #ifdef HAVE_SYS_STAT_H
| # include <sys/stat.h>
| #endif
| #ifdef STDC_HEADERS
| # include <stdlib.h>
| # include <stddef.h>
| #else
| # ifdef HAVE_STDLIB_H
| #  include <stdlib.h>
| # endif
| #endif
| #ifdef HAVE_STRING_H
| # if !defined STDC_HEADERS && defined HAVE_MEMORY_H
| #  include <memory.h>
| # endif
| # include <string.h>
| #endif
| #ifdef HAVE_STRINGS_H
| # include <strings.h>
| #endif
| #ifdef HAVE_INTTYPES_H
| # include <inttypes.h>
| #endif
| #ifdef HAVE_STDINT_H
| # include <stdint.h>
| #endif
| #ifdef HAVE_UNISTD_H
| # include <unistd.h>
| #endif
| #include <io.h>
configure:22790: result: no
configure:22794: checking io.h presence
configure:22809: gcc -E  conftest.c
conftest.c:39:16: error: io.h: No such file or directory
configure:22815: $? = 1
configure: failed program was:
| /* confdefs.h.  */
| #define PACKAGE_NAME ""
| #define PACKAGE_TARNAME ""
| #define PACKAGE_VERSION ""
| #define PACKAGE_STRING ""
| #define PACKAGE_BUGREPORT ""
| #define PACKAGE "gr-dect"
| #define VERSION "2.0"
| #define CXX_HAS_STD_ISNAN
| #define STDC_HEADERS 1
| #define HAVE_SYS_TYPES_H 1
| #define HAVE_SYS_STAT_H 1
| #define HAVE_STDLIB_H 1
| #define HAVE_STRING_H 1
| #define HAVE_MEMORY_H 1
| #define HAVE_STRINGS_H 1
| #define HAVE_INTTYPES_H 1
| #define HAVE_STDINT_H 1
| #define HAVE_UNISTD_H 1
| #define HAVE_DLFCN_H 1
| #define HAVE_PYTHON_H 1
| #define OMNITHREAD_POSIX 1
| #define HAVE_CLOCK_GETTIME 1
| #define HAVE_GETTIMEOFDAY 1
| #define HAVE_NANOSLEEP 1
| #define STDC_HEADERS 1
| #define HAVE_SYS_WAIT_H 1
| #define HAVE_FCNTL_H 1
| #define HAVE_LIMITS_H 1
| #define HAVE_STRINGS_H 1
| #define HAVE_SYS_IOCTL_H 1
| #define HAVE_SYS_TIME_H 1
| #define HAVE_UNISTD_H 1
| #define HAVE_SYS_MMAN_H 1
| #define TIME_WITH_SYS_TIME 1
| #define HAVE_SYS_TYPES_H 1
| #define HAVE_FCNTL_H 1
| /* end confdefs.h.  */
| #include <io.h>
configure:22829: result: no
configure:22857: checking for io.h
configure:22865: result: no
configure:22893: checking windows.h usability
configure:22910: gcc -c -g -O2 -pthread  conftest.c >&5
conftest.c:72:21: error: windows.h: No such file or directory
configure:22916: $? = 1
configure: failed program was:
| /* confdefs.h.  */
| #define PACKAGE_NAME ""
| #define PACKAGE_TARNAME ""
| #define PACKAGE_VERSION ""
| #define PACKAGE_STRING ""
| #define PACKAGE_BUGREPORT ""
| #define PACKAGE "gr-dect"
| #define VERSION "2.0"
| #define CXX_HAS_STD_ISNAN
| #define STDC_HEADERS 1
| #define HAVE_SYS_TYPES_H 1
| #define HAVE_SYS_STAT_H 1
| #define HAVE_STDLIB_H 1
| #define HAVE_STRING_H 1
| #define HAVE_MEMORY_H 1
| #define HAVE_STRINGS_H 1
| #define HAVE_INTTYPES_H 1
| #define HAVE_STDINT_H 1
| #define HAVE_UNISTD_H 1
| #define HAVE_DLFCN_H 1
| #define HAVE_PYTHON_H 1
| #define OMNITHREAD_POSIX 1
| #define HAVE_CLOCK_GETTIME 1
| #define HAVE_GETTIMEOFDAY 1
| #define HAVE_NANOSLEEP 1
| #define STDC_HEADERS 1
| #define HAVE_SYS_WAIT_H 1
| #define HAVE_FCNTL_H 1
| #define HAVE_LIMITS_H 1
| #define HAVE_STRINGS_H 1
| #define HAVE_SYS_IOCTL_H 1
| #define HAVE_SYS_TIME_H 1
| #define HAVE_UNISTD_H 1
| #define HAVE_SYS_MMAN_H 1
| #define TIME_WITH_SYS_TIME 1
| #define HAVE_SYS_TYPES_H 1
| #define HAVE_FCNTL_H 1
| /* end confdefs.h.  */
| #include <stdio.h>
| #ifdef HAVE_SYS_TYPES_H
| # include <sys/types.h>
| #endif
| #ifdef HAVE_SYS_STAT_H
| # include <sys/stat.h>
| #endif
| #ifdef STDC_HEADERS
| # include <stdlib.h>
| # include <stddef.h>
| #else
| # ifdef HAVE_STDLIB_H
| #  include <stdlib.h>
| # endif
| #endif
| #ifdef HAVE_STRING_H
| # if !defined STDC_HEADERS && defined HAVE_MEMORY_H
| #  include <memory.h>
| # endif
| # include <string.h>
| #endif
| #ifdef HAVE_STRINGS_H
| # include <strings.h>
| #endif
| #ifdef HAVE_INTTYPES_H
| # include <inttypes.h>
| #endif
| #ifdef HAVE_STDINT_H
| # include <stdint.h>
| #endif
| #ifdef HAVE_UNISTD_H
| # include <unistd.h>
| #endif
| #include <windows.h>
configure:22930: result: no
configure:22934: checking windows.h presence
configure:22949: gcc -E  conftest.c
conftest.c:39:21: error: windows.h: No such file or directory
configure:22955: $? = 1
configure: failed program was:
| /* confdefs.h.  */
| #define PACKAGE_NAME ""
| #define PACKAGE_TARNAME ""
| #define PACKAGE_VERSION ""
| #define PACKAGE_STRING ""
| #define PACKAGE_BUGREPORT ""
| #define PACKAGE "gr-dect"
| #define VERSION "2.0"
| #define CXX_HAS_STD_ISNAN
| #define STDC_HEADERS 1
| #define HAVE_SYS_TYPES_H 1
| #define HAVE_SYS_STAT_H 1
| #define HAVE_STDLIB_H 1
| #define HAVE_STRING_H 1
| #define HAVE_MEMORY_H 1
| #define HAVE_STRINGS_H 1
| #define HAVE_INTTYPES_H 1
| #define HAVE_STDINT_H 1
| #define HAVE_UNISTD_H 1
| #define HAVE_DLFCN_H 1
| #define HAVE_PYTHON_H 1
| #define OMNITHREAD_POSIX 1
| #define HAVE_CLOCK_GETTIME 1
| #define HAVE_GETTIMEOFDAY 1
| #define HAVE_NANOSLEEP 1
| #define STDC_HEADERS 1
| #define HAVE_SYS_WAIT_H 1
| #define HAVE_FCNTL_H 1
| #define HAVE_LIMITS_H 1
| #define HAVE_STRINGS_H 1
| #define HAVE_SYS_IOCTL_H 1
| #define HAVE_SYS_TIME_H 1
| #define HAVE_UNISTD_H 1
| #define HAVE_SYS_MMAN_H 1
| #define TIME_WITH_SYS_TIME 1
| #define HAVE_SYS_TYPES_H 1
| #define HAVE_FCNTL_H 1
| /* end confdefs.h.  */
| #include <windows.h>
configure:22969: result: no
configure:22997: checking for windows.h
configure:23005: result: no
configure:23023: checking for winioctl.h
configure:23048: gcc -c -g -O2 -pthread  conftest.c >&5
conftest.c:45:22: error: winioctl.h: No such file or directory
configure:23054: $? = 1
configure: failed program was:
| /* confdefs.h.  */
| #define PACKAGE_NAME ""
| #define PACKAGE_TARNAME ""
| #define PACKAGE_VERSION ""
| #define PACKAGE_STRING ""
| #define PACKAGE_BUGREPORT ""
| #define PACKAGE "gr-dect"
| #define VERSION "2.0"
| #define CXX_HAS_STD_ISNAN
| #define STDC_HEADERS 1
| #define HAVE_SYS_TYPES_H 1
| #define HAVE_SYS_STAT_H 1
| #define HAVE_STDLIB_H 1
| #define HAVE_STRING_H 1
| #define HAVE_MEMORY_H 1
| #define HAVE_STRINGS_H 1
| #define HAVE_INTTYPES_H 1
| #define HAVE_STDINT_H 1
| #define HAVE_UNISTD_H 1
| #define HAVE_DLFCN_H 1
| #define HAVE_PYTHON_H 1
| #define OMNITHREAD_POSIX 1
| #define HAVE_CLOCK_GETTIME 1
| #define HAVE_GETTIMEOFDAY 1
| #define HAVE_NANOSLEEP 1
| #define STDC_HEADERS 1
| #define HAVE_SYS_WAIT_H 1
| #define HAVE_FCNTL_H 1
| #define HAVE_LIMITS_H 1
| #define HAVE_STRINGS_H 1
| #define HAVE_SYS_IOCTL_H 1
| #define HAVE_SYS_TIME_H 1
| #define HAVE_UNISTD_H 1
| #define HAVE_SYS_MMAN_H 1
| #define TIME_WITH_SYS_TIME 1
| #define HAVE_SYS_TYPES_H 1
| #define HAVE_FCNTL_H 1
| /* end confdefs.h.  */
| 
| 	#if HAVE_WINDOWS_H
| 	#include <windows.h>
| 	#endif
| 
| 
| #include <winioctl.h>
configure:23070: result: no
configure:23023: checking for winbase.h
configure:23048: gcc -c -g -O2 -pthread  conftest.c >&5
conftest.c:45:21: error: winbase.h: No such file or directory
configure:23054: $? = 1
configure: failed program was:
| /* confdefs.h.  */
| #define PACKAGE_NAME ""
| #define PACKAGE_TARNAME ""
| #define PACKAGE_VERSION ""
| #define PACKAGE_STRING ""
| #define PACKAGE_BUGREPORT ""
| #define PACKAGE "gr-dect"
| #define VERSION "2.0"
| #define CXX_HAS_STD_ISNAN
| #define STDC_HEADERS 1
| #define HAVE_SYS_TYPES_H 1
| #define HAVE_SYS_STAT_H 1
| #define HAVE_STDLIB_H 1
| #define HAVE_STRING_H 1
| #define HAVE_MEMORY_H 1
| #define HAVE_STRINGS_H 1
| #define HAVE_INTTYPES_H 1
| #define HAVE_STDINT_H 1
| #define HAVE_UNISTD_H 1
| #define HAVE_DLFCN_H 1
| #define HAVE_PYTHON_H 1
| #define OMNITHREAD_POSIX 1
| #define HAVE_CLOCK_GETTIME 1
| #define HAVE_GETTIMEOFDAY 1
| #define HAVE_NANOSLEEP 1
| #define STDC_HEADERS 1
| #define HAVE_SYS_WAIT_H 1
| #define HAVE_FCNTL_H 1
| #define HAVE_LIMITS_H 1
| #define HAVE_STRINGS_H 1
| #define HAVE_SYS_IOCTL_H 1
| #define HAVE_SYS_TIME_H 1
| #define HAVE_UNISTD_H 1
| #define HAVE_SYS_MMAN_H 1
| #define TIME_WITH_SYS_TIME 1
| #define HAVE_SYS_TYPES_H 1
| #define HAVE_FCNTL_H 1
| /* end confdefs.h.  */
| 
| 	#if HAVE_WINDOWS_H
| 	#include <windows.h>
| 	#endif
| 
| 
| #include <winbase.h>
configure:23070: result: no
configure:23095: checking for getopt
configure:23151: gcc -o conftest -g -O2 -pthread   conftest.c  >&5
configure:23157: $? = 0
configure:23175: result: yes
configure:23095: checking for usleep
configure:23151: gcc -o conftest -g -O2 -pthread   conftest.c  >&5
configure:23157: $? = 0
configure:23175: result: yes
configure:23095: checking for gettimeofday
configure:23175: result: yes
configure:23095: checking for nanosleep
configure:23175: result: yes
configure:23095: checking for rand
configure:23151: gcc -o conftest -g -O2 -pthread   conftest.c  >&5
configure:23157: $? = 0
configure:23175: result: yes
configure:23095: checking for srand
configure:23151: gcc -o conftest -g -O2 -pthread   conftest.c  >&5
configure:23157: $? = 0
configure:23175: result: yes
configure:23095: checking for random
configure:23151: gcc -o conftest -g -O2 -pthread   conftest.c  >&5
configure:23157: $? = 0
configure:23175: result: yes
configure:23095: checking for srandom
configure:23151: gcc -o conftest -g -O2 -pthread   conftest.c  >&5
configure:23157: $? = 0
configure:23175: result: yes
configure:23095: checking for sleep
configure:23151: gcc -o conftest -g -O2 -pthread   conftest.c  >&5
configure:23157: $? = 0
configure:23175: result: yes
configure:23095: checking for sigaction
configure:23151: gcc -o conftest -g -O2 -pthread   conftest.c  >&5
configure:23157: $? = 0
configure:23175: result: yes
configure:23185: checking for struct timezone
configure:23230: gcc -c -g -O2 -pthread  conftest.c >&5
configure:23236: $? = 0
configure:23251: result: yes
configure:23261: checking for struct timespec
configure:23306: gcc -c -g -O2 -pthread  conftest.c >&5
configure:23312: $? = 0
configure:23327: result: yes
configure:23337: checking for ssize_t
configure:23382: gcc -c -g -O2 -pthread  conftest.c >&5
configure:23388: $? = 0
configure:23403: result: yes
configure:23421: checking for getopt
configure:23501: result: yes
configure:23421: checking for usleep
configure:23501: result: yes
configure:23421: checking for gettimeofday
configure:23501: result: yes
configure:23521: checking for Sleep
configure:23546: gcc -o conftest -g -O2 -pthread   conftest.c  >&5
conftest.c:55:24: error: windows.h: No such file or directory
conftest.c:56:37: error: winbase.h: No such file or directory
configure:23552: $? = 1
configure: failed program was:
| /* confdefs.h.  */
| #define PACKAGE_NAME ""
| #define PACKAGE_TARNAME ""
| #define PACKAGE_VERSION ""
| #define PACKAGE_STRING ""
| #define PACKAGE_BUGREPORT ""
| #define PACKAGE "gr-dect"
| #define VERSION "2.0"
| #define CXX_HAS_STD_ISNAN
| #define STDC_HEADERS 1
| #define HAVE_SYS_TYPES_H 1
| #define HAVE_SYS_STAT_H 1
| #define HAVE_STDLIB_H 1
| #define HAVE_STRING_H 1
| #define HAVE_MEMORY_H 1
| #define HAVE_STRINGS_H 1
| #define HAVE_INTTYPES_H 1
| #define HAVE_STDINT_H 1
| #define HAVE_UNISTD_H 1
| #define HAVE_DLFCN_H 1
| #define HAVE_PYTHON_H 1
| #define OMNITHREAD_POSIX 1
| #define HAVE_CLOCK_GETTIME 1
| #define HAVE_GETTIMEOFDAY 1
| #define HAVE_NANOSLEEP 1
| #define STDC_HEADERS 1
| #define HAVE_SYS_WAIT_H 1
| #define HAVE_FCNTL_H 1
| #define HAVE_LIMITS_H 1
| #define HAVE_STRINGS_H 1
| #define HAVE_SYS_IOCTL_H 1
| #define HAVE_SYS_TIME_H 1
| #define HAVE_UNISTD_H 1
| #define HAVE_SYS_MMAN_H 1
| #define TIME_WITH_SYS_TIME 1
| #define HAVE_SYS_TYPES_H 1
| #define HAVE_FCNTL_H 1
| #define HAVE_GETOPT 1
| #define HAVE_USLEEP 1
| #define HAVE_GETTIMEOFDAY 1
| #define HAVE_NANOSLEEP 1
| #define HAVE_RAND 1
| #define HAVE_SRAND 1
| #define HAVE_RANDOM 1
| #define HAVE_SRANDOM 1
| #define HAVE_SLEEP 1
| #define HAVE_SIGACTION 1
| #define HAVE_STRUCT_TIMEZONE 1
| #define HAVE_STRUCT_TIMESPEC 1
| #define HAVE_SSIZE_T 1
| #define HAVE_GETOPT 1
| #define HAVE_USLEEP 1
| #define HAVE_GETTIMEOFDAY 1
| /* end confdefs.h.  */
|    #include <windows.h>
|                 #include <winbase.h>
| 
| int
| main ()
| {
|  Sleep(0);
|   ;
|   return 0;
| }
configure:23569: result: no
configure:23577: checking whether mkdir accepts only one arg
configure:23604: gcc -c -g -O2 -pthread  conftest.c >&5
conftest.c: In function 'main':
conftest.c:62: error: too few arguments to function 'mkdir'
configure:23610: $? = 1
configure: failed program was:
| /* confdefs.h.  */
| #define PACKAGE_NAME ""
| #define PACKAGE_TARNAME ""
| #define PACKAGE_VERSION ""
| #define PACKAGE_STRING ""
| #define PACKAGE_BUGREPORT ""
| #define PACKAGE "gr-dect"
| #define VERSION "2.0"
| #define CXX_HAS_STD_ISNAN
| #define STDC_HEADERS 1
| #define HAVE_SYS_TYPES_H 1
| #define HAVE_SYS_STAT_H 1
| #define HAVE_STDLIB_H 1
| #define HAVE_STRING_H 1
| #define HAVE_MEMORY_H 1
| #define HAVE_STRINGS_H 1
| #define HAVE_INTTYPES_H 1
| #define HAVE_STDINT_H 1
| #define HAVE_UNISTD_H 1
| #define HAVE_DLFCN_H 1
| #define HAVE_PYTHON_H 1
| #define OMNITHREAD_POSIX 1
| #define HAVE_CLOCK_GETTIME 1
| #define HAVE_GETTIMEOFDAY 1
| #define HAVE_NANOSLEEP 1
| #define STDC_HEADERS 1
| #define HAVE_SYS_WAIT_H 1
| #define HAVE_FCNTL_H 1
| #define HAVE_LIMITS_H 1
| #define HAVE_STRINGS_H 1
| #define HAVE_SYS_IOCTL_H 1
| #define HAVE_SYS_TIME_H 1
| #define HAVE_UNISTD_H 1
| #define HAVE_SYS_MMAN_H 1
| #define TIME_WITH_SYS_TIME 1
| #define HAVE_SYS_TYPES_H 1
| #define HAVE_FCNTL_H 1
| #define HAVE_GETOPT 1
| #define HAVE_USLEEP 1
| #define HAVE_GETTIMEOFDAY 1
| #define HAVE_NANOSLEEP 1
| #define HAVE_RAND 1
| #define HAVE_SRAND 1
| #define HAVE_RANDOM 1
| #define HAVE_SRANDOM 1
| #define HAVE_SLEEP 1
| #define HAVE_SIGACTION 1
| #define HAVE_STRUCT_TIMEZONE 1
| #define HAVE_STRUCT_TIMESPEC 1
| #define HAVE_SSIZE_T 1
| #define HAVE_GETOPT 1
| #define HAVE_USLEEP 1
| #define HAVE_GETTIMEOFDAY 1
| /* end confdefs.h.  */
| #include <sys/types.h>
|        #include <sys/stat.h>
|        #include <fcntl.h>
| int
| main ()
| {
| 
|        mkdir("")
| 
|   ;
|   return 0;
| }
configure:23626: result: no
configure:23645: checking for pkg-config
configure:23663: found /usr/bin/pkg-config
configure:23676: result: /usr/bin/pkg-config
configure:23698: checking for gnuradio-core >= 2
configure:23702: result: yes
configure:23706: checking GNURADIO_CORE_CFLAGS
configure:23709: result: -DOMNITHREAD_POSIX=1 -pthread -I/usr/local/include/gnuradio  
configure:23712: checking GNURADIO_CORE_LIBS
configure:23715: result: -L/usr/local/lib -lgnuradio-core -lfftw3f -lm -lgromnithread  
configure:23718: checking GNURADIO_CORE_INCLUDEDIR
configure:23721: result: /usr/local/include/gnuradio
configure:23934: checking boost/shared_ptr.hpp usability
configure:23951: g++ -c -g -O2 -Wall -Woverloaded-virtual -pthread  conftest.cpp >&5
configure:23957: $? = 0
configure:23971: result: yes
configure:23975: checking boost/shared_ptr.hpp presence
configure:23990: g++ -E  conftest.cpp
configure:23996: $? = 0
configure:24010: result: yes
configure:24038: checking for boost/shared_ptr.hpp
configure:24045: result: yes
configure:24383: creating ./config.status

## ---------------------- ##
## Running config.status. ##
## ---------------------- ##

This file was extended by config.status, which was
generated by GNU Autoconf 2.61.  Invocation command line was

  CONFIG_FILES    = 
  CONFIG_HEADERS  = 
  CONFIG_LINKS    = 
  CONFIG_COMMANDS = 
  $ ./config.status 

on sdr-desktop

config.status:712: creating Makefile
config.status:712: creating config/Makefile
config.status:712: creating doc/Makefile
config.status:712: creating src/Makefile
config.status:712: creating src/lib/Makefile
config.status:712: creating src/python/Makefile
config.status:712: creating src/python/run_tests
config.status:712: creating config.h
config.status:981: config.h is unchanged
config.status:1027: executing depfiles commands
config.status:1027: executing run_tests commands

## ---------------- ##
## Cache variables. ##
## ---------------- ##

ac_cv_build=i686-pc-linux-gnu
ac_cv_c_compiler_gnu=yes
ac_cv_c_const=yes
ac_cv_c_inline=inline
ac_cv_cxx_compiler_gnu=yes
ac_cv_env_CCASFLAGS_set=
ac_cv_env_CCASFLAGS_value=
ac_cv_env_CCAS_set=
ac_cv_env_CCAS_value=
ac_cv_env_CCC_set=
ac_cv_env_CCC_value=
ac_cv_env_CC_set=
ac_cv_env_CC_value=
ac_cv_env_CFLAGS_set=
ac_cv_env_CFLAGS_value=
ac_cv_env_CPPFLAGS_set=
ac_cv_env_CPPFLAGS_value=
ac_cv_env_CPP_set=
ac_cv_env_CPP_value=
ac_cv_env_CXXCPP_set=
ac_cv_env_CXXCPP_value=
ac_cv_env_CXXFLAGS_set=
ac_cv_env_CXXFLAGS_value=
ac_cv_env_CXX_set=
ac_cv_env_CXX_value=
ac_cv_env_F77_set=
ac_cv_env_F77_value=
ac_cv_env_FFLAGS_set=
ac_cv_env_FFLAGS_value=
ac_cv_env_LDFLAGS_set=
ac_cv_env_LDFLAGS_value=
ac_cv_env_LIBS_set=
ac_cv_env_LIBS_value=
ac_cv_env_build_alias_set=
ac_cv_env_build_alias_value=
ac_cv_env_host_alias_set=
ac_cv_env_host_alias_value=
ac_cv_env_target_alias_set=
ac_cv_env_target_alias_value=
ac_cv_f77_compiler_gnu=yes
ac_cv_func_clock_gettime=yes
ac_cv_func_getopt=yes
ac_cv_func_gettimeofday=yes
ac_cv_func_nanosleep=yes
ac_cv_func_rand=yes
ac_cv_func_random=yes
ac_cv_func_sigaction=yes
ac_cv_func_sleep=yes
ac_cv_func_srand=yes
ac_cv_func_srandom=yes
ac_cv_func_usleep=yes
ac_cv_header_Python_h=yes
ac_cv_header_boost_shared_ptr_hpp=yes
ac_cv_header_dlfcn_h=yes
ac_cv_header_fcntl_h=yes
ac_cv_header_inttypes_h=yes
ac_cv_header_io_h=no
ac_cv_header_limits_h=yes
ac_cv_header_memory_h=yes
ac_cv_header_stdc=yes
ac_cv_header_stdint_h=yes
ac_cv_header_stdlib_h=yes
ac_cv_header_string_h=yes
ac_cv_header_strings_h=yes
ac_cv_header_sys_ioctl_h=yes
ac_cv_header_sys_mman_h=yes
ac_cv_header_sys_stat_h=yes
ac_cv_header_sys_time_h=yes
ac_cv_header_sys_types_h=yes
ac_cv_header_sys_wait_h=yes
ac_cv_header_time=yes
ac_cv_header_unistd_h=yes
ac_cv_header_winbase_h=no
ac_cv_header_windows_h=no
ac_cv_header_winioctl_h=no
ac_cv_host=i686-pc-linux-gnu
ac_cv_objext=o
ac_cv_path_EGREP='/bin/grep -E'
ac_cv_path_GREP=/bin/grep
ac_cv_path_PKG_CONFIG=/usr/bin/pkg-config
ac_cv_path_PYTHON=/usr/bin/python
ac_cv_path_RM_PROG=/bin/rm
ac_cv_path_install='/usr/bin/install -c'
ac_cv_path_mkdir=/bin/mkdir
ac_cv_prog_AWK=gawk
ac_cv_prog_CPP='gcc -E'
ac_cv_prog_CXXCPP='g++ -E'
ac_cv_prog_PTHREAD_CC=gcc
ac_cv_prog_SWIG=/usr/bin/swig
ac_cv_prog_ac_ct_AR=ar
ac_cv_prog_ac_ct_CC=gcc
ac_cv_prog_ac_ct_CXX=g++
ac_cv_prog_ac_ct_F77=g77
ac_cv_prog_ac_ct_RANLIB=ranlib
ac_cv_prog_ac_ct_STRIP=strip
ac_cv_prog_cc_c89=
ac_cv_prog_cc_g=yes
ac_cv_prog_cxx_g=yes
ac_cv_prog_f77_g=yes
ac_cv_prog_make_make_set=yes
ac_cv_search_clock_gettime=-lrt
ac_cv_target=i686-pc-linux-gnu
ac_cv_type_size_t=yes
ac_cv_type_ssize_t=yes
ac_cv_type_struct_timespec=yes
ac_cv_type_struct_timezone=yes
am_cv_CCAS_dependencies_compiler_type=gcc3
am_cv_CC_dependencies_compiler_type=gcc3
am_cv_CXX_dependencies_compiler_type=gcc3
am_cv_python_platform=linux2
am_cv_python_pyexecdir='${exec_prefix}/lib/python2.5/site-packages'
am_cv_python_pythondir='${prefix}/lib/python2.5/site-packages'
am_cv_python_version=2.5
lt_cv_deplibs_check_method=pass_all
lt_cv_file_magic_cmd='$MAGIC_CMD'
lt_cv_file_magic_test_file=
lt_cv_ld_reload_flag=-r
lt_cv_objdir=.libs
lt_cv_path_LD=/usr/bin/ld
lt_cv_path_LDCXX=/usr/bin/ld
lt_cv_path_NM='/usr/bin/nm -B'
lt_cv_path_SED=/bin/sed
lt_cv_prog_compiler_c_o=yes
lt_cv_prog_compiler_c_o_CXX=yes
lt_cv_prog_compiler_c_o_F77=yes
lt_cv_prog_compiler_rtti_exceptions=no
lt_cv_prog_gnu_ld=yes
lt_cv_prog_gnu_ldcxx=yes
lt_cv_sys_global_symbol_pipe='sed -n -e '\''s/^.*[ 	]\([ABCDGIRSTW][ABCDGIRSTW]*\)[ 	][ 	]*\([_A-Za-z][_A-Za-z0-9]*\)$/\1 \2 \2/p'\'''
lt_cv_sys_global_symbol_to_c_name_address='sed -n -e '\''s/^: \([^ ]*\) $/  {\"\1\", (lt_ptr) 0},/p'\'' -e '\''s/^[BCDEGRST] \([^ ]*\) \([^ ]*\)$/  {"\2", (lt_ptr) \&\2},/p'\'''
lt_cv_sys_global_symbol_to_cdecl='sed -n -e '\''s/^. .* \(.*\)$/extern int \1;/p'\'''
lt_cv_sys_max_cmd_len=98304
lt_lt_cv_prog_compiler_c_o='"yes"'
lt_lt_cv_prog_compiler_c_o_CXX='"yes"'
lt_lt_cv_prog_compiler_c_o_F77='"yes"'
lt_lt_cv_sys_global_symbol_pipe='"sed -n -e '\''s/^.*[ 	]\\([ABCDGIRSTW][ABCDGIRSTW]*\\)[ 	][ 	]*\\([_A-Za-z][_A-Za-z0-9]*\\)\$/\\1 \\2 \\2/p'\''"'
lt_lt_cv_sys_global_symbol_to_c_name_address='"sed -n -e '\''s/^: \\([^ ]*\\) \$/  {\\\"\\1\\\", (lt_ptr) 0},/p'\'' -e '\''s/^[BCDEGRST] \\([^ ]*\\) \\([^ ]*\\)\$/  {\"\\2\", (lt_ptr) \\&\\2},/p'\''"'
lt_lt_cv_sys_global_symbol_to_cdecl='"sed -n -e '\''s/^. .* \\(.*\\)\$/extern int \\1;/p'\''"'

## ----------------- ##
## Output variables. ##
## ----------------- ##

ACLOCAL='${SHELL} /home/sdr/usrp-waveforms/gr-dect-v2/missing --run aclocal-1.10'
AMDEPBACKSLASH='\'
AMDEP_FALSE='#'
AMDEP_TRUE=''
AMTAR='${SHELL} /home/sdr/usrp-waveforms/gr-dect-v2/missing --run tar'
AR='ar'
AS='as'
AUTOCONF='${SHELL} /home/sdr/usrp-waveforms/gr-dect-v2/missing --run autoconf'
AUTOHEADER='${SHELL} /home/sdr/usrp-waveforms/gr-dect-v2/missing --run autoheader'
AUTOMAKE='${SHELL} /home/sdr/usrp-waveforms/gr-dect-v2/missing --run automake-1.10'
AWK='gawk'
BOOST_CFLAGS=''
CC='gcc'
CCAS='gcc'
CCASDEPMODE='depmode=gcc3'
CCASFLAGS='-g -O2'
CCDEPMODE='depmode=gcc3'
CFLAGS='-g -O2 -pthread'
CPP='gcc -E'
CPPFLAGS=''
CXX='g++'
CXXCPP='g++ -E'
CXXDEPMODE='depmode=gcc3'
CXXFLAGS='-g -O2 -Wall -Woverloaded-virtual -pthread'
CXX_FOR_BUILD='g++'
CYGPATH_W='echo'
DEFS='-DHAVE_CONFIG_H'
DEPDIR='.deps'
DLLTOOL='dlltool'
ECHO='echo'
ECHO_C=''
ECHO_N='-n'
ECHO_T=''
EGREP='/bin/grep -E'
EXEEXT=''
F77='g77'
FFLAGS='-g -O2'
GNURADIO_CORE_CFLAGS='-DOMNITHREAD_POSIX=1 -pthread -I/usr/local/include/gnuradio  '
GNURADIO_CORE_INCLUDEDIR='/usr/local/include/gnuradio'
GNURADIO_CORE_LIBS='-L/usr/local/lib -lgnuradio-core -lfftw3f -lm -lgromnithread  '
GREP='/bin/grep'
INSTALL_DATA='${INSTALL} -m 644'
INSTALL_PROGRAM='${INSTALL}'
INSTALL_SCRIPT='${INSTALL}'
INSTALL_STRIP_PROGRAM='$(install_sh) -c -s'
LDFLAGS=''
LIBOBJS=''
LIBS=' -L/usr/local/lib -lgnuradio-core -lfftw3f -lm -lgromnithread  '
LIBTOOL='$(SHELL) $(top_builddir)/libtool'
LN_S='ln -s'
LTLIBOBJS=''
MAKEINFO='${SHELL} /home/sdr/usrp-waveforms/gr-dect-v2/missing --run makeinfo'
NO_UNDEFINED=''
OBJDUMP='objdump'
OBJEXT='o'
OMNITHREAD_NT_FALSE=''
OMNITHREAD_NT_TRUE='#'
OMNITHREAD_POSIX_FALSE='#'
OMNITHREAD_POSIX_TRUE=''
PACKAGE='gr-dect'
PACKAGE_BUGREPORT=''
PACKAGE_NAME=''
PACKAGE_STRING=''
PACKAGE_TARNAME=''
PACKAGE_VERSION=''
PATH_SEPARATOR=':'
PKG_CONFIG='/usr/bin/pkg-config'
PTHREAD_CC='gcc'
PTHREAD_CFLAGS='-pthread'
PTHREAD_LIBS=' -lrt '
PYTHON='/usr/bin/python'
PYTHON_CPPFLAGS='-I/usr/include/python2.5'
PYTHON_EXEC_PREFIX='${exec_prefix}'
PYTHON_LDFLAGS=''
PYTHON_PLATFORM='linux2'
PYTHON_PREFIX='${prefix}'
PYTHON_VERSION='2.5'
RANLIB='ranlib'
RM_PROG='/bin/rm'
SED='/bin/sed'
SET_MAKE=''
SHELL='/bin/bash'
STD_DEFINES_AND_INCLUDES='-DOMNITHREAD_POSIX=1 -pthread -I/usr/local/include/gnuradio   '
STRIP='strip'
SWIG='/usr/bin/swig -c++'
SWIG_PYTHON_CPPFLAGS='-I/usr/include/python2.5'
SWIG_PYTHON_LIB='-lswigpy'
SWIG_PYTHON_OPT='-python'
VERSION='2.0'
ac_ct_CC='gcc'
ac_ct_CXX='g++'
ac_ct_F77='g77'
am__fastdepCCAS_FALSE='#'
am__fastdepCCAS_TRUE=''
am__fastdepCC_FALSE='#'
am__fastdepCC_TRUE=''
am__fastdepCXX_FALSE='#'
am__fastdepCXX_TRUE=''
am__include='include'
am__isrc=''
am__leading_dot='.'
am__quote=''
am__tar='${AMTAR} chof - "$$tardir"'
am__untar='${AMTAR} xf -'
bindir='${exec_prefix}/bin'
build='i686-pc-linux-gnu'
build_alias=''
build_cpu='i686'
build_os='linux-gnu'
build_vendor='pc'
datadir='${datarootdir}'
datarootdir='${prefix}/share'
docdir='${datarootdir}/doc/${PACKAGE}'
dvidir='${docdir}'
exec_prefix='${prefix}'
host='i686-pc-linux-gnu'
host_alias=''
host_cpu='i686'
host_os='linux-gnu'
host_vendor='pc'
htmldir='${docdir}'
includedir='${prefix}/include'
infodir='${datarootdir}/info'
install_sh='$(SHELL) /home/sdr/usrp-waveforms/gr-dect-v2/install-sh'
libdir='${exec_prefix}/lib'
libexecdir='${exec_prefix}/libexec'
localedir='${datarootdir}/locale'
localstatedir='${prefix}/var'
mandir='${datarootdir}/man'
mkdir_p='/bin/mkdir -p'
oldincludedir='/usr/include'
pdfdir='${docdir}'
pkgpyexecdir='${pyexecdir}/gr-dect'
pkgpythondir='${pythondir}/gr-dect'
prefix='/usr/local'
program_transform_name='s,x,x,'
psdir='${docdir}'
pyexecdir='${exec_prefix}/lib/python2.5/site-packages'
pythondir='${prefix}/lib/python2.5/site-packages'
sbindir='${exec_prefix}/sbin'
sharedstatedir='${prefix}/com'
sysconfdir='${prefix}/etc'
target='i686-pc-linux-gnu'
target_alias=''
target_cpu='i686'
target_os='linux-gnu'
target_vendor='pc'

## ----------- ##
## confdefs.h. ##
## ----------- ##

#define PACKAGE_NAME ""
#define PACKAGE_TARNAME ""
#define PACKAGE_VERSION ""
#define PACKAGE_STRING ""
#define PACKAGE_BUGREPORT ""
#define PACKAGE "gr-dect"
#define VERSION "2.0"
#define CXX_HAS_STD_ISNAN
#define STDC_HEADERS 1
#define HAVE_SYS_TYPES_H 1
#define HAVE_SYS_STAT_H 1
#define HAVE_STDLIB_H 1
#define HAVE_STRING_H 1
#define HAVE_MEMORY_H 1
#define HAVE_STRINGS_H 1
#define HAVE_INTTYPES_H 1
#define HAVE_STDINT_H 1
#define HAVE_UNISTD_H 1
#define HAVE_DLFCN_H 1
#define HAVE_PYTHON_H 1
#define OMNITHREAD_POSIX 1
#define HAVE_CLOCK_GETTIME 1
#define HAVE_GETTIMEOFDAY 1
#define HAVE_NANOSLEEP 1
#define STDC_HEADERS 1
#define HAVE_SYS_WAIT_H 1
#define HAVE_FCNTL_H 1
#define HAVE_LIMITS_H 1
#define HAVE_STRINGS_H 1
#define HAVE_SYS_IOCTL_H 1
#define HAVE_SYS_TIME_H 1
#define HAVE_UNISTD_H 1
#define HAVE_SYS_MMAN_H 1
#define TIME_WITH_SYS_TIME 1
#define HAVE_SYS_TYPES_H 1
#define HAVE_FCNTL_H 1
#define HAVE_GETOPT 1
#define HAVE_USLEEP 1
#define HAVE_GETTIMEOFDAY 1
#define HAVE_NANOSLEEP 1
#define HAVE_RAND 1
#define HAVE_SRAND 1
#define HAVE_RANDOM 1
#define HAVE_SRANDOM 1
#define HAVE_SLEEP 1
#define HAVE_SIGACTION 1
#define HAVE_STRUCT_TIMEZONE 1
#define HAVE_STRUCT_TIMESPEC 1
#define HAVE_SSIZE_T 1
#define HAVE_GETOPT 1
#define HAVE_USLEEP 1
#define HAVE_GETTIMEOFDAY 1

configure: exit 0
