This file contains any messages produced by compilers while
running configure, to aid debugging if configure makes a mistake.

It was created by gr-rfid-monitor configure 3.2.2, which was
generated by GNU Autoconf 2.65.  Invocation command line was

  $ ./configure --no-create --no-recursion

## --------- ##
## Platform. ##
## --------- ##

hostname = angelo
uname -m = i686
uname -r = 2.6.32-29-generic
uname -s = Linux
uname -v = #58-Ubuntu SMP Fri Feb 11 19:00:09 UTC 2011

/usr/bin/uname -p = unknown
/bin/uname -X     = unknown

/bin/arch              = unknown
/usr/bin/arch -k       = unknown
/usr/convex/getsysinfo = unknown
/usr/bin/hostinfo      = unknown
/bin/machine           = unknown
/usr/bin/oslevel       = unknown
/bin/universe          = unknown

PATH: /usr/local/sbin
PATH: /usr/local/bin
PATH: /usr/sbin
PATH: /usr/bin
PATH: /sbin
PATH: /bin
PATH: /usr/X11R6/bin


## ----------- ##
## Core tests. ##
## ----------- ##

configure:2587: checking build system type
configure:2601: result: i686-pc-linux-gnu
configure:2621: checking host system type
configure:2634: result: i686-pc-linux-gnu
configure:2654: checking target system type
configure:2667: result: i686-pc-linux-gnu
configure:2710: checking for a BSD-compatible install
configure:2778: result: /usr/bin/install -c
configure:2789: checking whether build environment is sane
configure:2839: result: yes
configure:2980: checking for a thread-safe mkdir -p
configure:3019: result: /bin/mkdir -p
configure:3032: checking for gawk
configure:3048: found /usr/bin/gawk
configure:3059: result: gawk
configure:3070: checking whether make sets $(MAKE)
configure:3092: result: yes
configure:3189: checking for style of include used by make
configure:3217: result: GNU
configure:3287: checking for gcc
configure:3303: found /usr/bin/gcc
configure:3314: result: gcc
configure:3543: checking for C compiler version
configure:3552: gcc --version >&5
gcc (Ubuntu 4.4.3-4ubuntu5) 4.4.3
Copyright (C) 2009 Free Software Foundation, Inc.
This is free software; see the source for copying conditions.  There is NO
warranty; not even for MERCHANTABILITY or FITNESS FOR A PARTICULAR PURPOSE.

configure:3563: $? = 0
configure:3552: gcc -v >&5
Using built-in specs.
Target: i486-linux-gnu
Configured with: ../src/configure -v --with-pkgversion='Ubuntu 4.4.3-4ubuntu5' --with-bugurl=file:///usr/share/doc/gcc-4.4/README.Bugs --enable-languages=c,c++,fortran,objc,obj-c++ --prefix=/usr --enable-shared --enable-multiarch --enable-linker-build-id --with-system-zlib --libexecdir=/usr/lib --without-included-gettext --enable-threads=posix --with-gxx-include-dir=/usr/include/c++/4.4 --program-suffix=-4.4 --enable-nls --enable-clocale=gnu --enable-libstdcxx-debug --enable-plugin --enable-objc-gc --enable-targets=all --disable-werror --with-arch-32=i486 --with-tune=generic --enable-checking=release --build=i486-linux-gnu --host=i486-linux-gnu --target=i486-linux-gnu
Thread model: posix
gcc version 4.4.3 (Ubuntu 4.4.3-4ubuntu5) 
configure:3563: $? = 0
configure:3552: gcc -V >&5
gcc: '-V' option must have argument
configure:3563: $? = 1
configure:3552: gcc -qversion >&5
gcc: unrecognized option '-qversion'
gcc: no input files
configure:3563: $? = 1
configure:3583: checking whether the C compiler works
configure:3605: gcc    conftest.c  >&5
configure:3609: $? = 0
configure:3658: result: yes
configure:3661: checking for C compiler default output file name
configure:3663: result: a.out
configure:3669: checking for suffix of executables
configure:3676: gcc -o conftest    conftest.c  >&5
configure:3680: $? = 0
configure:3702: result: 
configure:3724: checking whether we are cross compiling
configure:3732: gcc -o conftest    conftest.c  >&5
configure:3736: $? = 0
configure:3743: ./conftest
configure:3747: $? = 0
configure:3762: result: no
configure:3767: checking for suffix of object files
configure:3789: gcc -c   conftest.c >&5
configure:3793: $? = 0
configure:3814: result: o
configure:3818: checking whether we are using the GNU C compiler
configure:3837: gcc -c   conftest.c >&5
configure:3837: $? = 0
configure:3846: result: yes
configure:3855: checking whether gcc accepts -g
configure:3875: gcc -c -g  conftest.c >&5
configure:3875: $? = 0
configure:3916: result: yes
configure:3933: checking for gcc option to accept ISO C89
configure:3997: gcc  -c -g -O2  conftest.c >&5
configure:3997: $? = 0
configure:4010: result: none needed
configure:4032: checking dependency style of gcc
configure:4142: result: gcc3
configure:4162: checking how to run the C preprocessor
configure:4193: gcc -E  conftest.c
configure:4193: $? = 0
configure:4207: gcc -E  conftest.c
conftest.c:11:28: error: ac_nonexistent.h: No such file or directory
configure:4207: $? = 1
configure: failed program was:
| /* confdefs.h */
| #define PACKAGE_NAME "gr-rfid-monitor"
| #define PACKAGE_TARNAME "gr-rfid-monitor"
| #define PACKAGE_VERSION "3.2.2"
| #define PACKAGE_STRING "gr-rfid-monitor 3.2.2"
| #define PACKAGE_BUGREPORT ""
| #define PACKAGE_URL ""
| #define PACKAGE "gr-rfid-monitor"
| #define VERSION "3.2.2"
| /* end confdefs.h.  */
| #include <ac_nonexistent.h>
configure:4232: result: gcc -E
configure:4252: gcc -E  conftest.c
configure:4252: $? = 0
configure:4266: gcc -E  conftest.c
conftest.c:11:28: error: ac_nonexistent.h: No such file or directory
configure:4266: $? = 1
configure: failed program was:
| /* confdefs.h */
| #define PACKAGE_NAME "gr-rfid-monitor"
| #define PACKAGE_TARNAME "gr-rfid-monitor"
| #define PACKAGE_VERSION "3.2.2"
| #define PACKAGE_STRING "gr-rfid-monitor 3.2.2"
| #define PACKAGE_BUGREPORT ""
| #define PACKAGE_URL ""
| #define PACKAGE "gr-rfid-monitor"
| #define VERSION "3.2.2"
| /* end confdefs.h.  */
| #include <ac_nonexistent.h>
configure:4296: checking for grep that handles long lines and -e
configure:4354: result: /bin/grep
configure:4359: checking for egrep
configure:4421: result: /bin/grep -E
configure:4426: checking for ANSI C header files
configure:4446: gcc -c -g -O2  conftest.c >&5
configure:4446: $? = 0
configure:4519: gcc -o conftest -g -O2   conftest.c  >&5
configure:4519: $? = 0
configure:4519: ./conftest
configure:4519: $? = 0
configure:4530: result: yes
configure:4543: checking for sys/types.h
configure:4543: gcc -c -g -O2  conftest.c >&5
configure:4543: $? = 0
configure:4543: result: yes
configure:4543: checking for sys/stat.h
configure:4543: gcc -c -g -O2  conftest.c >&5
configure:4543: $? = 0
configure:4543: result: yes
configure:4543: checking for stdlib.h
configure:4543: gcc -c -g -O2  conftest.c >&5
configure:4543: $? = 0
configure:4543: result: yes
configure:4543: checking for string.h
configure:4543: gcc -c -g -O2  conftest.c >&5
configure:4543: $? = 0
configure:4543: result: yes
configure:4543: checking for memory.h
configure:4543: gcc -c -g -O2  conftest.c >&5
configure:4543: $? = 0
configure:4543: result: yes
configure:4543: checking for strings.h
configure:4543: gcc -c -g -O2  conftest.c >&5
configure:4543: $? = 0
configure:4543: result: yes
configure:4543: checking for inttypes.h
configure:4543: gcc -c -g -O2  conftest.c >&5
configure:4543: $? = 0
configure:4543: result: yes
configure:4543: checking for stdint.h
configure:4543: gcc -c -g -O2  conftest.c >&5
configure:4543: $? = 0
configure:4543: result: yes
configure:4543: checking for unistd.h
configure:4543: gcc -c -g -O2  conftest.c >&5
configure:4543: $? = 0
configure:4543: result: yes
configure:4557: checking minix/config.h usability
configure:4557: gcc -c -g -O2  conftest.c >&5
conftest.c:54:26: error: minix/config.h: No such file or directory
configure:4557: $? = 1
configure: failed program was:
| /* confdefs.h */
| #define PACKAGE_NAME "gr-rfid-monitor"
| #define PACKAGE_TARNAME "gr-rfid-monitor"
| #define PACKAGE_VERSION "3.2.2"
| #define PACKAGE_STRING "gr-rfid-monitor 3.2.2"
| #define PACKAGE_BUGREPORT ""
| #define PACKAGE_URL ""
| #define PACKAGE "gr-rfid-monitor"
| #define VERSION "3.2.2"
| #define STDC_HEADERS 1
| #define HAVE_SYS_TYPES_H 1
| #define HAVE_SYS_STAT_H 1
| #define HAVE_STDLIB_H 1
| #define HAVE_STRING_H 1
| #define HAVE_MEMORY_H 1
| #define HAVE_STRINGS_H 1
| #define HAVE_INTTYPES_H 1
| #define HAVE_STDINT_H 1
| #define HAVE_UNISTD_H 1
| /* end confdefs.h.  */
| #include <stdio.h>
| #ifdef HAVE_SYS_TYPES_H
| # include <sys/types.h>
| #endif
| #ifdef HAVE_SYS_STAT_H
| # include <sys/stat.h>
| #endif
| #ifdef STDC_HEADERS
| # include <stdlib.h>
| # include <stddef.h>
| #else
| # ifdef HAVE_STDLIB_H
| #  include <stdlib.h>
| # endif
| #endif
| #ifdef HAVE_STRING_H
| # if !defined STDC_HEADERS && defined HAVE_MEMORY_H
| #  include <memory.h>
| # endif
| # include <string.h>
| #endif
| #ifdef HAVE_STRINGS_H
| # include <strings.h>
| #endif
| #ifdef HAVE_INTTYPES_H
| # include <inttypes.h>
| #endif
| #ifdef HAVE_STDINT_H
| # include <stdint.h>
| #endif
| #ifdef HAVE_UNISTD_H
| # include <unistd.h>
| #endif
| #include <minix/config.h>
configure:4557: result: no
configure:4557: checking minix/config.h presence
configure:4557: gcc -E  conftest.c
conftest.c:21:26: error: minix/config.h: No such file or directory
configure:4557: $? = 1
configure: failed program was:
| /* confdefs.h */
| #define PACKAGE_NAME "gr-rfid-monitor"
| #define PACKAGE_TARNAME "gr-rfid-monitor"
| #define PACKAGE_VERSION "3.2.2"
| #define PACKAGE_STRING "gr-rfid-monitor 3.2.2"
| #define PACKAGE_BUGREPORT ""
| #define PACKAGE_URL ""
| #define PACKAGE "gr-rfid-monitor"
| #define VERSION "3.2.2"
| #define STDC_HEADERS 1
| #define HAVE_SYS_TYPES_H 1
| #define HAVE_SYS_STAT_H 1
| #define HAVE_STDLIB_H 1
| #define HAVE_STRING_H 1
| #define HAVE_MEMORY_H 1
| #define HAVE_STRINGS_H 1
| #define HAVE_INTTYPES_H 1
| #define HAVE_STDINT_H 1
| #define HAVE_UNISTD_H 1
| /* end confdefs.h.  */
| #include <minix/config.h>
configure:4557: result: no
configure:4557: checking for minix/config.h
configure:4557: result: no
configure:4578: checking whether it is safe to define __EXTENSIONS__
configure:4596: gcc -c -g -O2  conftest.c >&5
configure:4596: $? = 0
configure:4603: result: yes
configure:4618: checking for library containing strerror
configure:4649: gcc -o conftest -g -O2   conftest.c  >&5
configure:4649: $? = 0
configure:4666: result: none required
configure:4734: checking for g++
configure:4750: found /usr/bin/g++
configure:4761: result: g++
configure:4788: checking for C++ compiler version
configure:4797: g++ --version >&5
g++ (Ubuntu 4.4.3-4ubuntu5) 4.4.3
Copyright (C) 2009 Free Software Foundation, Inc.
This is free software; see the source for copying conditions.  There is NO
warranty; not even for MERCHANTABILITY or FITNESS FOR A PARTICULAR PURPOSE.

configure:4808: $? = 0
configure:4797: g++ -v >&5
Using built-in specs.
Target: i486-linux-gnu
Configured with: ../src/configure -v --with-pkgversion='Ubuntu 4.4.3-4ubuntu5' --with-bugurl=file:///usr/share/doc/gcc-4.4/README.Bugs --enable-languages=c,c++,fortran,objc,obj-c++ --prefix=/usr --enable-shared --enable-multiarch --enable-linker-build-id --with-system-zlib --libexecdir=/usr/lib --without-included-gettext --enable-threads=posix --with-gxx-include-dir=/usr/include/c++/4.4 --program-suffix=-4.4 --enable-nls --enable-clocale=gnu --enable-libstdcxx-debug --enable-plugin --enable-objc-gc --enable-targets=all --disable-werror --with-arch-32=i486 --with-tune=generic --enable-checking=release --build=i486-linux-gnu --host=i486-linux-gnu --target=i486-linux-gnu
Thread model: posix
gcc version 4.4.3 (Ubuntu 4.4.3-4ubuntu5) 
configure:4808: $? = 0
configure:4797: g++ -V >&5
g++: '-V' option must have argument
configure:4808: $? = 1
configure:4797: g++ -qversion >&5
g++: unrecognized option '-qversion'
g++: no input files
configure:4808: $? = 1
configure:4812: checking whether we are using the GNU C++ compiler
configure:4831: g++ -c   conftest.cpp >&5
configure:4831: $? = 0
configure:4840: result: yes
configure:4849: checking whether g++ accepts -g
configure:4869: g++ -c -g  conftest.cpp >&5
configure:4869: $? = 0
configure:4910: result: yes
configure:4935: checking dependency style of g++
configure:5045: result: gcc3
configure:5065: checking how to run the C++ preprocessor
configure:5092: g++ -E  conftest.cpp
configure:5092: $? = 0
configure:5106: g++ -E  conftest.cpp
conftest.cpp:26:28: error: ac_nonexistent.h: No such file or directory
configure:5106: $? = 1
configure: failed program was:
| /* confdefs.h */
| #define PACKAGE_NAME "gr-rfid-monitor"
| #define PACKAGE_TARNAME "gr-rfid-monitor"
| #define PACKAGE_VERSION "3.2.2"
| #define PACKAGE_STRING "gr-rfid-monitor 3.2.2"
| #define PACKAGE_BUGREPORT ""
| #define PACKAGE_URL ""
| #define PACKAGE "gr-rfid-monitor"
| #define VERSION "3.2.2"
| #define STDC_HEADERS 1
| #define HAVE_SYS_TYPES_H 1
| #define HAVE_SYS_STAT_H 1
| #define HAVE_STDLIB_H 1
| #define HAVE_STRING_H 1
| #define HAVE_MEMORY_H 1
| #define HAVE_STRINGS_H 1
| #define HAVE_INTTYPES_H 1
| #define HAVE_STDINT_H 1
| #define HAVE_UNISTD_H 1
| #define __EXTENSIONS__ 1
| #define _ALL_SOURCE 1
| #define _GNU_SOURCE 1
| #define _POSIX_PTHREAD_SEMANTICS 1
| #define _TANDEM_SOURCE 1
| /* end confdefs.h.  */
| #include <ac_nonexistent.h>
configure:5131: result: g++ -E
configure:5151: g++ -E  conftest.cpp
configure:5151: $? = 0
configure:5165: g++ -E  conftest.cpp
conftest.cpp:26:28: error: ac_nonexistent.h: No such file or directory
configure:5165: $? = 1
configure: failed program was:
| /* confdefs.h */
| #define PACKAGE_NAME "gr-rfid-monitor"
| #define PACKAGE_TARNAME "gr-rfid-monitor"
| #define PACKAGE_VERSION "3.2.2"
| #define PACKAGE_STRING "gr-rfid-monitor 3.2.2"
| #define PACKAGE_BUGREPORT ""
| #define PACKAGE_URL ""
| #define PACKAGE "gr-rfid-monitor"
| #define VERSION "3.2.2"
| #define STDC_HEADERS 1
| #define HAVE_SYS_TYPES_H 1
| #define HAVE_SYS_STAT_H 1
| #define HAVE_STDLIB_H 1
| #define HAVE_STRING_H 1
| #define HAVE_MEMORY_H 1
| #define HAVE_STRINGS_H 1
| #define HAVE_INTTYPES_H 1
| #define HAVE_STDINT_H 1
| #define HAVE_UNISTD_H 1
| #define __EXTENSIONS__ 1
| #define _ALL_SOURCE 1
| #define _GNU_SOURCE 1
| #define _POSIX_PTHREAD_SEMANTICS 1
| #define _TANDEM_SOURCE 1
| /* end confdefs.h.  */
| #include <ac_nonexistent.h>
configure:5207: checking whether C++ has std::isnan
configure:5222: g++ -c -g -O2  conftest.cpp >&5
configure:5222: $? = 0
configure:5223: result: yes
configure:5246: checking gr_libdir_suffix
configure:5277: result: 
configure:5281: checking whether to append 64 to libdir
configure:5289: result: no
configure:5317: checking whether user wants warnings
configure:5328: result: yes
configure:5341: checking whether gcc accepts -Wall
configure:5346: result: yes
configure:5362: checking whether g++ accepts -Wall
configure:5367: result: yes
configure:5362: checking whether g++ accepts -Woverloaded-virtual
configure:5367: result: yes
configure:5380: checking whether user wants gprof
configure:5390: result: no
configure:5443: checking whether user wants prof
configure:5453: result: no
configure:5514: checking dependency style of gcc
configure:5622: result: gcc3
configure:5637: checking whether ln -s works
configure:5641: result: yes
configure:5648: checking whether make sets $(MAKE)
configure:5670: result: yes
configure:5682: checking for rm
configure:5700: found /bin/rm
configure:5712: result: /bin/rm
configure:6109: checking for a sed that does not truncate output
configure:6173: result: /bin/sed
configure:6191: checking for fgrep
configure:6253: result: /bin/grep -F
configure:6288: checking for ld used by gcc
configure:6355: result: /usr/bin/ld
configure:6362: checking if the linker (/usr/bin/ld) is GNU ld
configure:6377: result: yes
configure:6389: checking for BSD- or MS-compatible name lister (nm)
configure:6438: result: /usr/bin/nm -B
configure:6556: checking the name lister (/usr/bin/nm -B) interface
configure:6563: gcc -c -g -O2 -Wall  conftest.c >&5
configure:6566: /usr/bin/nm -B "conftest.o"
configure:6569: output
00000000 B some_variable
configure:6576: result: BSD nm
configure:6580: checking the maximum length of command line arguments
configure:6700: result: 805306365
configure:6717: checking whether the shell understands some XSI constructs
configure:6727: result: yes
configure:6731: checking whether the shell understands "+="
configure:6737: result: yes
configure:6772: checking for /usr/bin/ld option to reload object files
configure:6779: result: -r
configure:6848: checking for objdump
configure:6875: result: objdump
configure:6904: checking how to recognize dependent libraries
configure:7100: result: pass_all
configure:7160: checking for ar
configure:7176: found /usr/bin/ar
configure:7187: result: ar
configure:7265: checking for strip
configure:7281: found /usr/bin/strip
configure:7292: result: strip
configure:7364: checking for ranlib
configure:7380: found /usr/bin/ranlib
configure:7391: result: ranlib
configure:7481: checking command to parse /usr/bin/nm -B output from gcc object
configure:7599: gcc -c -g -O2 -Wall  conftest.c >&5
configure:7602: $? = 0
configure:7606: /usr/bin/nm -B conftest.o \| sed -n -e 's/^.*[	 ]\([ABCDGIRSTW][ABCDGIRSTW]*\)[	 ][	 ]*\([_A-Za-z][_A-Za-z0-9]*\)$/\1 \2 \2/p' \> conftest.nm
configure:7609: $? = 0
configure:7663: gcc -o conftest -g -O2 -Wall   conftest.c conftstm.o >&5
configure:7666: $? = 0
configure:7704: result: ok
configure:8509: checking for dlfcn.h
configure:8509: gcc -c -g -O2 -Wall  conftest.c >&5
configure:8509: $? = 0
configure:8509: result: yes
configure:8634: checking for C++ compiler version
configure:8643: g++ --version >&5
g++ (Ubuntu 4.4.3-4ubuntu5) 4.4.3
Copyright (C) 2009 Free Software Foundation, Inc.
This is free software; see the source for copying conditions.  There is NO
warranty; not even for MERCHANTABILITY or FITNESS FOR A PARTICULAR PURPOSE.

configure:8654: $? = 0
configure:8643: g++ -v >&5
Using built-in specs.
Target: i486-linux-gnu
Configured with: ../src/configure -v --with-pkgversion='Ubuntu 4.4.3-4ubuntu5' --with-bugurl=file:///usr/share/doc/gcc-4.4/README.Bugs --enable-languages=c,c++,fortran,objc,obj-c++ --prefix=/usr --enable-shared --enable-multiarch --enable-linker-build-id --with-system-zlib --libexecdir=/usr/lib --without-included-gettext --enable-threads=posix --with-gxx-include-dir=/usr/include/c++/4.4 --program-suffix=-4.4 --enable-nls --enable-clocale=gnu --enable-libstdcxx-debug --enable-plugin --enable-objc-gc --enable-targets=all --disable-werror --with-arch-32=i486 --with-tune=generic --enable-checking=release --build=i486-linux-gnu --host=i486-linux-gnu --target=i486-linux-gnu
Thread model: posix
gcc version 4.4.3 (Ubuntu 4.4.3-4ubuntu5) 
configure:8654: $? = 0
configure:8643: g++ -V >&5
g++: '-V' option must have argument
configure:8654: $? = 1
configure:8643: g++ -qversion >&5
g++: unrecognized option '-qversion'
g++: no input files
configure:8654: $? = 1
configure:8658: checking whether we are using the GNU C++ compiler
configure:8686: result: yes
configure:8695: checking whether g++ accepts -g
configure:8756: result: yes
configure:8781: checking dependency style of g++
configure:8891: result: gcc3
configure:8914: checking how to run the C++ preprocessor
configure:8980: result: g++ -E
configure:9000: g++ -E  conftest.cpp
configure:9000: $? = 0
configure:9014: g++ -E  conftest.cpp
conftest.cpp:28:28: error: ac_nonexistent.h: No such file or directory
configure:9014: $? = 1
configure: failed program was:
| /* confdefs.h */
| #define PACKAGE_NAME "gr-rfid-monitor"
| #define PACKAGE_TARNAME "gr-rfid-monitor"
| #define PACKAGE_VERSION "3.2.2"
| #define PACKAGE_STRING "gr-rfid-monitor 3.2.2"
| #define PACKAGE_BUGREPORT ""
| #define PACKAGE_URL ""
| #define PACKAGE "gr-rfid-monitor"
| #define VERSION "3.2.2"
| #define STDC_HEADERS 1
| #define HAVE_SYS_TYPES_H 1
| #define HAVE_SYS_STAT_H 1
| #define HAVE_STDLIB_H 1
| #define HAVE_STRING_H 1
| #define HAVE_MEMORY_H 1
| #define HAVE_STRINGS_H 1
| #define HAVE_INTTYPES_H 1
| #define HAVE_STDINT_H 1
| #define HAVE_UNISTD_H 1
| #define __EXTENSIONS__ 1
| #define _ALL_SOURCE 1
| #define _GNU_SOURCE 1
| #define _POSIX_PTHREAD_SEMANTICS 1
| #define _TANDEM_SOURCE 1
| #define CXX_HAS_STD_ISNAN /**/
| #define HAVE_DLFCN_H 1
| /* end confdefs.h.  */
| #include <ac_nonexistent.h>
configure:9157: checking for objdir
configure:9172: result: .libs
configure:9468: checking if gcc supports -fno-rtti -fno-exceptions
configure:9486: gcc -c -g -O2 -Wall  -fno-rtti -fno-exceptions conftest.c >&5
cc1: warning: command line option "-fno-rtti" is valid for C++/ObjC++ but not for C
configure:9490: $? = 0
configure:9503: result: no
configure:9523: checking for gcc option to produce PIC
configure:9795: result: -fPIC -DPIC
configure:9807: checking if gcc PIC flag -fPIC -DPIC works
configure:9825: gcc -c -g -O2 -Wall  -fPIC -DPIC -DPIC conftest.c >&5
configure:9829: $? = 0
configure:9842: result: yes
configure:9866: checking if gcc static flag -static works
configure:9894: result: yes
configure:9909: checking if gcc supports -c -o file.o
configure:9930: gcc -c -g -O2 -Wall  -o out/conftest2.o conftest.c >&5
configure:9934: $? = 0
configure:9956: result: yes
configure:9964: checking if gcc supports -c -o file.o
configure:10011: result: yes
configure:10044: checking whether the gcc linker (/usr/bin/ld) supports shared libraries
configure:11035: result: yes
configure:11072: checking whether -lc should be explicitly linked in
configure:11077: gcc -c -g -O2 -Wall  conftest.c >&5
configure:11080: $? = 0
configure:11095: gcc -shared conftest.o  -v -Wl,-soname -Wl,conftest -o conftest 2\>\&1 \| /bin/grep  -lc  \>/dev/null 2\>\&1
configure:11098: $? = 0
configure:11110: result: no
configure:11274: checking dynamic linker characteristics
configure:11707: gcc -o conftest -g -O2 -Wall   -Wl,-rpath -Wl,/foo conftest.c  >&5
configure:11707: $? = 0
configure:11937: result: GNU/Linux ld.so
configure:12039: checking how to hardcode library paths into programs
configure:12064: result: immediate
configure:12584: checking whether stripping libraries is possible
configure:12589: result: yes
configure:12624: checking if libtool supports shared libraries
configure:12626: result: yes
configure:12629: checking whether to build shared libraries
configure:12650: result: yes
configure:12653: checking whether to build static libraries
configure:12657: result: no
configure:12807: checking for ld used by g++
configure:12874: result: /usr/bin/ld
configure:12881: checking if the linker (/usr/bin/ld) is GNU ld
configure:12896: result: yes
configure:12951: checking whether the g++ linker (/usr/bin/ld) supports shared libraries
configure:13864: result: yes
configure:13892: g++ -c -g -O2 -Wall -Woverloaded-virtual  conftest.cpp >&5
configure:13895: $? = 0
configure:14077: checking for g++ option to produce PIC
configure:14394: result: -fPIC -DPIC
configure:14403: checking if g++ PIC flag -fPIC -DPIC works
configure:14421: g++ -c -g -O2 -Wall -Woverloaded-virtual  -fPIC -DPIC -DPIC conftest.cpp >&5
configure:14425: $? = 0
configure:14438: result: yes
configure:14459: checking if g++ static flag -static works
configure:14487: result: yes
configure:14499: checking if g++ supports -c -o file.o
configure:14520: g++ -c -g -O2 -Wall -Woverloaded-virtual  -o out/conftest2.o conftest.cpp >&5
configure:14524: $? = 0
configure:14546: result: yes
configure:14551: checking if g++ supports -c -o file.o
configure:14598: result: yes
configure:14628: checking whether the g++ linker (/usr/bin/ld) supports shared libraries
configure:14657: result: yes
configure:14794: checking dynamic linker characteristics
configure:15175: g++ -o conftest -g -O2 -Wall -Woverloaded-virtual   -Wl,-rpath -Wl,/foo conftest.cpp  >&5
configure:15175: $? = 0
configure:15405: result: GNU/Linux ld.so
configure:15456: checking how to hardcode library paths into programs
configure:15481: result: immediate
configure:15563: checking for python
configure:15581: found /usr/bin/python
configure:15593: result: /usr/bin/python
configure:15614: checking for python version
configure:15621: result: 2.6
configure:15633: checking for python platform
configure:15640: result: linux2
configure:15647: checking for python script directory
configure:15676: result: ${prefix}/lib/python2.6/dist-packages
configure:15685: checking for python extension module directory
configure:15714: result: ${exec_prefix}/lib/python2.6/dist-packages
configure:15759: checking for Python include path
configure:15775: result: /usr/include/python2.6
configure:15789: checking Python.h usability
configure:15789: gcc -c -g -O2 -Wall  -I/usr/include/python2.6 conftest.c >&5
In file included from /usr/include/python2.6/Python.h:8,
                 from conftest.c:62:
/usr/include/python2.6/pyconfig.h:1031:1: warning: "_POSIX_C_SOURCE" redefined
In file included from /usr/include/stdio.h:28,
                 from conftest.c:29:
/usr/include/features.h:158:1: warning: this is the location of the previous definition
In file included from /usr/include/python2.6/Python.h:8,
                 from conftest.c:62:
/usr/include/python2.6/pyconfig.h:1040:1: warning: "_XOPEN_SOURCE" redefined
In file included from /usr/include/stdio.h:28,
                 from conftest.c:29:
/usr/include/features.h:160:1: warning: this is the location of the previous definition
configure:15789: $? = 0
configure:15789: result: yes
configure:15789: checking Python.h presence
configure:15789: gcc -E  -I/usr/include/python2.6 conftest.c
configure:15789: $? = 0
configure:15789: result: yes
configure:15789: checking for Python.h
configure:15789: result: yes
configure:15859: checking for swig
configure:15875: found /usr/bin/swig
configure:15886: result: /usr/bin/swig
configure:15898: checking for SWIG version
configure:15902: result: 1.3.40
configure:15937: checking for ANSI C header files
configure:16041: result: yes
configure:16050: checking for an ANSI C-conforming const
configure:16115: gcc -c -g -O2 -Wall  conftest.c >&5
conftest.c: In function 'main':
conftest.c:60: warning: 't' is used uninitialized in this function
conftest.c:76: warning: 'b' is used uninitialized in this function
conftest.c:39: warning: 'cs[0]' is used uninitialized in this function
configure:16115: $? = 0
configure:16122: result: yes
configure:16130: checking for inline
configure:16146: gcc -c -g -O2 -Wall  conftest.c >&5
configure:16146: $? = 0
configure:16154: result: inline
configure:16172: checking for size_t
configure:16172: gcc -c -g -O2 -Wall  conftest.c >&5
configure:16172: $? = 0
configure:16172: gcc -c -g -O2 -Wall  conftest.c >&5
conftest.c: In function 'main':
conftest.c:67: error: expected expression before ')' token
configure:16172: $? = 1
configure: failed program was:
| /* confdefs.h */
| #define PACKAGE_NAME "gr-rfid-monitor"
| #define PACKAGE_TARNAME "gr-rfid-monitor"
| #define PACKAGE_VERSION "3.2.2"
| #define PACKAGE_STRING "gr-rfid-monitor 3.2.2"
| #define PACKAGE_BUGREPORT ""
| #define PACKAGE_URL ""
| #define PACKAGE "gr-rfid-monitor"
| #define VERSION "3.2.2"
| #define STDC_HEADERS 1
| #define HAVE_SYS_TYPES_H 1
| #define HAVE_SYS_STAT_H 1
| #define HAVE_STDLIB_H 1
| #define HAVE_STRING_H 1
| #define HAVE_MEMORY_H 1
| #define HAVE_STRINGS_H 1
| #define HAVE_INTTYPES_H 1
| #define HAVE_STDINT_H 1
| #define HAVE_UNISTD_H 1
| #define __EXTENSIONS__ 1
| #define _ALL_SOURCE 1
| #define _GNU_SOURCE 1
| #define _POSIX_PTHREAD_SEMANTICS 1
| #define _TANDEM_SOURCE 1
| #define CXX_HAS_STD_ISNAN /**/
| #define HAVE_DLFCN_H 1
| #define LT_OBJDIR ".libs/"
| #define HAVE_PYTHON_H 1
| #define STDC_HEADERS 1
| /* end confdefs.h.  */
| #include <stdio.h>
| #ifdef HAVE_SYS_TYPES_H
| # include <sys/types.h>
| #endif
| #ifdef HAVE_SYS_STAT_H
| # include <sys/stat.h>
| #endif
| #ifdef STDC_HEADERS
| # include <stdlib.h>
| # include <stddef.h>
| #else
| # ifdef HAVE_STDLIB_H
| #  include <stdlib.h>
| # endif
| #endif
| #ifdef HAVE_STRING_H
| # if !defined STDC_HEADERS && defined HAVE_MEMORY_H
| #  include <memory.h>
| # endif
| # include <string.h>
| #endif
| #ifdef HAVE_STRINGS_H
| # include <strings.h>
| #endif
| #ifdef HAVE_INTTYPES_H
| # include <inttypes.h>
| #endif
| #ifdef HAVE_STDINT_H
| # include <stdint.h>
| #endif
| #ifdef HAVE_UNISTD_H
| # include <unistd.h>
| #endif
| int
| main ()
| {
| if (sizeof ((size_t)))
| 	    return 0;
|   ;
|   return 0;
| }
configure:16172: result: yes
configure:16183: checking whether time.h and sys/time.h may both be included
configure:16203: gcc -c -g -O2 -Wall  conftest.c >&5
configure:16203: $? = 0
configure:16210: result: yes
configure:16218: checking whether byte ordering is bigendian
configure:16233: gcc -c -g -O2 -Wall  conftest.c >&5
conftest.c:33: error: expected '=', ',', ';', 'asm' or '__attribute__' before 'a'
configure:16233: $? = 1
configure: failed program was:
| /* confdefs.h */
| #define PACKAGE_NAME "gr-rfid-monitor"
| #define PACKAGE_TARNAME "gr-rfid-monitor"
| #define PACKAGE_VERSION "3.2.2"
| #define PACKAGE_STRING "gr-rfid-monitor 3.2.2"
| #define PACKAGE_BUGREPORT ""
| #define PACKAGE_URL ""
| #define PACKAGE "gr-rfid-monitor"
| #define VERSION "3.2.2"
| #define STDC_HEADERS 1
| #define HAVE_SYS_TYPES_H 1
| #define HAVE_SYS_STAT_H 1
| #define HAVE_STDLIB_H 1
| #define HAVE_STRING_H 1
| #define HAVE_MEMORY_H 1
| #define HAVE_STRINGS_H 1
| #define HAVE_INTTYPES_H 1
| #define HAVE_STDINT_H 1
| #define HAVE_UNISTD_H 1
| #define __EXTENSIONS__ 1
| #define _ALL_SOURCE 1
| #define _GNU_SOURCE 1
| #define _POSIX_PTHREAD_SEMANTICS 1
| #define _TANDEM_SOURCE 1
| #define CXX_HAS_STD_ISNAN /**/
| #define HAVE_DLFCN_H 1
| #define LT_OBJDIR ".libs/"
| #define HAVE_PYTHON_H 1
| #define STDC_HEADERS 1
| #define TIME_WITH_SYS_TIME 1
| /* end confdefs.h.  */
| #ifndef __APPLE_CC__
| 	       not a universal capable compiler
| 	     #endif
| 	     typedef int dummy;
| 
configure:16278: gcc -c -g -O2 -Wall  conftest.c >&5
configure:16278: $? = 0
configure:16296: gcc -c -g -O2 -Wall  conftest.c >&5
conftest.c: In function 'main':
conftest.c:39: error: 'not' undeclared (first use in this function)
conftest.c:39: error: (Each undeclared identifier is reported only once
conftest.c:39: error: for each function it appears in.)
conftest.c:39: error: expected ';' before 'big'
configure:16296: $? = 1
configure: failed program was:
| /* confdefs.h */
| #define PACKAGE_NAME "gr-rfid-monitor"
| #define PACKAGE_TARNAME "gr-rfid-monitor"
| #define PACKAGE_VERSION "3.2.2"
| #define PACKAGE_STRING "gr-rfid-monitor 3.2.2"
| #define PACKAGE_BUGREPORT ""
| #define PACKAGE_URL ""
| #define PACKAGE "gr-rfid-monitor"
| #define VERSION "3.2.2"
| #define STDC_HEADERS 1
| #define HAVE_SYS_TYPES_H 1
| #define HAVE_SYS_STAT_H 1
| #define HAVE_STDLIB_H 1
| #define HAVE_STRING_H 1
| #define HAVE_MEMORY_H 1
| #define HAVE_STRINGS_H 1
| #define HAVE_INTTYPES_H 1
| #define HAVE_STDINT_H 1
| #define HAVE_UNISTD_H 1
| #define __EXTENSIONS__ 1
| #define _ALL_SOURCE 1
| #define _GNU_SOURCE 1
| #define _POSIX_PTHREAD_SEMANTICS 1
| #define _TANDEM_SOURCE 1
| #define CXX_HAS_STD_ISNAN /**/
| #define HAVE_DLFCN_H 1
| #define LT_OBJDIR ".libs/"
| #define HAVE_PYTHON_H 1
| #define STDC_HEADERS 1
| #define TIME_WITH_SYS_TIME 1
| /* end confdefs.h.  */
| #include <sys/types.h>
| 		#include <sys/param.h>
| 
| int
| main ()
| {
| #if BYTE_ORDER != BIG_ENDIAN
| 		 not big endian
| 		#endif
| 
|   ;
|   return 0;
| }
configure:16424: result: no
configure:16448: checking for sys/types.h
configure:16448: result: yes
configure:16448: checking fcntl.h usability
configure:16448: gcc -c -g -O2 -Wall  conftest.c >&5
configure:16448: $? = 0
configure:16448: result: yes
configure:16448: checking fcntl.h presence
configure:16448: gcc -E  conftest.c
configure:16448: $? = 0
configure:16448: result: yes
configure:16448: checking for fcntl.h
configure:16448: result: yes
configure:16448: checking io.h usability
configure:16448: gcc -c -g -O2 -Wall  conftest.c >&5
conftest.c:67:16: error: io.h: No such file or directory
configure:16448: $? = 1
configure: failed program was:
| /* confdefs.h */
| #define PACKAGE_NAME "gr-rfid-monitor"
| #define PACKAGE_TARNAME "gr-rfid-monitor"
| #define PACKAGE_VERSION "3.2.2"
| #define PACKAGE_STRING "gr-rfid-monitor 3.2.2"
| #define PACKAGE_BUGREPORT ""
| #define PACKAGE_URL ""
| #define PACKAGE "gr-rfid-monitor"
| #define VERSION "3.2.2"
| #define STDC_HEADERS 1
| #define HAVE_SYS_TYPES_H 1
| #define HAVE_SYS_STAT_H 1
| #define HAVE_STDLIB_H 1
| #define HAVE_STRING_H 1
| #define HAVE_MEMORY_H 1
| #define HAVE_STRINGS_H 1
| #define HAVE_INTTYPES_H 1
| #define HAVE_STDINT_H 1
| #define HAVE_UNISTD_H 1
| #define __EXTENSIONS__ 1
| #define _ALL_SOURCE 1
| #define _GNU_SOURCE 1
| #define _POSIX_PTHREAD_SEMANTICS 1
| #define _TANDEM_SOURCE 1
| #define CXX_HAS_STD_ISNAN /**/
| #define HAVE_DLFCN_H 1
| #define LT_OBJDIR ".libs/"
| #define HAVE_PYTHON_H 1
| #define STDC_HEADERS 1
| #define TIME_WITH_SYS_TIME 1
| #define HAVE_SYS_TYPES_H 1
| #define HAVE_FCNTL_H 1
| /* end confdefs.h.  */
| #include <stdio.h>
| #ifdef HAVE_SYS_TYPES_H
| # include <sys/types.h>
| #endif
| #ifdef HAVE_SYS_STAT_H
| # include <sys/stat.h>
| #endif
| #ifdef STDC_HEADERS
| # include <stdlib.h>
| # include <stddef.h>
| #else
| # ifdef HAVE_STDLIB_H
| #  include <stdlib.h>
| # endif
| #endif
| #ifdef HAVE_STRING_H
| # if !defined STDC_HEADERS && defined HAVE_MEMORY_H
| #  include <memory.h>
| # endif
| # include <string.h>
| #endif
| #ifdef HAVE_STRINGS_H
| # include <strings.h>
| #endif
| #ifdef HAVE_INTTYPES_H
| # include <inttypes.h>
| #endif
| #ifdef HAVE_STDINT_H
| # include <stdint.h>
| #endif
| #ifdef HAVE_UNISTD_H
| # include <unistd.h>
| #endif
| #include <io.h>
configure:16448: result: no
configure:16448: checking io.h presence
configure:16448: gcc -E  conftest.c
conftest.c:34:16: error: io.h: No such file or directory
configure:16448: $? = 1
configure: failed program was:
| /* confdefs.h */
| #define PACKAGE_NAME "gr-rfid-monitor"
| #define PACKAGE_TARNAME "gr-rfid-monitor"
| #define PACKAGE_VERSION "3.2.2"
| #define PACKAGE_STRING "gr-rfid-monitor 3.2.2"
| #define PACKAGE_BUGREPORT ""
| #define PACKAGE_URL ""
| #define PACKAGE "gr-rfid-monitor"
| #define VERSION "3.2.2"
| #define STDC_HEADERS 1
| #define HAVE_SYS_TYPES_H 1
| #define HAVE_SYS_STAT_H 1
| #define HAVE_STDLIB_H 1
| #define HAVE_STRING_H 1
| #define HAVE_MEMORY_H 1
| #define HAVE_STRINGS_H 1
| #define HAVE_INTTYPES_H 1
| #define HAVE_STDINT_H 1
| #define HAVE_UNISTD_H 1
| #define __EXTENSIONS__ 1
| #define _ALL_SOURCE 1
| #define _GNU_SOURCE 1
| #define _POSIX_PTHREAD_SEMANTICS 1
| #define _TANDEM_SOURCE 1
| #define CXX_HAS_STD_ISNAN /**/
| #define HAVE_DLFCN_H 1
| #define LT_OBJDIR ".libs/"
| #define HAVE_PYTHON_H 1
| #define STDC_HEADERS 1
| #define TIME_WITH_SYS_TIME 1
| #define HAVE_SYS_TYPES_H 1
| #define HAVE_FCNTL_H 1
| /* end confdefs.h.  */
| #include <io.h>
configure:16448: result: no
configure:16448: checking for io.h
configure:16448: result: no
configure:16461: checking windows.h usability
configure:16461: gcc -c -g -O2 -Wall  conftest.c >&5
conftest.c:67:21: error: windows.h: No such file or directory
configure:16461: $? = 1
configure: failed program was:
| /* confdefs.h */
| #define PACKAGE_NAME "gr-rfid-monitor"
| #define PACKAGE_TARNAME "gr-rfid-monitor"
| #define PACKAGE_VERSION "3.2.2"
| #define PACKAGE_STRING "gr-rfid-monitor 3.2.2"
| #define PACKAGE_BUGREPORT ""
| #define PACKAGE_URL ""
| #define PACKAGE "gr-rfid-monitor"
| #define VERSION "3.2.2"
| #define STDC_HEADERS 1
| #define HAVE_SYS_TYPES_H 1
| #define HAVE_SYS_STAT_H 1
| #define HAVE_STDLIB_H 1
| #define HAVE_STRING_H 1
| #define HAVE_MEMORY_H 1
| #define HAVE_STRINGS_H 1
| #define HAVE_INTTYPES_H 1
| #define HAVE_STDINT_H 1
| #define HAVE_UNISTD_H 1
| #define __EXTENSIONS__ 1
| #define _ALL_SOURCE 1
| #define _GNU_SOURCE 1
| #define _POSIX_PTHREAD_SEMANTICS 1
| #define _TANDEM_SOURCE 1
| #define CXX_HAS_STD_ISNAN /**/
| #define HAVE_DLFCN_H 1
| #define LT_OBJDIR ".libs/"
| #define HAVE_PYTHON_H 1
| #define STDC_HEADERS 1
| #define TIME_WITH_SYS_TIME 1
| #define HAVE_SYS_TYPES_H 1
| #define HAVE_FCNTL_H 1
| /* end confdefs.h.  */
| #include <stdio.h>
| #ifdef HAVE_SYS_TYPES_H
| # include <sys/types.h>
| #endif
| #ifdef HAVE_SYS_STAT_H
| # include <sys/stat.h>
| #endif
| #ifdef STDC_HEADERS
| # include <stdlib.h>
| # include <stddef.h>
| #else
| # ifdef HAVE_STDLIB_H
| #  include <stdlib.h>
| # endif
| #endif
| #ifdef HAVE_STRING_H
| # if !defined STDC_HEADERS && defined HAVE_MEMORY_H
| #  include <memory.h>
| # endif
| # include <string.h>
| #endif
| #ifdef HAVE_STRINGS_H
| # include <strings.h>
| #endif
| #ifdef HAVE_INTTYPES_H
| # include <inttypes.h>
| #endif
| #ifdef HAVE_STDINT_H
| # include <stdint.h>
| #endif
| #ifdef HAVE_UNISTD_H
| # include <unistd.h>
| #endif
| #include <windows.h>
configure:16461: result: no
configure:16461: checking windows.h presence
configure:16461: gcc -E  conftest.c
conftest.c:34:21: error: windows.h: No such file or directory
configure:16461: $? = 1
configure: failed program was:
| /* confdefs.h */
| #define PACKAGE_NAME "gr-rfid-monitor"
| #define PACKAGE_TARNAME "gr-rfid-monitor"
| #define PACKAGE_VERSION "3.2.2"
| #define PACKAGE_STRING "gr-rfid-monitor 3.2.2"
| #define PACKAGE_BUGREPORT ""
| #define PACKAGE_URL ""
| #define PACKAGE "gr-rfid-monitor"
| #define VERSION "3.2.2"
| #define STDC_HEADERS 1
| #define HAVE_SYS_TYPES_H 1
| #define HAVE_SYS_STAT_H 1
| #define HAVE_STDLIB_H 1
| #define HAVE_STRING_H 1
| #define HAVE_MEMORY_H 1
| #define HAVE_STRINGS_H 1
| #define HAVE_INTTYPES_H 1
| #define HAVE_STDINT_H 1
| #define HAVE_UNISTD_H 1
| #define __EXTENSIONS__ 1
| #define _ALL_SOURCE 1
| #define _GNU_SOURCE 1
| #define _POSIX_PTHREAD_SEMANTICS 1
| #define _TANDEM_SOURCE 1
| #define CXX_HAS_STD_ISNAN /**/
| #define HAVE_DLFCN_H 1
| #define LT_OBJDIR ".libs/"
| #define HAVE_PYTHON_H 1
| #define STDC_HEADERS 1
| #define TIME_WITH_SYS_TIME 1
| #define HAVE_SYS_TYPES_H 1
| #define HAVE_FCNTL_H 1
| /* end confdefs.h.  */
| #include <windows.h>
configure:16461: result: no
configure:16461: checking for windows.h
configure:16461: result: no
configure:16474: checking for winioctl.h
configure:16474: gcc -c -g -O2 -Wall  conftest.c >&5
conftest.c:40:22: error: winioctl.h: No such file or directory
configure:16474: $? = 1
configure: failed program was:
| /* confdefs.h */
| #define PACKAGE_NAME "gr-rfid-monitor"
| #define PACKAGE_TARNAME "gr-rfid-monitor"
| #define PACKAGE_VERSION "3.2.2"
| #define PACKAGE_STRING "gr-rfid-monitor 3.2.2"
| #define PACKAGE_BUGREPORT ""
| #define PACKAGE_URL ""
| #define PACKAGE "gr-rfid-monitor"
| #define VERSION "3.2.2"
| #define STDC_HEADERS 1
| #define HAVE_SYS_TYPES_H 1
| #define HAVE_SYS_STAT_H 1
| #define HAVE_STDLIB_H 1
| #define HAVE_STRING_H 1
| #define HAVE_MEMORY_H 1
| #define HAVE_STRINGS_H 1
| #define HAVE_INTTYPES_H 1
| #define HAVE_STDINT_H 1
| #define HAVE_UNISTD_H 1
| #define __EXTENSIONS__ 1
| #define _ALL_SOURCE 1
| #define _GNU_SOURCE 1
| #define _POSIX_PTHREAD_SEMANTICS 1
| #define _TANDEM_SOURCE 1
| #define CXX_HAS_STD_ISNAN /**/
| #define HAVE_DLFCN_H 1
| #define LT_OBJDIR ".libs/"
| #define HAVE_PYTHON_H 1
| #define STDC_HEADERS 1
| #define TIME_WITH_SYS_TIME 1
| #define HAVE_SYS_TYPES_H 1
| #define HAVE_FCNTL_H 1
| /* end confdefs.h.  */
| 
| 	#if HAVE_WINDOWS_H
| 	#include <windows.h>
| 	#endif
| 
| 
| #include <winioctl.h>
configure:16474: result: no
configure:16474: checking for winbase.h
configure:16474: gcc -c -g -O2 -Wall  conftest.c >&5
conftest.c:40:21: error: winbase.h: No such file or directory
configure:16474: $? = 1
configure: failed program was:
| /* confdefs.h */
| #define PACKAGE_NAME "gr-rfid-monitor"
| #define PACKAGE_TARNAME "gr-rfid-monitor"
| #define PACKAGE_VERSION "3.2.2"
| #define PACKAGE_STRING "gr-rfid-monitor 3.2.2"
| #define PACKAGE_BUGREPORT ""
| #define PACKAGE_URL ""
| #define PACKAGE "gr-rfid-monitor"
| #define VERSION "3.2.2"
| #define STDC_HEADERS 1
| #define HAVE_SYS_TYPES_H 1
| #define HAVE_SYS_STAT_H 1
| #define HAVE_STDLIB_H 1
| #define HAVE_STRING_H 1
| #define HAVE_MEMORY_H 1
| #define HAVE_STRINGS_H 1
| #define HAVE_INTTYPES_H 1
| #define HAVE_STDINT_H 1
| #define HAVE_UNISTD_H 1
| #define __EXTENSIONS__ 1
| #define _ALL_SOURCE 1
| #define _GNU_SOURCE 1
| #define _POSIX_PTHREAD_SEMANTICS 1
| #define _TANDEM_SOURCE 1
| #define CXX_HAS_STD_ISNAN /**/
| #define HAVE_DLFCN_H 1
| #define LT_OBJDIR ".libs/"
| #define HAVE_PYTHON_H 1
| #define STDC_HEADERS 1
| #define TIME_WITH_SYS_TIME 1
| #define HAVE_SYS_TYPES_H 1
| #define HAVE_FCNTL_H 1
| /* end confdefs.h.  */
| 
| 	#if HAVE_WINDOWS_H
| 	#include <windows.h>
| 	#endif
| 
| 
| #include <winbase.h>
configure:16474: result: no
configure:16494: checking for getopt
configure:16494: gcc -o conftest -g -O2 -Wall   conftest.c  >&5
configure:16494: $? = 0
configure:16494: result: yes
configure:16494: checking for usleep
configure:16494: gcc -o conftest -g -O2 -Wall   conftest.c  >&5
configure:16494: $? = 0
configure:16494: result: yes
configure:16494: checking for gettimeofday
configure:16494: gcc -o conftest -g -O2 -Wall   conftest.c  >&5
configure:16494: $? = 0
configure:16494: result: yes
configure:16494: checking for nanosleep
configure:16494: gcc -o conftest -g -O2 -Wall   conftest.c  >&5
configure:16494: $? = 0
configure:16494: result: yes
configure:16494: checking for rand
configure:16494: gcc -o conftest -g -O2 -Wall   conftest.c  >&5
configure:16494: $? = 0
configure:16494: result: yes
configure:16494: checking for srand
configure:16494: gcc -o conftest -g -O2 -Wall   conftest.c  >&5
configure:16494: $? = 0
configure:16494: result: yes
configure:16494: checking for random
configure:16494: gcc -o conftest -g -O2 -Wall   conftest.c  >&5
configure:16494: $? = 0
configure:16494: result: yes
configure:16494: checking for srandom
configure:16494: gcc -o conftest -g -O2 -Wall   conftest.c  >&5
configure:16494: $? = 0
configure:16494: result: yes
configure:16494: checking for sleep
configure:16494: gcc -o conftest -g -O2 -Wall   conftest.c  >&5
configure:16494: $? = 0
configure:16494: result: yes
configure:16494: checking for sigaction
configure:16494: gcc -o conftest -g -O2 -Wall   conftest.c  >&5
configure:16494: $? = 0
configure:16494: result: yes
configure:16504: checking for struct timezone
configure:16504: gcc -c -g -O2 -Wall  conftest.c >&5
configure:16504: $? = 0
configure:16504: gcc -c -g -O2 -Wall  conftest.c >&5
conftest.c: In function 'main':
conftest.c:63: error: expected expression before ')' token
configure:16504: $? = 1
configure: failed program was:
| /* confdefs.h */
| #define PACKAGE_NAME "gr-rfid-monitor"
| #define PACKAGE_TARNAME "gr-rfid-monitor"
| #define PACKAGE_VERSION "3.2.2"
| #define PACKAGE_STRING "gr-rfid-monitor 3.2.2"
| #define PACKAGE_BUGREPORT ""
| #define PACKAGE_URL ""
| #define PACKAGE "gr-rfid-monitor"
| #define VERSION "3.2.2"
| #define STDC_HEADERS 1
| #define HAVE_SYS_TYPES_H 1
| #define HAVE_SYS_STAT_H 1
| #define HAVE_STDLIB_H 1
| #define HAVE_STRING_H 1
| #define HAVE_MEMORY_H 1
| #define HAVE_STRINGS_H 1
| #define HAVE_INTTYPES_H 1
| #define HAVE_STDINT_H 1
| #define HAVE_UNISTD_H 1
| #define __EXTENSIONS__ 1
| #define _ALL_SOURCE 1
| #define _GNU_SOURCE 1
| #define _POSIX_PTHREAD_SEMANTICS 1
| #define _TANDEM_SOURCE 1
| #define CXX_HAS_STD_ISNAN /**/
| #define HAVE_DLFCN_H 1
| #define LT_OBJDIR ".libs/"
| #define HAVE_PYTHON_H 1
| #define STDC_HEADERS 1
| #define TIME_WITH_SYS_TIME 1
| #define HAVE_SYS_TYPES_H 1
| #define HAVE_FCNTL_H 1
| #define HAVE_GETOPT 1
| #define HAVE_USLEEP 1
| #define HAVE_GETTIMEOFDAY 1
| #define HAVE_NANOSLEEP 1
| #define HAVE_RAND 1
| #define HAVE_SRAND 1
| #define HAVE_RANDOM 1
| #define HAVE_SRANDOM 1
| #define HAVE_SLEEP 1
| #define HAVE_SIGACTION 1
| /* end confdefs.h.  */
| 
|      #if HAVE_SYS_TYPES_H
|      # include <sys/types.h>
|      #endif
|      #if TIME_WITH_SYS_TIME
|      # include <sys/time.h>
|      # include <time.h>
|      #else
|      # if HAVE_SYS_TIME_H
|      #  include <sys/time.h>
|      # else
|      #  include <time.h>
|      # endif
|      #endif
| 
| 
| int
| main ()
| {
| if (sizeof ((struct timezone)))
| 	    return 0;
|   ;
|   return 0;
| }
configure:16504: result: yes
configure:16528: checking for struct timespec
configure:16528: gcc -c -g -O2 -Wall  conftest.c >&5
configure:16528: $? = 0
configure:16528: gcc -c -g -O2 -Wall  conftest.c >&5
conftest.c: In function 'main':
conftest.c:64: error: expected expression before ')' token
configure:16528: $? = 1
configure: failed program was:
| /* confdefs.h */
| #define PACKAGE_NAME "gr-rfid-monitor"
| #define PACKAGE_TARNAME "gr-rfid-monitor"
| #define PACKAGE_VERSION "3.2.2"
| #define PACKAGE_STRING "gr-rfid-monitor 3.2.2"
| #define PACKAGE_BUGREPORT ""
| #define PACKAGE_URL ""
| #define PACKAGE "gr-rfid-monitor"
| #define VERSION "3.2.2"
| #define STDC_HEADERS 1
| #define HAVE_SYS_TYPES_H 1
| #define HAVE_SYS_STAT_H 1
| #define HAVE_STDLIB_H 1
| #define HAVE_STRING_H 1
| #define HAVE_MEMORY_H 1
| #define HAVE_STRINGS_H 1
| #define HAVE_INTTYPES_H 1
| #define HAVE_STDINT_H 1
| #define HAVE_UNISTD_H 1
| #define __EXTENSIONS__ 1
| #define _ALL_SOURCE 1
| #define _GNU_SOURCE 1
| #define _POSIX_PTHREAD_SEMANTICS 1
| #define _TANDEM_SOURCE 1
| #define CXX_HAS_STD_ISNAN /**/
| #define HAVE_DLFCN_H 1
| #define LT_OBJDIR ".libs/"
| #define HAVE_PYTHON_H 1
| #define STDC_HEADERS 1
| #define TIME_WITH_SYS_TIME 1
| #define HAVE_SYS_TYPES_H 1
| #define HAVE_FCNTL_H 1
| #define HAVE_GETOPT 1
| #define HAVE_USLEEP 1
| #define HAVE_GETTIMEOFDAY 1
| #define HAVE_NANOSLEEP 1
| #define HAVE_RAND 1
| #define HAVE_SRAND 1
| #define HAVE_RANDOM 1
| #define HAVE_SRANDOM 1
| #define HAVE_SLEEP 1
| #define HAVE_SIGACTION 1
| #define HAVE_STRUCT_TIMEZONE 1
| /* end confdefs.h.  */
| 
|      #if HAVE_SYS_TYPES_H
|      # include <sys/types.h>
|      #endif
|      #if TIME_WITH_SYS_TIME
|      # include <sys/time.h>
|      # include <time.h>
|      #else
|      # if HAVE_SYS_TIME_H
|      #  include <sys/time.h>
|      # else
|      #  include <time.h>
|      # endif
|      #endif
| 
| 
| int
| main ()
| {
| if (sizeof ((struct timespec)))
| 	    return 0;
|   ;
|   return 0;
| }
configure:16528: result: yes
configure:16552: checking for ssize_t
configure:16552: gcc -c -g -O2 -Wall  conftest.c >&5
configure:16552: $? = 0
configure:16552: gcc -c -g -O2 -Wall  conftest.c >&5
conftest.c: In function 'main':
conftest.c:65: error: expected expression before ')' token
configure:16552: $? = 1
configure: failed program was:
| /* confdefs.h */
| #define PACKAGE_NAME "gr-rfid-monitor"
| #define PACKAGE_TARNAME "gr-rfid-monitor"
| #define PACKAGE_VERSION "3.2.2"
| #define PACKAGE_STRING "gr-rfid-monitor 3.2.2"
| #define PACKAGE_BUGREPORT ""
| #define PACKAGE_URL ""
| #define PACKAGE "gr-rfid-monitor"
| #define VERSION "3.2.2"
| #define STDC_HEADERS 1
| #define HAVE_SYS_TYPES_H 1
| #define HAVE_SYS_STAT_H 1
| #define HAVE_STDLIB_H 1
| #define HAVE_STRING_H 1
| #define HAVE_MEMORY_H 1
| #define HAVE_STRINGS_H 1
| #define HAVE_INTTYPES_H 1
| #define HAVE_STDINT_H 1
| #define HAVE_UNISTD_H 1
| #define __EXTENSIONS__ 1
| #define _ALL_SOURCE 1
| #define _GNU_SOURCE 1
| #define _POSIX_PTHREAD_SEMANTICS 1
| #define _TANDEM_SOURCE 1
| #define CXX_HAS_STD_ISNAN /**/
| #define HAVE_DLFCN_H 1
| #define LT_OBJDIR ".libs/"
| #define HAVE_PYTHON_H 1
| #define STDC_HEADERS 1
| #define TIME_WITH_SYS_TIME 1
| #define HAVE_SYS_TYPES_H 1
| #define HAVE_FCNTL_H 1
| #define HAVE_GETOPT 1
| #define HAVE_USLEEP 1
| #define HAVE_GETTIMEOFDAY 1
| #define HAVE_NANOSLEEP 1
| #define HAVE_RAND 1
| #define HAVE_SRAND 1
| #define HAVE_RANDOM 1
| #define HAVE_SRANDOM 1
| #define HAVE_SLEEP 1
| #define HAVE_SIGACTION 1
| #define HAVE_STRUCT_TIMEZONE 1
| #define HAVE_STRUCT_TIMESPEC 1
| /* end confdefs.h.  */
| 
|      #if HAVE_SYS_TYPES_H
|      # include <sys/types.h>
|      #endif
|      #if TIME_WITH_SYS_TIME
|      # include <sys/time.h>
|      # include <time.h>
|      #else
|      # if HAVE_SYS_TIME_H
|      #  include <sys/time.h>
|      # else
|      #  include <time.h>
|      # endif
|      #endif
| 
| 
| int
| main ()
| {
| if (sizeof ((ssize_t)))
| 	    return 0;
|   ;
|   return 0;
| }
configure:16552: result: yes
configure:16581: checking for getopt
configure:16581: result: yes
configure:16581: checking for usleep
configure:16581: result: yes
configure:16581: checking for gettimeofday
configure:16581: result: yes
configure:16601: checking for Sleep
configure:16616: gcc -o conftest -g -O2 -Wall   conftest.c  >&5
conftest.c:50:24: error: windows.h: No such file or directory
conftest.c:51:37: error: winbase.h: No such file or directory
conftest.c: In function 'main':
conftest.c:56: warning: implicit declaration of function 'Sleep'
configure:16616: $? = 1
configure: failed program was:
| /* confdefs.h */
| #define PACKAGE_NAME "gr-rfid-monitor"
| #define PACKAGE_TARNAME "gr-rfid-monitor"
| #define PACKAGE_VERSION "3.2.2"
| #define PACKAGE_STRING "gr-rfid-monitor 3.2.2"
| #define PACKAGE_BUGREPORT ""
| #define PACKAGE_URL ""
| #define PACKAGE "gr-rfid-monitor"
| #define VERSION "3.2.2"
| #define STDC_HEADERS 1
| #define HAVE_SYS_TYPES_H 1
| #define HAVE_SYS_STAT_H 1
| #define HAVE_STDLIB_H 1
| #define HAVE_STRING_H 1
| #define HAVE_MEMORY_H 1
| #define HAVE_STRINGS_H 1
| #define HAVE_INTTYPES_H 1
| #define HAVE_STDINT_H 1
| #define HAVE_UNISTD_H 1
| #define __EXTENSIONS__ 1
| #define _ALL_SOURCE 1
| #define _GNU_SOURCE 1
| #define _POSIX_PTHREAD_SEMANTICS 1
| #define _TANDEM_SOURCE 1
| #define CXX_HAS_STD_ISNAN /**/
| #define HAVE_DLFCN_H 1
| #define LT_OBJDIR ".libs/"
| #define HAVE_PYTHON_H 1
| #define STDC_HEADERS 1
| #define TIME_WITH_SYS_TIME 1
| #define HAVE_SYS_TYPES_H 1
| #define HAVE_FCNTL_H 1
| #define HAVE_GETOPT 1
| #define HAVE_USLEEP 1
| #define HAVE_GETTIMEOFDAY 1
| #define HAVE_NANOSLEEP 1
| #define HAVE_RAND 1
| #define HAVE_SRAND 1
| #define HAVE_RANDOM 1
| #define HAVE_SRANDOM 1
| #define HAVE_SLEEP 1
| #define HAVE_SIGACTION 1
| #define HAVE_STRUCT_TIMEZONE 1
| #define HAVE_STRUCT_TIMESPEC 1
| #define HAVE_SSIZE_T 1
| #define HAVE_GETOPT 1
| #define HAVE_USLEEP 1
| #define HAVE_GETTIMEOFDAY 1
| /* end confdefs.h.  */
|    #include <windows.h>
|                 #include <winbase.h>
| 
| int
| main ()
| {
|  Sleep(0);
|   ;
|   return 0;
| }
configure:16623: result: no
configure:16630: checking whether mkdir accepts only one arg
configure:16647: gcc -c -g -O2 -Wall  conftest.c >&5
conftest.c: In function 'main':
conftest.c:57: error: too few arguments to function 'mkdir'
configure:16647: $? = 1
configure: failed program was:
| /* confdefs.h */
| #define PACKAGE_NAME "gr-rfid-monitor"
| #define PACKAGE_TARNAME "gr-rfid-monitor"
| #define PACKAGE_VERSION "3.2.2"
| #define PACKAGE_STRING "gr-rfid-monitor 3.2.2"
| #define PACKAGE_BUGREPORT ""
| #define PACKAGE_URL ""
| #define PACKAGE "gr-rfid-monitor"
| #define VERSION "3.2.2"
| #define STDC_HEADERS 1
| #define HAVE_SYS_TYPES_H 1
| #define HAVE_SYS_STAT_H 1
| #define HAVE_STDLIB_H 1
| #define HAVE_STRING_H 1
| #define HAVE_MEMORY_H 1
| #define HAVE_STRINGS_H 1
| #define HAVE_INTTYPES_H 1
| #define HAVE_STDINT_H 1
| #define HAVE_UNISTD_H 1
| #define __EXTENSIONS__ 1
| #define _ALL_SOURCE 1
| #define _GNU_SOURCE 1
| #define _POSIX_PTHREAD_SEMANTICS 1
| #define _TANDEM_SOURCE 1
| #define CXX_HAS_STD_ISNAN /**/
| #define HAVE_DLFCN_H 1
| #define LT_OBJDIR ".libs/"
| #define HAVE_PYTHON_H 1
| #define STDC_HEADERS 1
| #define TIME_WITH_SYS_TIME 1
| #define HAVE_SYS_TYPES_H 1
| #define HAVE_FCNTL_H 1
| #define HAVE_GETOPT 1
| #define HAVE_USLEEP 1
| #define HAVE_GETTIMEOFDAY 1
| #define HAVE_NANOSLEEP 1
| #define HAVE_RAND 1
| #define HAVE_SRAND 1
| #define HAVE_RANDOM 1
| #define HAVE_SRANDOM 1
| #define HAVE_SLEEP 1
| #define HAVE_SIGACTION 1
| #define HAVE_STRUCT_TIMEZONE 1
| #define HAVE_STRUCT_TIMESPEC 1
| #define HAVE_SSIZE_T 1
| #define HAVE_GETOPT 1
| #define HAVE_USLEEP 1
| #define HAVE_GETTIMEOFDAY 1
| /* end confdefs.h.  */
| #include <sys/types.h>
|        #include <sys/stat.h>
|        #include <fcntl.h>
| int
| main ()
| {
| 
|        mkdir("")
| 
|   ;
|   return 0;
| }
configure:16654: result: no
configure:16667: checking for xmlto
configure:16697: result: no
configure:16760: checking for pkg-config
configure:16778: found /usr/bin/pkg-config
configure:16790: result: /usr/bin/pkg-config
configure:16815: checking pkg-config is at least version 0.18
configure:16818: result: yes
configure:16829: checking for GNURADIO_CORE
configure:16837: $PKG_CONFIG --exists --print-errors "gnuradio-core >= 3"
configure:16840: $? = 0
configure:16877: $PKG_CONFIG --exists --print-errors "gnuradio-core >= 3"
configure:16880: $? = 0
configure:16897: $PKG_CONFIG --exists --print-errors "gnuradio-core >= 3"
configure:16900: $? = 0
configure:16967: result: yes
configure:17117: creating ./config.status

## ---------------- ##
## Cache variables. ##
## ---------------- ##

ac_cv_build=i686-pc-linux-gnu
ac_cv_c_bigendian=no
ac_cv_c_compiler_gnu=yes
ac_cv_c_const=yes
ac_cv_c_inline=inline
ac_cv_cxx_compiler_gnu=yes
ac_cv_env_CCASFLAGS_set=
ac_cv_env_CCASFLAGS_value=
ac_cv_env_CCAS_set=
ac_cv_env_CCAS_value=
ac_cv_env_CCC_set=
ac_cv_env_CCC_value=
ac_cv_env_CC_set=
ac_cv_env_CC_value=
ac_cv_env_CFLAGS_set=
ac_cv_env_CFLAGS_value=
ac_cv_env_CPPFLAGS_set=
ac_cv_env_CPPFLAGS_value=
ac_cv_env_CPP_set=
ac_cv_env_CPP_value=
ac_cv_env_CXXCPP_set=
ac_cv_env_CXXCPP_value=
ac_cv_env_CXXFLAGS_set=
ac_cv_env_CXXFLAGS_value=
ac_cv_env_CXX_set=
ac_cv_env_CXX_value=
ac_cv_env_GNURADIO_CORE_CFLAGS_set=
ac_cv_env_GNURADIO_CORE_CFLAGS_value=
ac_cv_env_GNURADIO_CORE_INCLUDEDIR_set=
ac_cv_env_GNURADIO_CORE_INCLUDEDIR_value=
ac_cv_env_GNURADIO_CORE_LIBS_set=
ac_cv_env_GNURADIO_CORE_LIBS_value=
ac_cv_env_LDFLAGS_set=
ac_cv_env_LDFLAGS_value=
ac_cv_env_LIBS_set=
ac_cv_env_LIBS_value=
ac_cv_env_PKG_CONFIG_set=
ac_cv_env_PKG_CONFIG_value=
ac_cv_env_build_alias_set=
ac_cv_env_build_alias_value=
ac_cv_env_host_alias_set=
ac_cv_env_host_alias_value=
ac_cv_env_target_alias_set=
ac_cv_env_target_alias_value=
ac_cv_func_getopt=yes
ac_cv_func_gettimeofday=yes
ac_cv_func_nanosleep=yes
ac_cv_func_rand=yes
ac_cv_func_random=yes
ac_cv_func_sigaction=yes
ac_cv_func_sleep=yes
ac_cv_func_srand=yes
ac_cv_func_srandom=yes
ac_cv_func_usleep=yes
ac_cv_header_Python_h=yes
ac_cv_header_dlfcn_h=yes
ac_cv_header_fcntl_h=yes
ac_cv_header_inttypes_h=yes
ac_cv_header_io_h=no
ac_cv_header_memory_h=yes
ac_cv_header_minix_config_h=no
ac_cv_header_stdc=yes
ac_cv_header_stdint_h=yes
ac_cv_header_stdlib_h=yes
ac_cv_header_string_h=yes
ac_cv_header_strings_h=yes
ac_cv_header_sys_stat_h=yes
ac_cv_header_sys_types_h=yes
ac_cv_header_time=yes
ac_cv_header_unistd_h=yes
ac_cv_header_winbase_h=no
ac_cv_header_windows_h=no
ac_cv_header_winioctl_h=no
ac_cv_host=i686-pc-linux-gnu
ac_cv_objext=o
ac_cv_path_EGREP='/bin/grep -E'
ac_cv_path_FGREP='/bin/grep -F'
ac_cv_path_GREP=/bin/grep
ac_cv_path_PYTHON=/usr/bin/python
ac_cv_path_RM_PROG=/bin/rm
ac_cv_path_SED=/bin/sed
ac_cv_path_ac_pt_PKG_CONFIG=/usr/bin/pkg-config
ac_cv_path_install='/usr/bin/install -c'
ac_cv_path_mkdir=/bin/mkdir
ac_cv_prog_AWK=gawk
ac_cv_prog_CPP='gcc -E'
ac_cv_prog_CXXCPP='g++ -E'
ac_cv_prog_SWIG=/usr/bin/swig
ac_cv_prog_ac_ct_AR=ar
ac_cv_prog_ac_ct_CC=gcc
ac_cv_prog_ac_ct_CXX=g++
ac_cv_prog_ac_ct_OBJDUMP=objdump
ac_cv_prog_ac_ct_RANLIB=ranlib
ac_cv_prog_ac_ct_STRIP=strip
ac_cv_prog_cc_c89=
ac_cv_prog_cc_g=yes
ac_cv_prog_cxx_g=yes
ac_cv_prog_make_make_set=yes
ac_cv_safe_to_define___extensions__=yes
ac_cv_search_strerror='none required'
ac_cv_target=i686-pc-linux-gnu
ac_cv_type_size_t=yes
ac_cv_type_ssize_t=yes
ac_cv_type_struct_timespec=yes
ac_cv_type_struct_timezone=yes
am_cv_CCAS_dependencies_compiler_type=gcc3
am_cv_CC_dependencies_compiler_type=gcc3
am_cv_CXX_dependencies_compiler_type=gcc3
am_cv_python_platform=linux2
am_cv_python_pyexecdir='${exec_prefix}/lib/python2.6/dist-packages'
am_cv_python_pythondir='${prefix}/lib/python2.6/dist-packages'
am_cv_python_version=2.6
lt_cv_deplibs_check_method=pass_all
lt_cv_file_magic_cmd='$MAGIC_CMD'
lt_cv_file_magic_test_file=
lt_cv_ld_reload_flag=-r
lt_cv_nm_interface='BSD nm'
lt_cv_objdir=.libs
lt_cv_path_LD=/usr/bin/ld
lt_cv_path_LDCXX=/usr/bin/ld
lt_cv_path_NM='/usr/bin/nm -B'
lt_cv_prog_compiler_c_o=yes
lt_cv_prog_compiler_c_o_CXX=yes
lt_cv_prog_compiler_pic_works=yes
lt_cv_prog_compiler_pic_works_CXX=yes
lt_cv_prog_compiler_rtti_exceptions=no
lt_cv_prog_compiler_static_works=yes
lt_cv_prog_compiler_static_works_CXX=yes
lt_cv_prog_gnu_ld=yes
lt_cv_prog_gnu_ldcxx=yes
lt_cv_sys_global_symbol_pipe='sed -n -e '\''s/^.*[	 ]\([ABCDGIRSTW][ABCDGIRSTW]*\)[	 ][	 ]*\([_A-Za-z][_A-Za-z0-9]*\)$/\1 \2 \2/p'\'''
lt_cv_sys_global_symbol_to_c_name_address='sed -n -e '\''s/^: \([^ ]*\) $/  {\"\1\", (void *) 0},/p'\'' -e '\''s/^[ABCDGIRSTW]* \([^ ]*\) \([^ ]*\)$/  {"\2", (void *) \&\2},/p'\'''
lt_cv_sys_global_symbol_to_c_name_address_lib_prefix='sed -n -e '\''s/^: \([^ ]*\) $/  {\"\1\", (void *) 0},/p'\'' -e '\''s/^[ABCDGIRSTW]* \([^ ]*\) \(lib[^ ]*\)$/  {"\2", (void *) \&\2},/p'\'' -e '\''s/^[ABCDGIRSTW]* \([^ ]*\) \([^ ]*\)$/  {"lib\2", (void *) \&\2},/p'\'''
lt_cv_sys_global_symbol_to_cdecl='sed -n -e '\''s/^T .* \(.*\)$/extern int \1();/p'\'' -e '\''s/^[ABCDGIRSTW]* .* \(.*\)$/extern char \1;/p'\'''
lt_cv_sys_max_cmd_len=805306365
pkg_cv_GNURADIO_CORE_CFLAGS='-pthread -I/usr/local/include/gnuradio -I/usr/local/include  '
pkg_cv_GNURADIO_CORE_CPPFLAGS=' -I/usr/local/include/gnuradio -I/usr/local/include'
pkg_cv_GNURADIO_CORE_INCLUDEDIR=/usr/local/include/gnuradio
pkg_cv_GNURADIO_CORE_LIBS='-L/usr/local/lib -lboost_thread-mt -lboost_date_time-mt -lgnuradio-core -lgruel -lfftw3f -lgsl -lgslcblas -lm  '

## ----------------- ##
## Output variables. ##
## ----------------- ##

ACLOCAL='${SHELL} /home/angelo/Scrivania/ucla_zigbee/missing --run aclocal-1.11'
AMDEPBACKSLASH='\'
AMDEP_FALSE='#'
AMDEP_TRUE=''
AMTAR='${SHELL} /home/angelo/Scrivania/ucla_zigbee/missing --run tar'
AR='ar'
AS='as'
AUTOCONF='${SHELL} /home/angelo/Scrivania/ucla_zigbee/missing --run autoconf'
AUTOHEADER='${SHELL} /home/angelo/Scrivania/ucla_zigbee/missing --run autoheader'
AUTOMAKE='${SHELL} /home/angelo/Scrivania/ucla_zigbee/missing --run automake-1.11'
AWK='gawk'
CC='gcc'
CCAS='gcc'
CCASDEPMODE='depmode=gcc3'
CCASFLAGS='-g -O2 -Wall'
CCDEPMODE='depmode=gcc3'
CFLAGS='-g -O2 -Wall'
CPP='gcc -E'
CPPFLAGS=''
CXX='g++'
CXXCPP='g++ -E'
CXXDEPMODE='depmode=gcc3'
CXXFLAGS='-g -O2 -Wall -Woverloaded-virtual'
CYGPATH_W='echo'
DEFS='-DHAVE_CONFIG_H'
DEPDIR='.deps'
DLLTOOL='dlltool'
DSYMUTIL=''
DUMPBIN=''
ECHO_C=''
ECHO_N='-n'
ECHO_T=''
EGREP='/bin/grep -E'
EXEEXT=''
FGREP='/bin/grep -F'
GNURADIO_CORE_CFLAGS='-pthread -I/usr/local/include/gnuradio -I/usr/local/include  '
GNURADIO_CORE_CPPFLAGS=' -I/usr/local/include/gnuradio -I/usr/local/include'
GNURADIO_CORE_INCLUDEDIR='/usr/local/include/gnuradio'
GNURADIO_CORE_LIBS='-L/usr/local/lib -lboost_thread-mt -lboost_date_time-mt -lgnuradio-core -lgruel -lfftw3f -lgsl -lgslcblas -lm  '
GREP='/bin/grep'
HAS_XMLTO_FALSE=''
HAS_XMLTO_TRUE='#'
INSTALL_DATA='${INSTALL} -m 644'
INSTALL_PROGRAM='${INSTALL}'
INSTALL_SCRIPT='${INSTALL}'
INSTALL_STRIP_PROGRAM='$(install_sh) -c -s'
LD='/usr/bin/ld'
LDFLAGS=''
LIBOBJS=''
LIBS=' -L/usr/local/lib -lboost_thread-mt -lboost_date_time-mt -lgnuradio-core -lgruel -lfftw3f -lgsl -lgslcblas -lm  '
LIBTOOL='$(SHELL) $(top_builddir)/libtool'
LIPO=''
LN_S='ln -s'
LTLIBOBJS=''
MAKEINFO='${SHELL} /home/angelo/Scrivania/ucla_zigbee/missing --run makeinfo'
MKDIR_P='/bin/mkdir -p'
NM='/usr/bin/nm -B'
NMEDIT=''
NO_UNDEFINED=''
OBJDUMP='objdump'
OBJEXT='o'
OTOOL64=''
OTOOL=''
PACKAGE='gr-rfid-monitor'
PACKAGE_BUGREPORT=''
PACKAGE_NAME='gr-rfid-monitor'
PACKAGE_STRING='gr-rfid-monitor 3.2.2'
PACKAGE_TARNAME='gr-rfid-monitor'
PACKAGE_URL=''
PACKAGE_VERSION='3.2.2'
PATH_SEPARATOR=':'
PKG_CONFIG='/usr/bin/pkg-config'
PYTHON='/usr/bin/python'
PYTHON_CPPFLAGS='-I/usr/include/python2.6'
PYTHON_EXEC_PREFIX='${exec_prefix}'
PYTHON_LDFLAGS=''
PYTHON_PLATFORM='linux2'
PYTHON_PREFIX='${prefix}'
PYTHON_VERSION='2.6'
RANLIB='ranlib'
RM_PROG='/bin/rm'
SED='/bin/sed'
SET_MAKE=''
SHELL='/bin/bash'
STRIP='strip'
SWIG='/usr/bin/swig -c++'
SWIG_PYTHON_CPPFLAGS='-I/usr/include/python2.6'
SWIG_PYTHON_LIB='-lswigpy'
SWIG_PYTHON_OPT='-python'
VERSION='3.2.2'
XMLTO=''
ac_ct_CC='gcc'
ac_ct_CXX='g++'
ac_ct_DUMPBIN=''
am__EXEEXT_FALSE=''
am__EXEEXT_TRUE='#'
am__fastdepCCAS_FALSE='#'
am__fastdepCCAS_TRUE=''
am__fastdepCC_FALSE='#'
am__fastdepCC_TRUE=''
am__fastdepCXX_FALSE='#'
am__fastdepCXX_TRUE=''
am__include='include'
am__isrc=''
am__leading_dot='.'
am__quote=''
am__tar='${AMTAR} chof - "$$tardir"'
am__untar='${AMTAR} xf -'
autoconf_default_CXXFLAGS='-g -O2'
bindir='${exec_prefix}/bin'
build='i686-pc-linux-gnu'
build_alias=''
build_cpu='i686'
build_os='linux-gnu'
build_vendor='pc'
datadir='${datarootdir}'
datarootdir='${prefix}/share'
docdir='${datarootdir}/doc/${PACKAGE_TARNAME}'
dvidir='${docdir}'
exec_prefix='${prefix}'
gr_libdir_suffix=''
host='i686-pc-linux-gnu'
host_alias=''
host_cpu='i686'
host_os='linux-gnu'
host_vendor='pc'
htmldir='${docdir}'
includedir='${prefix}/include'
infodir='${datarootdir}/info'
install_sh='${SHELL} /home/angelo/Scrivania/ucla_zigbee/install-sh'
libdir='${exec_prefix}/lib'
libexecdir='${exec_prefix}/libexec'
localedir='${datarootdir}/locale'
localstatedir='${prefix}/var'
lt_ECHO='echo'
mandir='${datarootdir}/man'
mkdir_p='/bin/mkdir -p'
oldincludedir='/usr/include'
pdfdir='${docdir}'
pkgpyexecdir='${pyexecdir}/gr-rfid-monitor'
pkgpythondir='${pythondir}/gr-rfid-monitor'
prefix='/usr/local'
program_transform_name='s,x,x,'
psdir='${docdir}'
pyexecdir='${exec_prefix}/lib/python2.6/dist-packages'
pythondir='${prefix}/lib/python2.6/dist-packages'
sbindir='${exec_prefix}/sbin'
sharedstatedir='${prefix}/com'
swig_CXXFLAGS='-g -O1 -Wno-strict-aliasing -Wno-parentheses'
sysconfdir='${prefix}/etc'
target='i686-pc-linux-gnu'
target_alias=''
target_cpu='i686'
target_os='linux-gnu'
target_vendor='pc'

## ----------- ##
## confdefs.h. ##
## ----------- ##

/* confdefs.h */
#define PACKAGE_NAME "gr-rfid-monitor"
#define PACKAGE_TARNAME "gr-rfid-monitor"
#define PACKAGE_VERSION "3.2.2"
#define PACKAGE_STRING "gr-rfid-monitor 3.2.2"
#define PACKAGE_BUGREPORT ""
#define PACKAGE_URL ""
#define PACKAGE "gr-rfid-monitor"
#define VERSION "3.2.2"
#define STDC_HEADERS 1
#define HAVE_SYS_TYPES_H 1
#define HAVE_SYS_STAT_H 1
#define HAVE_STDLIB_H 1
#define HAVE_STRING_H 1
#define HAVE_MEMORY_H 1
#define HAVE_STRINGS_H 1
#define HAVE_INTTYPES_H 1
#define HAVE_STDINT_H 1
#define HAVE_UNISTD_H 1
#define __EXTENSIONS__ 1
#define _ALL_SOURCE 1
#define _GNU_SOURCE 1
#define _POSIX_PTHREAD_SEMANTICS 1
#define _TANDEM_SOURCE 1
#define CXX_HAS_STD_ISNAN /**/
#define HAVE_DLFCN_H 1
#define LT_OBJDIR ".libs/"
#define HAVE_PYTHON_H 1
#define STDC_HEADERS 1
#define TIME_WITH_SYS_TIME 1
#define HAVE_SYS_TYPES_H 1
#define HAVE_FCNTL_H 1
#define HAVE_GETOPT 1
#define HAVE_USLEEP 1
#define HAVE_GETTIMEOFDAY 1
#define HAVE_NANOSLEEP 1
#define HAVE_RAND 1
#define HAVE_SRAND 1
#define HAVE_RANDOM 1
#define HAVE_SRANDOM 1
#define HAVE_SLEEP 1
#define HAVE_SIGACTION 1
#define HAVE_STRUCT_TIMEZONE 1
#define HAVE_STRUCT_TIMESPEC 1
#define HAVE_SSIZE_T 1
#define HAVE_GETOPT 1
#define HAVE_USLEEP 1
#define HAVE_GETTIMEOFDAY 1

configure: exit 0

## ---------------------- ##
## Running config.status. ##
## ---------------------- ##

This file was extended by gr-rfid-monitor config.status 3.2.2, which was
generated by GNU Autoconf 2.65.  Invocation command line was

  CONFIG_FILES    = 
  CONFIG_HEADERS  = 
  CONFIG_LINKS    = 
  CONFIG_COMMANDS = 
  $ ./config.status 

on angelo

config.status:1197: creating Makefile
config.status:1197: creating config/Makefile
config.status:1197: creating doc/Makefile
config.status:1197: creating src/Makefile
config.status:1197: creating src/lib/Makefile
config.status:1197: creating src/python/Makefile
config.status:1197: creating config.h
config.status:1369: config.h is unchanged
config.status:1417: executing depfiles commands
config.status:1417: executing libtool commands

## ---------------------- ##
## Running config.status. ##
## ---------------------- ##

This file was extended by gr-rfid-monitor config.status 3.2.2, which was
generated by GNU Autoconf 2.65.  Invocation command line was

  CONFIG_FILES    = 
  CONFIG_HEADERS  = 
  CONFIG_LINKS    = 
  CONFIG_COMMANDS = 
  $ ./config.status config.h

on angelo

config.status:1197: creating config.h
config.status:1369: config.h is unchanged
